2025/12/22 09:36:49 Starting exchange-clearing...
2025/12/22 09:36:49 Connected to PostgreSQL
2025/12/22 09:36:49 Connected to Redis
2025/12/22 09:36:49 HTTP server listening on :8083
2025/12/22 09:36:49 Consuming events from exchange:events
2025/12/22 09:36:59 Read stream error: read tcp [::1]:52786->[::1]:6379: i/o timeout
2025/12/22 09:37:09 Read stream error: read tcp [::1]:52845->[::1]:6379: i/o timeout
2025/12/22 09:37:19 Read stream error: read tcp [::1]:52863->[::1]:6379: i/o timeout
2025/12/22 09:37:29 Read stream error: read tcp [::1]:52892->[::1]:6379: i/o timeout
2025/12/22 09:37:39 Read stream error: read tcp [::1]:52930->[::1]:6379: i/o timeout
2025/12/22 09:37:49 Read stream error: read tcp [::1]:52955->[::1]:6379: i/o timeout
2025/12/22 09:37:59 Read stream error: read tcp [::1]:52987->[::1]:6379: i/o timeout
2025/12/22 09:38:09 Read stream error: read tcp [::1]:53011->[::1]:6379: i/o timeout
2025/12/22 09:38:19 Read stream error: read tcp [::1]:53040->[::1]:6379: i/o timeout
2025/12/22 09:38:29 Read stream error: read tcp [::1]:53057->[::1]:6379: i/o timeout
2025/12/22 09:38:39 Read stream error: read tcp [::1]:53099->[::1]:6379: i/o timeout
2025/12/22 09:38:49 Read stream error: read tcp [::1]:53123->[::1]:6379: i/o timeout
2025/12/22 09:38:59 Read stream error: read tcp [::1]:53151->[::1]:6379: i/o timeout
2025/12/22 09:39:09 Read stream error: read tcp [::1]:53176->[::1]:6379: i/o timeout
2025/12/22 09:39:19 Read stream error: read tcp [::1]:53203->[::1]:6379: i/o timeout
2025/12/22 09:39:29 Read stream error: read tcp [::1]:53233->[::1]:6379: i/o timeout
2025/12/22 09:39:39 Read stream error: read tcp [::1]:53262->[::1]:6379: i/o timeout
2025/12/22 09:39:49 Read stream error: read tcp [::1]:53287->[::1]:6379: i/o timeout
2025/12/22 09:39:59 Read stream error: read tcp [::1]:53316->[::1]:6379: i/o timeout
2025/12/22 09:40:09 Read stream error: read tcp [::1]:53337->[::1]:6379: i/o timeout
2025/12/22 09:40:19 Read stream error: read tcp [::1]:53400->[::1]:6379: i/o timeout
2025/12/22 09:40:29 Read stream error: read tcp [::1]:53437->[::1]:6379: i/o timeout
2025/12/22 09:40:39 Read stream error: read tcp [::1]:53476->[::1]:6379: i/o timeout
2025/12/22 09:40:49 Read stream error: read tcp [::1]:53489->[::1]:6379: i/o timeout
2025/12/22 09:40:59 Read stream error: read tcp [::1]:53507->[::1]:6379: i/o timeout
2025/12/22 09:41:09 Read stream error: read tcp [::1]:53544->[::1]:6379: i/o timeout
2025/12/22 09:41:19 Read stream error: read tcp [::1]:53571->[::1]:6379: i/o timeout
2025/12/22 09:41:29 Read stream error: read tcp [::1]:53591->[::1]:6379: i/o timeout
2025/12/22 09:41:39 Read stream error: read tcp [::1]:53613->[::1]:6379: i/o timeout
2025/12/22 09:41:49 Read stream error: read tcp [::1]:53628->[::1]:6379: i/o timeout
2025/12/22 09:41:59 Read stream error: read tcp [::1]:53643->[::1]:6379: i/o timeout
2025/12/22 09:42:09 Read stream error: read tcp [::1]:53666->[::1]:6379: i/o timeout
2025/12/22 09:42:19 Read stream error: read tcp [::1]:53692->[::1]:6379: i/o timeout
2025/12/22 09:42:29 Read stream error: read tcp [::1]:53713->[::1]:6379: i/o timeout
2025/12/22 09:42:39 Read stream error: read tcp [::1]:53734->[::1]:6379: i/o timeout
2025/12/22 09:42:49 Read stream error: read tcp [::1]:53755->[::1]:6379: i/o timeout
2025/12/22 09:42:59 Read stream error: read tcp [::1]:53773->[::1]:6379: i/o timeout
2025/12/22 09:43:09 Read stream error: read tcp [::1]:53804->[::1]:6379: i/o timeout
2025/12/22 09:43:19 Read stream error: read tcp [::1]:53833->[::1]:6379: i/o timeout
2025/12/22 09:43:30 Read stream error: read tcp [::1]:53858->[::1]:6379: i/o timeout
2025/12/22 09:43:44 Read stream error: read tcp [::1]:53879->[::1]:6379: i/o timeout
2025/12/22 09:44:00 Read stream error: read tcp [::1]:53915->[::1]:6379: i/o timeout
2025/12/22 09:44:10 Read stream error: read tcp [::1]:53965->[::1]:6379: i/o timeout
2025/12/22 09:44:20 Read stream error: read tcp [::1]:54002->[::1]:6379: i/o timeout
2025/12/22 09:44:30 Read stream error: read tcp [::1]:54026->[::1]:6379: i/o timeout
2025/12/22 09:44:40 Read stream error: read tcp [::1]:54049->[::1]:6379: i/o timeout
2025/12/22 09:44:50 Read stream error: read tcp [::1]:54076->[::1]:6379: i/o timeout
2025/12/22 09:45:00 Read stream error: read tcp [::1]:54109->[::1]:6379: i/o timeout
2025/12/22 09:45:11 Read stream error: read tcp [::1]:54136->[::1]:6379: i/o timeout
2025/12/22 09:45:21 Read stream error: read tcp [::1]:54169->[::1]:6379: i/o timeout
2025/12/22 09:45:31 Read stream error: read tcp [::1]:54193->[::1]:6379: i/o timeout
2025/12/22 09:45:41 Read stream error: read tcp [::1]:54227->[::1]:6379: i/o timeout
2025/12/22 09:45:51 Read stream error: read tcp [::1]:54244->[::1]:6379: i/o timeout
2025/12/22 09:46:01 Read stream error: read tcp [::1]:54269->[::1]:6379: i/o timeout
2025/12/22 09:46:11 Read stream error: read tcp [::1]:54303->[::1]:6379: i/o timeout
2025/12/22 09:46:21 Read stream error: read tcp [::1]:54343->[::1]:6379: i/o timeout
2025/12/22 09:46:31 Read stream error: read tcp [::1]:54368->[::1]:6379: i/o timeout
2025/12/22 09:46:41 Read stream error: read tcp [::1]:54407->[::1]:6379: i/o timeout
2025/12/22 09:46:51 Read stream error: read tcp [::1]:54432->[::1]:6379: i/o timeout
2025/12/22 09:47:01 Read stream error: read tcp [::1]:54473->[::1]:6379: i/o timeout
2025/12/22 09:47:11 Read stream error: read tcp [::1]:54501->[::1]:6379: i/o timeout
2025/12/22 09:47:21 Read stream error: read tcp [::1]:54516->[::1]:6379: i/o timeout
2025/12/22 09:47:31 Read stream error: read tcp [::1]:54534->[::1]:6379: i/o timeout
2025/12/22 09:47:41 Read stream error: read tcp [::1]:54566->[::1]:6379: i/o timeout
2025/12/22 09:47:51 Read stream error: read tcp [::1]:54590->[::1]:6379: i/o timeout
2025/12/22 09:48:01 Read stream error: read tcp [::1]:54615->[::1]:6379: i/o timeout
2025/12/22 09:48:11 Read stream error: read tcp [::1]:54628->[::1]:6379: i/o timeout
2025/12/22 09:48:21 Read stream error: read tcp [::1]:54639->[::1]:6379: i/o timeout
2025/12/22 09:48:31 Read stream error: read tcp [::1]:54664->[::1]:6379: i/o timeout
2025/12/22 09:48:41 Read stream error: read tcp [::1]:54682->[::1]:6379: i/o timeout
2025/12/22 09:48:51 Read stream error: read tcp [::1]:54713->[::1]:6379: i/o timeout
2025/12/22 09:49:01 Read stream error: read tcp [::1]:54739->[::1]:6379: i/o timeout
2025/12/22 09:49:11 Read stream error: read tcp [::1]:54768->[::1]:6379: i/o timeout
2025/12/22 09:49:21 Read stream error: read tcp [::1]:54784->[::1]:6379: i/o timeout
2025/12/22 09:49:31 Read stream error: read tcp [::1]:54798->[::1]:6379: i/o timeout
2025/12/22 09:49:41 Read stream error: read tcp [::1]:54812->[::1]:6379: i/o timeout
2025/12/22 09:49:51 Read stream error: read tcp [::1]:54824->[::1]:6379: i/o timeout
2025/12/22 09:50:01 Read stream error: read tcp [::1]:54838->[::1]:6379: i/o timeout
2025/12/22 09:50:11 Read stream error: read tcp [::1]:54854->[::1]:6379: i/o timeout
2025/12/22 09:50:21 Read stream error: read tcp [::1]:54885->[::1]:6379: i/o timeout
2025/12/22 09:50:31 Read stream error: read tcp [::1]:54911->[::1]:6379: i/o timeout
2025/12/22 09:50:41 Read stream error: read tcp [::1]:54929->[::1]:6379: i/o timeout
2025/12/22 09:50:51 Read stream error: read tcp [::1]:54947->[::1]:6379: i/o timeout
2025/12/22 09:51:01 Read stream error: read tcp [::1]:54988->[::1]:6379: i/o timeout
2025/12/22 09:51:11 Read stream error: read tcp [::1]:55017->[::1]:6379: i/o timeout
2025/12/22 09:51:21 Read stream error: read tcp [::1]:55039->[::1]:6379: i/o timeout
2025/12/22 09:51:31 Read stream error: read tcp [::1]:55066->[::1]:6379: i/o timeout
2025/12/22 09:51:41 Read stream error: read tcp [::1]:55087->[::1]:6379: i/o timeout
2025/12/22 09:51:51 Read stream error: read tcp [::1]:55095->[::1]:6379: i/o timeout
2025/12/22 09:52:01 Read stream error: read tcp [::1]:55106->[::1]:6379: i/o timeout
2025/12/22 09:52:11 Read stream error: read tcp [::1]:55128->[::1]:6379: i/o timeout
2025/12/22 09:52:21 Read stream error: read tcp [::1]:55151->[::1]:6379: i/o timeout
2025/12/22 09:52:31 Read stream error: read tcp [::1]:55169->[::1]:6379: i/o timeout
2025/12/22 09:52:41 Read stream error: read tcp [::1]:55185->[::1]:6379: i/o timeout
2025/12/22 09:52:51 Read stream error: read tcp [::1]:55208->[::1]:6379: i/o timeout
2025/12/22 09:53:01 Read stream error: read tcp [::1]:55221->[::1]:6379: i/o timeout
2025/12/22 09:53:11 Read stream error: read tcp [::1]:55233->[::1]:6379: i/o timeout
2025/12/22 09:53:21 Read stream error: read tcp [::1]:55243->[::1]:6379: i/o timeout
2025/12/22 09:53:31 Read stream error: read tcp [::1]:55257->[::1]:6379: i/o timeout
2025/12/22 09:53:41 Read stream error: read tcp [::1]:55271->[::1]:6379: i/o timeout
2025/12/22 09:53:51 Read stream error: read tcp [::1]:55280->[::1]:6379: i/o timeout
2025/12/22 09:54:01 Read stream error: read tcp [::1]:55301->[::1]:6379: i/o timeout
2025/12/22 09:54:11 Read stream error: read tcp [::1]:55312->[::1]:6379: i/o timeout
2025/12/22 09:54:21 Read stream error: read tcp [::1]:55324->[::1]:6379: i/o timeout
2025/12/22 09:54:31 Read stream error: read tcp [::1]:55337->[::1]:6379: i/o timeout
2025/12/22 09:54:41 Read stream error: read tcp [::1]:55351->[::1]:6379: i/o timeout
2025/12/22 09:54:51 Read stream error: read tcp [::1]:55359->[::1]:6379: i/o timeout
2025/12/22 09:55:01 Read stream error: read tcp [::1]:55371->[::1]:6379: i/o timeout
2025/12/22 09:55:11 Read stream error: read tcp [::1]:55388->[::1]:6379: i/o timeout
2025/12/22 09:55:21 Read stream error: read tcp [::1]:55397->[::1]:6379: i/o timeout
2025/12/22 09:55:31 Read stream error: read tcp [::1]:55421->[::1]:6379: i/o timeout
2025/12/22 09:55:41 Read stream error: read tcp [::1]:55442->[::1]:6379: i/o timeout
2025/12/22 09:55:51 Read stream error: read tcp [::1]:55452->[::1]:6379: i/o timeout
2025/12/22 09:56:01 Read stream error: read tcp [::1]:55471->[::1]:6379: i/o timeout
2025/12/22 09:56:11 Read stream error: read tcp [::1]:55494->[::1]:6379: i/o timeout
2025/12/22 09:56:21 Read stream error: read tcp [::1]:55507->[::1]:6379: i/o timeout
2025/12/22 09:56:31 Read stream error: read tcp [::1]:55536->[::1]:6379: i/o timeout
2025/12/22 09:56:41 Read stream error: read tcp [::1]:55550->[::1]:6379: i/o timeout
2025/12/22 09:56:51 Read stream error: read tcp [::1]:55571->[::1]:6379: i/o timeout
2025/12/22 09:57:01 Read stream error: read tcp [::1]:55603->[::1]:6379: i/o timeout
2025/12/22 09:57:11 Read stream error: read tcp [::1]:55626->[::1]:6379: i/o timeout
2025/12/22 09:57:21 Read stream error: read tcp [::1]:55649->[::1]:6379: i/o timeout
2025/12/22 09:57:31 Read stream error: read tcp [::1]:55675->[::1]:6379: i/o timeout
2025/12/22 09:57:41 Read stream error: read tcp [::1]:55717->[::1]:6379: i/o timeout
2025/12/22 09:57:51 Read stream error: read tcp [::1]:55746->[::1]:6379: i/o timeout
2025/12/22 09:58:01 Read stream error: read tcp [::1]:55763->[::1]:6379: i/o timeout
2025/12/22 09:58:11 Read stream error: read tcp [::1]:55805->[::1]:6379: i/o timeout
2025/12/22 09:58:21 Read stream error: read tcp [::1]:55820->[::1]:6379: i/o timeout
2025/12/22 09:58:31 Read stream error: read tcp [::1]:55831->[::1]:6379: i/o timeout
2025/12/22 09:58:41 Read stream error: read tcp [::1]:55853->[::1]:6379: i/o timeout
2025/12/22 09:58:51 Read stream error: read tcp [::1]:55881->[::1]:6379: i/o timeout
2025/12/22 09:59:01 Read stream error: read tcp [::1]:55899->[::1]:6379: i/o timeout
2025/12/22 09:59:11 Read stream error: read tcp [::1]:55932->[::1]:6379: i/o timeout
2025/12/22 09:59:21 Read stream error: read tcp [::1]:55953->[::1]:6379: i/o timeout
2025/12/22 09:59:31 Read stream error: read tcp [::1]:55973->[::1]:6379: i/o timeout
2025/12/22 09:59:41 Read stream error: read tcp [::1]:55993->[::1]:6379: i/o timeout
2025/12/22 09:59:51 Read stream error: read tcp [::1]:56017->[::1]:6379: i/o timeout
2025/12/22 10:00:01 Read stream error: read tcp [::1]:56037->[::1]:6379: i/o timeout
2025/12/22 10:00:11 Read stream error: read tcp [::1]:56058->[::1]:6379: i/o timeout
2025/12/22 10:00:21 Read stream error: read tcp [::1]:56099->[::1]:6379: i/o timeout
2025/12/22 10:00:31 Read stream error: read tcp [::1]:56112->[::1]:6379: i/o timeout
2025/12/22 10:00:41 Read stream error: read tcp [::1]:56141->[::1]:6379: i/o timeout
2025/12/22 10:00:51 Read stream error: read tcp [::1]:56160->[::1]:6379: i/o timeout
2025/12/22 10:01:01 Read stream error: read tcp [::1]:56188->[::1]:6379: i/o timeout
2025/12/22 10:01:11 Read stream error: read tcp [::1]:56209->[::1]:6379: i/o timeout
2025/12/22 10:01:21 Read stream error: read tcp [::1]:56235->[::1]:6379: i/o timeout
2025/12/22 10:01:31 Read stream error: read tcp [::1]:56259->[::1]:6379: i/o timeout
2025/12/22 10:01:41 Read stream error: read tcp [::1]:56281->[::1]:6379: i/o timeout
2025/12/22 10:01:51 Read stream error: read tcp [::1]:56306->[::1]:6379: i/o timeout
2025/12/22 10:02:01 Read stream error: read tcp [::1]:56328->[::1]:6379: i/o timeout
2025/12/22 10:02:11 Read stream error: read tcp [::1]:56347->[::1]:6379: i/o timeout
2025/12/22 10:02:21 Read stream error: read tcp [::1]:56369->[::1]:6379: i/o timeout
2025/12/22 10:02:31 Read stream error: read tcp [::1]:56388->[::1]:6379: i/o timeout
2025/12/22 10:02:41 Read stream error: read tcp [::1]:56410->[::1]:6379: i/o timeout
2025/12/22 10:02:51 Read stream error: read tcp [::1]:56441->[::1]:6379: i/o timeout
2025/12/22 10:03:01 Read stream error: read tcp [::1]:56478->[::1]:6379: i/o timeout
2025/12/22 10:03:11 Read stream error: read tcp [::1]:56509->[::1]:6379: i/o timeout
2025/12/22 10:03:21 Read stream error: read tcp [::1]:56546->[::1]:6379: i/o timeout
2025/12/22 10:03:31 Read stream error: read tcp [::1]:56564->[::1]:6379: i/o timeout
2025/12/22 10:03:41 Read stream error: read tcp [::1]:56576->[::1]:6379: i/o timeout
2025/12/22 10:03:51 Read stream error: read tcp [::1]:56590->[::1]:6379: i/o timeout
2025/12/22 10:04:01 Read stream error: read tcp [::1]:56608->[::1]:6379: i/o timeout
2025/12/22 10:04:11 Read stream error: read tcp [::1]:56620->[::1]:6379: i/o timeout
2025/12/22 10:04:21 Read stream error: read tcp [::1]:56637->[::1]:6379: i/o timeout
2025/12/22 10:04:31 Read stream error: read tcp [::1]:56692->[::1]:6379: i/o timeout
2025/12/22 10:04:41 Read stream error: read tcp [::1]:56726->[::1]:6379: i/o timeout
2025/12/22 10:04:51 Read stream error: read tcp [::1]:56750->[::1]:6379: i/o timeout
2025/12/22 10:05:01 Read stream error: read tcp [::1]:56767->[::1]:6379: i/o timeout
2025/12/22 10:05:11 Read stream error: read tcp [::1]:56800->[::1]:6379: i/o timeout
2025/12/22 10:05:21 Read stream error: read tcp [::1]:56826->[::1]:6379: i/o timeout
2025/12/22 10:05:31 Read stream error: read tcp [::1]:56849->[::1]:6379: i/o timeout
2025/12/22 10:05:41 Read stream error: read tcp [::1]:56887->[::1]:6379: i/o timeout
2025/12/22 10:05:51 Read stream error: read tcp [::1]:56913->[::1]:6379: i/o timeout
2025/12/22 10:06:01 Read stream error: read tcp [::1]:56934->[::1]:6379: i/o timeout
2025/12/22 10:06:11 Read stream error: read tcp [::1]:56968->[::1]:6379: i/o timeout
2025/12/22 10:06:21 Read stream error: read tcp [::1]:57010->[::1]:6379: i/o timeout
2025/12/22 10:06:31 Read stream error: read tcp [::1]:57029->[::1]:6379: i/o timeout
2025/12/22 10:06:41 Read stream error: read tcp [::1]:57050->[::1]:6379: i/o timeout
2025/12/22 10:06:51 Read stream error: read tcp [::1]:57070->[::1]:6379: i/o timeout
2025/12/22 10:07:01 Read stream error: read tcp [::1]:57093->[::1]:6379: i/o timeout
2025/12/22 10:07:11 Read stream error: read tcp [::1]:57112->[::1]:6379: i/o timeout
2025/12/22 10:07:21 Read stream error: read tcp [::1]:57128->[::1]:6379: i/o timeout
2025/12/22 10:07:31 Read stream error: read tcp [::1]:57161->[::1]:6379: i/o timeout
2025/12/22 10:07:41 Read stream error: read tcp [::1]:57177->[::1]:6379: i/o timeout
2025/12/22 10:07:51 Read stream error: read tcp [::1]:57193->[::1]:6379: i/o timeout
2025/12/22 10:08:01 Read stream error: read tcp [::1]:57214->[::1]:6379: i/o timeout
2025/12/22 10:08:11 Read stream error: read tcp [::1]:57244->[::1]:6379: i/o timeout
2025/12/22 10:08:21 Read stream error: read tcp [::1]:57288->[::1]:6379: i/o timeout
2025/12/22 10:08:31 Read stream error: read tcp [::1]:57312->[::1]:6379: i/o timeout
2025/12/22 10:08:41 Read stream error: read tcp [::1]:57351->[::1]:6379: i/o timeout
2025/12/22 10:08:51 Read stream error: read tcp [::1]:57375->[::1]:6379: i/o timeout
2025/12/22 10:09:01 Read stream error: read tcp [::1]:57398->[::1]:6379: i/o timeout
2025/12/22 10:09:11 Read stream error: read tcp [::1]:57427->[::1]:6379: i/o timeout
2025/12/22 10:09:21 Read stream error: read tcp [::1]:57451->[::1]:6379: i/o timeout
2025/12/22 10:09:31 Read stream error: read tcp [::1]:57472->[::1]:6379: i/o timeout
2025/12/22 10:09:41 Read stream error: read tcp [::1]:57489->[::1]:6379: i/o timeout
2025/12/22 10:09:51 Read stream error: read tcp [::1]:57505->[::1]:6379: i/o timeout
2025/12/22 10:10:01 Read stream error: read tcp [::1]:57533->[::1]:6379: i/o timeout
2025/12/22 10:10:11 Read stream error: read tcp [::1]:57554->[::1]:6379: i/o timeout
2025/12/22 10:10:21 Read stream error: read tcp [::1]:57572->[::1]:6379: i/o timeout
2025/12/22 10:10:31 Read stream error: read tcp [::1]:57586->[::1]:6379: i/o timeout
2025/12/22 10:10:41 Read stream error: read tcp [::1]:57599->[::1]:6379: i/o timeout
2025/12/22 10:10:51 Read stream error: read tcp [::1]:57619->[::1]:6379: i/o timeout
2025/12/22 10:11:01 Read stream error: read tcp [::1]:57654->[::1]:6379: i/o timeout
2025/12/22 10:11:11 Read stream error: read tcp [::1]:57673->[::1]:6379: i/o timeout
2025/12/22 10:11:21 Read stream error: read tcp [::1]:57698->[::1]:6379: i/o timeout
2025/12/22 10:11:31 Read stream error: read tcp [::1]:57717->[::1]:6379: i/o timeout
2025/12/22 10:11:41 Read stream error: read tcp [::1]:57748->[::1]:6379: i/o timeout
2025/12/22 10:11:51 Read stream error: read tcp [::1]:57763->[::1]:6379: i/o timeout
2025/12/22 10:12:01 Read stream error: read tcp [::1]:57777->[::1]:6379: i/o timeout
2025/12/22 10:12:11 Read stream error: read tcp [::1]:57789->[::1]:6379: i/o timeout
2025/12/22 10:12:21 Read stream error: read tcp [::1]:57817->[::1]:6379: i/o timeout
2025/12/22 10:12:31 Read stream error: read tcp [::1]:57852->[::1]:6379: i/o timeout
2025/12/22 10:12:41 Read stream error: read tcp [::1]:57894->[::1]:6379: i/o timeout
2025/12/22 10:12:51 Read stream error: read tcp [::1]:57918->[::1]:6379: i/o timeout
2025/12/22 10:13:01 Read stream error: read tcp [::1]:57939->[::1]:6379: i/o timeout
2025/12/22 10:13:11 Read stream error: read tcp [::1]:57960->[::1]:6379: i/o timeout
2025/12/22 10:13:21 Read stream error: read tcp [::1]:57988->[::1]:6379: i/o timeout
2025/12/22 10:13:31 Read stream error: read tcp [::1]:58030->[::1]:6379: i/o timeout
2025/12/22 10:13:41 Read stream error: read tcp [::1]:58054->[::1]:6379: i/o timeout
2025/12/22 10:13:51 Read stream error: read tcp [::1]:58086->[::1]:6379: i/o timeout
2025/12/22 10:14:01 Read stream error: read tcp [::1]:58109->[::1]:6379: i/o timeout
2025/12/22 10:14:11 Read stream error: read tcp [::1]:58139->[::1]:6379: i/o timeout
2025/12/22 10:14:21 Read stream error: read tcp [::1]:58161->[::1]:6379: i/o timeout
2025/12/22 10:14:31 Read stream error: read tcp [::1]:58172->[::1]:6379: i/o timeout
2025/12/22 10:14:41 Read stream error: read tcp [::1]:58193->[::1]:6379: i/o timeout
2025/12/22 10:14:51 Read stream error: read tcp [::1]:58212->[::1]:6379: i/o timeout
2025/12/22 10:15:01 Read stream error: read tcp [::1]:58236->[::1]:6379: i/o timeout
2025/12/22 10:15:11 Read stream error: read tcp [::1]:58253->[::1]:6379: i/o timeout
2025/12/22 10:15:21 Read stream error: read tcp [::1]:58275->[::1]:6379: i/o timeout
2025/12/22 10:15:31 Read stream error: read tcp [::1]:58285->[::1]:6379: i/o timeout
2025/12/22 10:15:41 Read stream error: read tcp [::1]:58300->[::1]:6379: i/o timeout
2025/12/22 10:15:51 Read stream error: read tcp [::1]:58321->[::1]:6379: i/o timeout
2025/12/22 10:16:01 Read stream error: read tcp [::1]:58353->[::1]:6379: i/o timeout
2025/12/22 10:16:11 Read stream error: read tcp [::1]:58382->[::1]:6379: i/o timeout
2025/12/22 10:16:21 Read stream error: read tcp [::1]:58407->[::1]:6379: i/o timeout
2025/12/22 10:16:31 Read stream error: read tcp [::1]:58425->[::1]:6379: i/o timeout
2025/12/22 10:16:41 Read stream error: read tcp [::1]:58454->[::1]:6379: i/o timeout
2025/12/22 10:16:51 Read stream error: read tcp [::1]:58485->[::1]:6379: i/o timeout
2025/12/22 10:17:01 Read stream error: read tcp [::1]:58501->[::1]:6379: i/o timeout
2025/12/22 10:17:11 Read stream error: read tcp [::1]:58514->[::1]:6379: i/o timeout
2025/12/22 10:17:21 Read stream error: read tcp [::1]:58531->[::1]:6379: i/o timeout
2025/12/22 10:17:31 Read stream error: read tcp [::1]:58545->[::1]:6379: i/o timeout
2025/12/22 10:17:41 Read stream error: read tcp [::1]:58557->[::1]:6379: i/o timeout
2025/12/22 10:17:51 Read stream error: read tcp [::1]:58578->[::1]:6379: i/o timeout
2025/12/22 10:18:01 Read stream error: read tcp [::1]:58587->[::1]:6379: i/o timeout
2025/12/22 10:18:11 Read stream error: read tcp [::1]:58597->[::1]:6379: i/o timeout
2025/12/22 10:18:22 Read stream error: read tcp [::1]:58611->[::1]:6379: i/o timeout
2025/12/22 10:18:32 Read stream error: read tcp [::1]:58629->[::1]:6379: i/o timeout
2025/12/22 10:18:42 Read stream error: read tcp [::1]:58642->[::1]:6379: i/o timeout
2025/12/22 10:18:52 Read stream error: read tcp [::1]:58675->[::1]:6379: i/o timeout
2025/12/22 10:19:02 Read stream error: read tcp [::1]:58687->[::1]:6379: i/o timeout
2025/12/22 10:19:12 Read stream error: read tcp [::1]:58707->[::1]:6379: i/o timeout
2025/12/22 10:19:22 Read stream error: read tcp [::1]:58737->[::1]:6379: i/o timeout
2025/12/22 10:19:32 Read stream error: read tcp [::1]:58750->[::1]:6379: i/o timeout
2025/12/22 10:19:42 Read stream error: read tcp [::1]:58774->[::1]:6379: i/o timeout
2025/12/22 10:19:52 Read stream error: read tcp [::1]:58788->[::1]:6379: i/o timeout
2025/12/22 10:20:02 Read stream error: read tcp [::1]:58807->[::1]:6379: i/o timeout
2025/12/22 10:20:12 Read stream error: read tcp [::1]:58839->[::1]:6379: i/o timeout
2025/12/22 10:20:22 Read stream error: read tcp [::1]:58855->[::1]:6379: i/o timeout
2025/12/22 10:20:32 Read stream error: read tcp [::1]:58874->[::1]:6379: i/o timeout
2025/12/22 10:20:42 Read stream error: read tcp [::1]:58887->[::1]:6379: i/o timeout
2025/12/22 10:20:52 Read stream error: read tcp [::1]:58910->[::1]:6379: i/o timeout
2025/12/22 10:21:02 Read stream error: read tcp [::1]:58939->[::1]:6379: i/o timeout
2025/12/22 10:21:12 Read stream error: read tcp [::1]:58955->[::1]:6379: i/o timeout
2025/12/22 10:21:22 Read stream error: read tcp [::1]:58980->[::1]:6379: i/o timeout
2025/12/22 10:21:32 Read stream error: read tcp [::1]:58995->[::1]:6379: i/o timeout
2025/12/22 10:21:42 Read stream error: read tcp [::1]:59008->[::1]:6379: i/o timeout
2025/12/22 10:21:52 Read stream error: read tcp [::1]:59022->[::1]:6379: i/o timeout
2025/12/22 10:22:02 Read stream error: read tcp [::1]:59031->[::1]:6379: i/o timeout
2025/12/22 10:22:12 Read stream error: read tcp [::1]:59042->[::1]:6379: i/o timeout
2025/12/22 10:22:22 Read stream error: read tcp [::1]:59055->[::1]:6379: i/o timeout
2025/12/22 10:22:32 Read stream error: read tcp [::1]:59072->[::1]:6379: i/o timeout
2025/12/22 10:22:42 Read stream error: read tcp [::1]:59100->[::1]:6379: i/o timeout
2025/12/22 10:22:52 Read stream error: read tcp [::1]:59116->[::1]:6379: i/o timeout
2025/12/22 10:23:02 Read stream error: read tcp [::1]:59143->[::1]:6379: i/o timeout
2025/12/22 10:23:12 Read stream error: read tcp [::1]:59168->[::1]:6379: i/o timeout
2025/12/22 10:23:22 Read stream error: read tcp [::1]:59199->[::1]:6379: i/o timeout
2025/12/22 10:23:32 Read stream error: read tcp [::1]:59218->[::1]:6379: i/o timeout
2025/12/22 10:23:42 Read stream error: read tcp [::1]:59242->[::1]:6379: i/o timeout
2025/12/22 10:23:52 Read stream error: read tcp [::1]:59266->[::1]:6379: i/o timeout
2025/12/22 10:24:02 Read stream error: read tcp [::1]:59277->[::1]:6379: i/o timeout
2025/12/22 10:24:12 Read stream error: read tcp [::1]:59296->[::1]:6379: i/o timeout
2025/12/22 10:24:22 Read stream error: read tcp [::1]:59313->[::1]:6379: i/o timeout
2025/12/22 10:24:32 Read stream error: read tcp [::1]:59324->[::1]:6379: i/o timeout
2025/12/22 10:24:42 Read stream error: read tcp [::1]:59343->[::1]:6379: i/o timeout
2025/12/22 10:24:52 Read stream error: read tcp [::1]:59360->[::1]:6379: i/o timeout
2025/12/22 10:25:02 Read stream error: read tcp [::1]:59378->[::1]:6379: i/o timeout
2025/12/22 10:25:12 Read stream error: read tcp [::1]:59405->[::1]:6379: i/o timeout
2025/12/22 10:25:22 Read stream error: read tcp [::1]:59423->[::1]:6379: i/o timeout
2025/12/22 10:25:32 Read stream error: read tcp [::1]:59435->[::1]:6379: i/o timeout
2025/12/22 10:25:42 Read stream error: read tcp [::1]:59452->[::1]:6379: i/o timeout
2025/12/22 10:25:52 Read stream error: read tcp [::1]:59482->[::1]:6379: i/o timeout
2025/12/22 10:26:02 Read stream error: read tcp [::1]:59500->[::1]:6379: i/o timeout
2025/12/22 10:26:12 Read stream error: read tcp [::1]:59526->[::1]:6379: i/o timeout
2025/12/22 10:26:22 Read stream error: read tcp [::1]:59555->[::1]:6379: i/o timeout
2025/12/22 10:26:32 Read stream error: read tcp [::1]:59572->[::1]:6379: i/o timeout
2025/12/22 10:26:42 Read stream error: read tcp [::1]:59583->[::1]:6379: i/o timeout
2025/12/22 10:26:52 Read stream error: read tcp [::1]:59596->[::1]:6379: i/o timeout
2025/12/22 10:27:02 Read stream error: read tcp [::1]:59604->[::1]:6379: i/o timeout
2025/12/22 10:27:12 Read stream error: read tcp [::1]:59618->[::1]:6379: i/o timeout
2025/12/22 10:27:22 Read stream error: read tcp [::1]:59639->[::1]:6379: i/o timeout
2025/12/22 10:27:32 Read stream error: read tcp [::1]:59648->[::1]:6379: i/o timeout
2025/12/22 10:27:42 Read stream error: read tcp [::1]:59663->[::1]:6379: i/o timeout
2025/12/22 10:27:52 Read stream error: read tcp [::1]:59676->[::1]:6379: i/o timeout
2025/12/22 10:28:02 Read stream error: read tcp [::1]:59684->[::1]:6379: i/o timeout
2025/12/22 10:28:12 Read stream error: read tcp [::1]:59706->[::1]:6379: i/o timeout
2025/12/22 10:28:22 Read stream error: read tcp [::1]:59718->[::1]:6379: i/o timeout
2025/12/22 10:28:32 Read stream error: read tcp [::1]:59739->[::1]:6379: i/o timeout
2025/12/22 10:28:42 Read stream error: read tcp [::1]:59750->[::1]:6379: i/o timeout
2025/12/22 10:28:52 Read stream error: read tcp [::1]:59774->[::1]:6379: i/o timeout
2025/12/22 10:29:02 Read stream error: read tcp [::1]:59787->[::1]:6379: i/o timeout
2025/12/22 10:29:12 Read stream error: read tcp [::1]:59803->[::1]:6379: i/o timeout
2025/12/22 10:29:22 Read stream error: read tcp [::1]:59817->[::1]:6379: i/o timeout
2025/12/22 10:29:32 Read stream error: read tcp [::1]:59846->[::1]:6379: i/o timeout
2025/12/22 10:29:42 Read stream error: read tcp [::1]:59865->[::1]:6379: i/o timeout
2025/12/22 10:29:52 Read stream error: read tcp [::1]:59886->[::1]:6379: i/o timeout
2025/12/22 10:30:02 Read stream error: read tcp [::1]:59897->[::1]:6379: i/o timeout
2025/12/22 10:30:12 Read stream error: read tcp [::1]:59919->[::1]:6379: i/o timeout
2025/12/22 10:30:22 Read stream error: read tcp [::1]:59945->[::1]:6379: i/o timeout
2025/12/22 10:30:32 Read stream error: read tcp [::1]:59957->[::1]:6379: i/o timeout
2025/12/22 10:30:42 Read stream error: read tcp [::1]:59975->[::1]:6379: i/o timeout
2025/12/22 10:30:52 Read stream error: read tcp [::1]:60047->[::1]:6379: i/o timeout
2025/12/22 10:31:02 Read stream error: read tcp [::1]:60071->[::1]:6379: i/o timeout
2025/12/22 10:31:12 Read stream error: read tcp [::1]:60085->[::1]:6379: i/o timeout
2025/12/22 10:31:22 Read stream error: read tcp [::1]:60097->[::1]:6379: i/o timeout
2025/12/22 10:31:32 Read stream error: read tcp [::1]:60114->[::1]:6379: i/o timeout
2025/12/22 10:31:42 Read stream error: read tcp [::1]:60140->[::1]:6379: i/o timeout
2025/12/22 10:31:52 Read stream error: read tcp [::1]:60172->[::1]:6379: i/o timeout
2025/12/22 10:32:02 Read stream error: read tcp [::1]:60198->[::1]:6379: i/o timeout
2025/12/22 10:32:12 Read stream error: read tcp [::1]:60234->[::1]:6379: i/o timeout
2025/12/22 10:32:22 Read stream error: read tcp [::1]:60263->[::1]:6379: i/o timeout
2025/12/22 10:32:32 Read stream error: read tcp [::1]:60311->[::1]:6379: i/o timeout
2025/12/22 10:32:42 Read stream error: read tcp [::1]:60330->[::1]:6379: i/o timeout
2025/12/22 10:32:52 Read stream error: read tcp [::1]:60359->[::1]:6379: i/o timeout
2025/12/22 10:33:02 Read stream error: read tcp [::1]:60371->[::1]:6379: i/o timeout
2025/12/22 10:33:12 Read stream error: read tcp [::1]:60392->[::1]:6379: i/o timeout
2025/12/22 10:33:22 Read stream error: read tcp [::1]:60406->[::1]:6379: i/o timeout
2025/12/22 10:33:32 Read stream error: read tcp [::1]:60434->[::1]:6379: i/o timeout
2025/12/22 10:33:42 Read stream error: read tcp [::1]:60471->[::1]:6379: i/o timeout
2025/12/22 10:33:52 Read stream error: read tcp [::1]:60523->[::1]:6379: i/o timeout
2025/12/22 10:34:02 Read stream error: read tcp [::1]:60566->[::1]:6379: i/o timeout
2025/12/22 10:34:12 Read stream error: read tcp [::1]:60596->[::1]:6379: i/o timeout
2025/12/22 10:34:22 Read stream error: read tcp [::1]:60647->[::1]:6379: i/o timeout
2025/12/22 10:34:32 Read stream error: read tcp [::1]:60681->[::1]:6379: i/o timeout
2025/12/22 10:34:42 Read stream error: read tcp [::1]:60718->[::1]:6379: i/o timeout
2025/12/22 10:34:52 Read stream error: read tcp [::1]:60759->[::1]:6379: i/o timeout
2025/12/22 10:35:02 Read stream error: read tcp [::1]:60792->[::1]:6379: i/o timeout
2025/12/22 10:35:12 Read stream error: read tcp [::1]:60858->[::1]:6379: i/o timeout
2025/12/22 10:35:22 Read stream error: read tcp [::1]:60883->[::1]:6379: i/o timeout
2025/12/22 10:35:32 Read stream error: read tcp [::1]:60919->[::1]:6379: i/o timeout
2025/12/22 10:35:42 Read stream error: read tcp [::1]:60946->[::1]:6379: i/o timeout
2025/12/22 10:35:52 Read stream error: read tcp [::1]:60986->[::1]:6379: i/o timeout
2025/12/22 10:36:02 Read stream error: read tcp [::1]:61008->[::1]:6379: i/o timeout
2025/12/22 10:36:12 Read stream error: read tcp [::1]:61037->[::1]:6379: i/o timeout
2025/12/22 10:36:22 Read stream error: read tcp [::1]:61074->[::1]:6379: i/o timeout
2025/12/22 10:36:32 Read stream error: read tcp [::1]:61095->[::1]:6379: i/o timeout
2025/12/22 10:36:42 Read stream error: read tcp [::1]:61112->[::1]:6379: i/o timeout
2025/12/22 10:36:52 Read stream error: read tcp [::1]:61151->[::1]:6379: i/o timeout
2025/12/22 10:37:02 Read stream error: read tcp [::1]:61173->[::1]:6379: i/o timeout
2025/12/22 10:37:12 Read stream error: read tcp [::1]:61192->[::1]:6379: i/o timeout
2025/12/22 10:37:22 Read stream error: read tcp [::1]:61222->[::1]:6379: i/o timeout
2025/12/22 10:37:32 Read stream error: read tcp [::1]:61240->[::1]:6379: i/o timeout
2025/12/22 10:37:42 Read stream error: read tcp [::1]:61258->[::1]:6379: i/o timeout
2025/12/22 10:37:52 Read stream error: read tcp [::1]:61297->[::1]:6379: i/o timeout
2025/12/22 10:38:02 Read stream error: read tcp [::1]:61337->[::1]:6379: i/o timeout
2025/12/22 10:38:12 Read stream error: read tcp [::1]:61365->[::1]:6379: i/o timeout
2025/12/22 10:38:22 Read stream error: read tcp [::1]:61389->[::1]:6379: i/o timeout
2025/12/22 10:38:32 Read stream error: read tcp [::1]:61416->[::1]:6379: i/o timeout
2025/12/22 10:38:42 Read stream error: read tcp [::1]:61449->[::1]:6379: i/o timeout
2025/12/22 10:38:52 Read stream error: read tcp [::1]:61496->[::1]:6379: i/o timeout
2025/12/22 10:39:02 Read stream error: read tcp [::1]:61524->[::1]:6379: i/o timeout
2025/12/22 10:39:12 Read stream error: read tcp [::1]:61554->[::1]:6379: i/o timeout
2025/12/22 10:39:22 Read stream error: read tcp [::1]:61582->[::1]:6379: i/o timeout
2025/12/22 10:39:32 Read stream error: read tcp [::1]:61611->[::1]:6379: i/o timeout
2025/12/22 10:39:42 Read stream error: read tcp [::1]:61641->[::1]:6379: i/o timeout
2025/12/22 10:39:52 Read stream error: read tcp [::1]:61663->[::1]:6379: i/o timeout
2025/12/22 10:40:02 Read stream error: read tcp [::1]:61685->[::1]:6379: i/o timeout
2025/12/22 10:40:12 Read stream error: read tcp [::1]:61709->[::1]:6379: i/o timeout
2025/12/22 10:40:22 Read stream error: read tcp [::1]:61744->[::1]:6379: i/o timeout
2025/12/22 10:40:32 Read stream error: read tcp [::1]:61764->[::1]:6379: i/o timeout
2025/12/22 10:40:42 Read stream error: read tcp [::1]:61788->[::1]:6379: i/o timeout
2025/12/22 10:40:52 Read stream error: read tcp [::1]:61818->[::1]:6379: i/o timeout
2025/12/22 10:41:02 Read stream error: read tcp [::1]:61850->[::1]:6379: i/o timeout
2025/12/22 10:41:12 Read stream error: read tcp [::1]:61869->[::1]:6379: i/o timeout
2025/12/22 10:41:22 Read stream error: read tcp [::1]:61892->[::1]:6379: i/o timeout
2025/12/22 10:41:32 Read stream error: read tcp [::1]:61907->[::1]:6379: i/o timeout
2025/12/22 10:41:42 Read stream error: read tcp [::1]:61930->[::1]:6379: i/o timeout
2025/12/22 10:41:52 Read stream error: read tcp [::1]:61958->[::1]:6379: i/o timeout
2025/12/22 10:42:02 Read stream error: read tcp [::1]:61971->[::1]:6379: i/o timeout
2025/12/22 10:42:12 Read stream error: read tcp [::1]:61991->[::1]:6379: i/o timeout
2025/12/22 10:42:22 Read stream error: read tcp [::1]:62009->[::1]:6379: i/o timeout
2025/12/22 10:42:32 Read stream error: read tcp [::1]:62019->[::1]:6379: i/o timeout
2025/12/22 10:42:42 Read stream error: read tcp [::1]:62036->[::1]:6379: i/o timeout
2025/12/22 10:42:52 Read stream error: read tcp [::1]:62063->[::1]:6379: i/o timeout
2025/12/22 10:43:02 Read stream error: read tcp [::1]:62086->[::1]:6379: i/o timeout
2025/12/22 10:43:12 Read stream error: read tcp [::1]:62120->[::1]:6379: i/o timeout
2025/12/22 10:43:22 Read stream error: read tcp [::1]:62138->[::1]:6379: i/o timeout
2025/12/22 10:43:32 Read stream error: read tcp [::1]:62169->[::1]:6379: i/o timeout
2025/12/22 10:43:42 Read stream error: read tcp [::1]:62200->[::1]:6379: i/o timeout
2025/12/22 10:43:52 Read stream error: read tcp [::1]:62235->[::1]:6379: i/o timeout
2025/12/22 10:44:02 Read stream error: read tcp [::1]:62259->[::1]:6379: i/o timeout
2025/12/22 10:44:12 Read stream error: read tcp [::1]:62279->[::1]:6379: i/o timeout
2025/12/22 10:44:22 Read stream error: read tcp [::1]:62294->[::1]:6379: i/o timeout
2025/12/22 10:44:32 Read stream error: read tcp [::1]:62303->[::1]:6379: i/o timeout
2025/12/22 10:44:42 Read stream error: read tcp [::1]:62326->[::1]:6379: i/o timeout
2025/12/22 10:44:52 Read stream error: read tcp [::1]:62349->[::1]:6379: i/o timeout
2025/12/22 10:45:02 Read stream error: read tcp [::1]:62364->[::1]:6379: i/o timeout
2025/12/22 10:45:12 Read stream error: read tcp [::1]:62378->[::1]:6379: i/o timeout
2025/12/22 10:45:22 Read stream error: read tcp [::1]:62396->[::1]:6379: i/o timeout
2025/12/22 10:45:32 Read stream error: read tcp [::1]:62419->[::1]:6379: i/o timeout
2025/12/22 10:45:42 Read stream error: read tcp [::1]:62439->[::1]:6379: i/o timeout
2025/12/22 10:45:52 Read stream error: read tcp [::1]:62461->[::1]:6379: i/o timeout
2025/12/22 10:46:02 Read stream error: read tcp [::1]:62482->[::1]:6379: i/o timeout
2025/12/22 10:46:12 Read stream error: read tcp [::1]:62495->[::1]:6379: i/o timeout
2025/12/22 10:46:22 Read stream error: read tcp [::1]:62532->[::1]:6379: i/o timeout
2025/12/22 10:46:32 Read stream error: read tcp [::1]:62551->[::1]:6379: i/o timeout
2025/12/22 10:46:42 Read stream error: read tcp [::1]:62577->[::1]:6379: i/o timeout
2025/12/22 10:46:52 Read stream error: read tcp [::1]:62601->[::1]:6379: i/o timeout
2025/12/22 10:47:02 Read stream error: read tcp [::1]:62623->[::1]:6379: i/o timeout
2025/12/22 10:47:12 Read stream error: read tcp [::1]:62644->[::1]:6379: i/o timeout
2025/12/22 10:47:22 Read stream error: read tcp [::1]:62663->[::1]:6379: i/o timeout
2025/12/22 10:47:32 Read stream error: read tcp [::1]:62685->[::1]:6379: i/o timeout
2025/12/22 10:47:42 Read stream error: read tcp [::1]:62705->[::1]:6379: i/o timeout
2025/12/22 10:47:52 Read stream error: read tcp [::1]:62720->[::1]:6379: i/o timeout
2025/12/22 10:48:02 Read stream error: read tcp [::1]:62740->[::1]:6379: i/o timeout
2025/12/22 10:48:12 Read stream error: read tcp [::1]:62750->[::1]:6379: i/o timeout
2025/12/22 10:48:22 Read stream error: read tcp [::1]:62780->[::1]:6379: i/o timeout
2025/12/22 10:48:32 Read stream error: read tcp [::1]:62805->[::1]:6379: i/o timeout
2025/12/22 10:48:42 Read stream error: read tcp [::1]:62826->[::1]:6379: i/o timeout
2025/12/22 10:48:52 Read stream error: read tcp [::1]:62859->[::1]:6379: i/o timeout
2025/12/22 10:49:02 Read stream error: read tcp [::1]:62883->[::1]:6379: i/o timeout
2025/12/22 10:49:12 Read stream error: read tcp [::1]:62908->[::1]:6379: i/o timeout
2025/12/22 10:49:22 Read stream error: read tcp [::1]:62929->[::1]:6379: i/o timeout
2025/12/22 10:49:32 Read stream error: read tcp [::1]:62941->[::1]:6379: i/o timeout
2025/12/22 10:49:42 Read stream error: read tcp [::1]:62967->[::1]:6379: i/o timeout
2025/12/22 10:49:52 Read stream error: read tcp [::1]:62983->[::1]:6379: i/o timeout
2025/12/22 10:50:02 Read stream error: read tcp [::1]:63000->[::1]:6379: i/o timeout
2025/12/22 10:50:12 Read stream error: read tcp [::1]:63014->[::1]:6379: i/o timeout
2025/12/22 10:50:22 Read stream error: read tcp [::1]:63044->[::1]:6379: i/o timeout
2025/12/22 10:50:32 Read stream error: read tcp [::1]:63056->[::1]:6379: i/o timeout
2025/12/22 10:50:42 Read stream error: read tcp [::1]:63077->[::1]:6379: i/o timeout
2025/12/22 10:50:52 Read stream error: read tcp [::1]:63113->[::1]:6379: i/o timeout
2025/12/22 10:51:02 Read stream error: read tcp [::1]:63133->[::1]:6379: i/o timeout
2025/12/22 10:51:12 Read stream error: read tcp [::1]:63170->[::1]:6379: i/o timeout
2025/12/22 10:51:22 Read stream error: read tcp [::1]:63200->[::1]:6379: i/o timeout
2025/12/22 10:51:32 Read stream error: read tcp [::1]:63228->[::1]:6379: i/o timeout
2025/12/22 10:51:42 Read stream error: read tcp [::1]:63254->[::1]:6379: i/o timeout
2025/12/22 10:51:52 Read stream error: read tcp [::1]:63293->[::1]:6379: i/o timeout
2025/12/22 10:52:02 Read stream error: read tcp [::1]:63353->[::1]:6379: i/o timeout
2025/12/22 10:52:12 Read stream error: read tcp [::1]:63374->[::1]:6379: i/o timeout
2025/12/22 10:52:22 Read stream error: read tcp [::1]:63398->[::1]:6379: i/o timeout
2025/12/22 10:52:32 Read stream error: read tcp [::1]:63437->[::1]:6379: i/o timeout
2025/12/22 10:52:42 Read stream error: read tcp [::1]:63466->[::1]:6379: i/o timeout
2025/12/22 10:52:52 Read stream error: read tcp [::1]:63484->[::1]:6379: i/o timeout
2025/12/22 10:53:02 Read stream error: read tcp [::1]:63498->[::1]:6379: i/o timeout
2025/12/22 10:53:12 Read stream error: read tcp [::1]:63516->[::1]:6379: i/o timeout
2025/12/22 10:53:22 Read stream error: read tcp [::1]:63533->[::1]:6379: i/o timeout
2025/12/22 10:53:32 Read stream error: read tcp [::1]:63568->[::1]:6379: i/o timeout
2025/12/22 10:53:42 Read stream error: read tcp [::1]:63596->[::1]:6379: i/o timeout
2025/12/22 10:53:52 Read stream error: read tcp [::1]:63620->[::1]:6379: i/o timeout
2025/12/22 10:54:02 Read stream error: read tcp [::1]:63633->[::1]:6379: i/o timeout
2025/12/22 10:54:12 Read stream error: read tcp [::1]:63645->[::1]:6379: i/o timeout
2025/12/22 10:54:22 Read stream error: read tcp [::1]:63666->[::1]:6379: i/o timeout
2025/12/22 10:54:32 Read stream error: read tcp [::1]:63678->[::1]:6379: i/o timeout
2025/12/22 10:54:42 Read stream error: read tcp [::1]:63699->[::1]:6379: i/o timeout
2025/12/22 10:54:52 Read stream error: read tcp [::1]:63712->[::1]:6379: i/o timeout
2025/12/22 10:55:02 Read stream error: read tcp [::1]:63724->[::1]:6379: i/o timeout
2025/12/22 10:55:12 Read stream error: read tcp [::1]:63740->[::1]:6379: i/o timeout
2025/12/22 10:55:22 Read stream error: read tcp [::1]:63754->[::1]:6379: i/o timeout
2025/12/22 10:55:32 Read stream error: read tcp [::1]:63766->[::1]:6379: i/o timeout
2025/12/22 10:55:42 Read stream error: read tcp [::1]:63781->[::1]:6379: i/o timeout
2025/12/22 10:55:52 Read stream error: read tcp [::1]:63796->[::1]:6379: i/o timeout
2025/12/22 10:56:02 Read stream error: read tcp [::1]:63808->[::1]:6379: i/o timeout
2025/12/22 10:56:12 Read stream error: read tcp [::1]:63820->[::1]:6379: i/o timeout
2025/12/22 10:56:22 Read stream error: read tcp [::1]:63833->[::1]:6379: i/o timeout
2025/12/22 10:56:32 Read stream error: read tcp [::1]:63844->[::1]:6379: i/o timeout
2025/12/22 10:56:42 Read stream error: read tcp [::1]:63855->[::1]:6379: i/o timeout
2025/12/22 10:56:52 Read stream error: read tcp [::1]:63873->[::1]:6379: i/o timeout
2025/12/22 10:57:02 Read stream error: read tcp [::1]:63890->[::1]:6379: i/o timeout
2025/12/22 10:57:12 Read stream error: read tcp [::1]:63903->[::1]:6379: i/o timeout
2025/12/22 10:57:22 Read stream error: read tcp [::1]:63915->[::1]:6379: i/o timeout
2025/12/22 10:57:32 Read stream error: read tcp [::1]:63923->[::1]:6379: i/o timeout
2025/12/22 10:57:42 Read stream error: read tcp [::1]:63934->[::1]:6379: i/o timeout
2025/12/22 10:57:52 Read stream error: read tcp [::1]:63945->[::1]:6379: i/o timeout
2025/12/22 10:58:02 Read stream error: read tcp [::1]:63958->[::1]:6379: i/o timeout
2025/12/22 10:58:12 Read stream error: read tcp [::1]:63977->[::1]:6379: i/o timeout
2025/12/22 10:58:22 Read stream error: read tcp [::1]:63988->[::1]:6379: i/o timeout
2025/12/22 10:58:32 Read stream error: read tcp [::1]:64003->[::1]:6379: i/o timeout
2025/12/22 10:58:42 Read stream error: read tcp [::1]:64015->[::1]:6379: i/o timeout
2025/12/22 10:58:52 Read stream error: read tcp [::1]:64026->[::1]:6379: i/o timeout
2025/12/22 10:59:02 Read stream error: read tcp [::1]:64039->[::1]:6379: i/o timeout
2025/12/22 10:59:12 Read stream error: read tcp [::1]:64052->[::1]:6379: i/o timeout
2025/12/22 10:59:22 Read stream error: read tcp [::1]:64062->[::1]:6379: i/o timeout
2025/12/22 10:59:32 Read stream error: read tcp [::1]:64071->[::1]:6379: i/o timeout
2025/12/22 10:59:42 Read stream error: read tcp [::1]:64082->[::1]:6379: i/o timeout
2025/12/22 10:59:52 Read stream error: read tcp [::1]:64094->[::1]:6379: i/o timeout
2025/12/22 11:00:02 Read stream error: read tcp [::1]:64105->[::1]:6379: i/o timeout
2025/12/22 11:00:12 Read stream error: read tcp [::1]:64121->[::1]:6379: i/o timeout
2025/12/22 11:00:22 Read stream error: read tcp [::1]:64152->[::1]:6379: i/o timeout
2025/12/22 11:00:32 Read stream error: read tcp [::1]:64164->[::1]:6379: i/o timeout
2025/12/22 11:00:42 Read stream error: read tcp [::1]:64180->[::1]:6379: i/o timeout
2025/12/22 11:00:52 Read stream error: read tcp [::1]:64196->[::1]:6379: i/o timeout
2025/12/22 11:01:02 Read stream error: read tcp [::1]:64209->[::1]:6379: i/o timeout
2025/12/22 11:01:12 Read stream error: read tcp [::1]:64224->[::1]:6379: i/o timeout
2025/12/22 11:01:22 Read stream error: read tcp [::1]:64236->[::1]:6379: i/o timeout
2025/12/22 11:01:32 Read stream error: read tcp [::1]:64248->[::1]:6379: i/o timeout
2025/12/22 11:01:42 Read stream error: read tcp [::1]:64259->[::1]:6379: i/o timeout
2025/12/22 11:01:52 Read stream error: read tcp [::1]:64271->[::1]:6379: i/o timeout
2025/12/22 11:02:02 Read stream error: read tcp [::1]:64283->[::1]:6379: i/o timeout
2025/12/22 11:02:12 Read stream error: read tcp [::1]:64295->[::1]:6379: i/o timeout
2025/12/22 11:02:22 Read stream error: read tcp [::1]:64315->[::1]:6379: i/o timeout
2025/12/22 11:02:32 Read stream error: read tcp [::1]:64324->[::1]:6379: i/o timeout
2025/12/22 11:02:42 Read stream error: read tcp [::1]:64335->[::1]:6379: i/o timeout
2025/12/22 11:02:52 Read stream error: read tcp [::1]:64347->[::1]:6379: i/o timeout
2025/12/22 11:03:02 Read stream error: read tcp [::1]:64358->[::1]:6379: i/o timeout
2025/12/22 11:03:12 Read stream error: read tcp [::1]:64372->[::1]:6379: i/o timeout
2025/12/22 11:03:22 Read stream error: read tcp [::1]:64385->[::1]:6379: i/o timeout
2025/12/22 11:03:32 Read stream error: read tcp [::1]:64393->[::1]:6379: i/o timeout
2025/12/22 11:03:42 Read stream error: read tcp [::1]:64406->[::1]:6379: i/o timeout
2025/12/22 11:03:52 Read stream error: read tcp [::1]:64418->[::1]:6379: i/o timeout
2025/12/22 11:04:02 Read stream error: read tcp [::1]:64430->[::1]:6379: i/o timeout
2025/12/22 11:04:12 Read stream error: read tcp [::1]:64444->[::1]:6379: i/o timeout
2025/12/22 11:04:22 Read stream error: read tcp [::1]:64458->[::1]:6379: i/o timeout
2025/12/22 11:04:32 Read stream error: read tcp [::1]:64465->[::1]:6379: i/o timeout
2025/12/22 11:04:42 Read stream error: read tcp [::1]:64477->[::1]:6379: i/o timeout
2025/12/22 11:04:52 Read stream error: read tcp [::1]:64489->[::1]:6379: i/o timeout
2025/12/22 11:05:02 Read stream error: read tcp [::1]:64500->[::1]:6379: i/o timeout
2025/12/22 11:05:12 Read stream error: read tcp [::1]:64513->[::1]:6379: i/o timeout
2025/12/22 11:05:22 Read stream error: read tcp [::1]:64525->[::1]:6379: i/o timeout
2025/12/22 11:05:32 Read stream error: read tcp [::1]:64533->[::1]:6379: i/o timeout
2025/12/22 11:05:42 Read stream error: read tcp [::1]:64544->[::1]:6379: i/o timeout
2025/12/22 11:05:52 Read stream error: read tcp [::1]:64559->[::1]:6379: i/o timeout
2025/12/22 11:06:02 Read stream error: read tcp [::1]:64571->[::1]:6379: i/o timeout
2025/12/22 11:06:12 Read stream error: read tcp [::1]:64584->[::1]:6379: i/o timeout
2025/12/22 11:06:22 Read stream error: read tcp [::1]:64598->[::1]:6379: i/o timeout
2025/12/22 11:06:32 Read stream error: read tcp [::1]:64606->[::1]:6379: i/o timeout
2025/12/22 11:06:42 Read stream error: read tcp [::1]:64619->[::1]:6379: i/o timeout
2025/12/22 11:06:52 Read stream error: read tcp [::1]:64630->[::1]:6379: i/o timeout
2025/12/22 11:07:02 Read stream error: read tcp [::1]:64641->[::1]:6379: i/o timeout
2025/12/22 11:07:12 Read stream error: read tcp [::1]:64654->[::1]:6379: i/o timeout
2025/12/22 11:07:22 Read stream error: read tcp [::1]:64666->[::1]:6379: i/o timeout
2025/12/22 11:07:32 Read stream error: read tcp [::1]:64676->[::1]:6379: i/o timeout
2025/12/22 11:07:42 Read stream error: read tcp [::1]:64689->[::1]:6379: i/o timeout
2025/12/22 11:07:52 Read stream error: read tcp [::1]:64707->[::1]:6379: i/o timeout
2025/12/22 11:08:02 Read stream error: read tcp [::1]:64717->[::1]:6379: i/o timeout
2025/12/22 11:08:12 Read stream error: read tcp [::1]:64730->[::1]:6379: i/o timeout
2025/12/22 11:08:23 Read stream error: read tcp [::1]:64743->[::1]:6379: i/o timeout
2025/12/22 11:08:33 Read stream error: read tcp [::1]:64752->[::1]:6379: i/o timeout
2025/12/22 11:08:43 Read stream error: read tcp [::1]:64768->[::1]:6379: i/o timeout
2025/12/22 11:08:53 Read stream error: read tcp [::1]:64778->[::1]:6379: i/o timeout
2025/12/22 11:09:03 Read stream error: read tcp [::1]:64789->[::1]:6379: i/o timeout
2025/12/22 11:09:13 Read stream error: read tcp [::1]:64804->[::1]:6379: i/o timeout
2025/12/22 11:09:23 Read stream error: read tcp [::1]:64816->[::1]:6379: i/o timeout
2025/12/22 11:09:33 Read stream error: read tcp [::1]:64824->[::1]:6379: i/o timeout
2025/12/22 11:09:43 Read stream error: read tcp [::1]:64836->[::1]:6379: i/o timeout
2025/12/22 11:09:53 Read stream error: read tcp [::1]:64845->[::1]:6379: i/o timeout
2025/12/22 11:10:03 Read stream error: read tcp [::1]:64859->[::1]:6379: i/o timeout
2025/12/22 11:10:13 Read stream error: read tcp [::1]:64872->[::1]:6379: i/o timeout
2025/12/22 11:10:23 Read stream error: read tcp [::1]:64888->[::1]:6379: i/o timeout
2025/12/22 11:10:33 Read stream error: read tcp [::1]:64894->[::1]:6379: i/o timeout
2025/12/22 11:10:43 Read stream error: read tcp [::1]:64906->[::1]:6379: i/o timeout
2025/12/22 11:10:53 Read stream error: read tcp [::1]:64919->[::1]:6379: i/o timeout
2025/12/22 11:11:03 Read stream error: read tcp [::1]:64930->[::1]:6379: i/o timeout
2025/12/22 11:11:13 Read stream error: read tcp [::1]:64946->[::1]:6379: i/o timeout
2025/12/22 11:11:23 Read stream error: read tcp [::1]:64960->[::1]:6379: i/o timeout
2025/12/22 11:11:33 Read stream error: read tcp [::1]:64970->[::1]:6379: i/o timeout
2025/12/22 11:11:43 Read stream error: read tcp [::1]:64982->[::1]:6379: i/o timeout
2025/12/22 11:11:53 Read stream error: read tcp [::1]:64996->[::1]:6379: i/o timeout
2025/12/22 11:12:03 Read stream error: read tcp [::1]:65006->[::1]:6379: i/o timeout
2025/12/22 11:12:13 Read stream error: read tcp [::1]:65022->[::1]:6379: i/o timeout
2025/12/22 11:12:23 Read stream error: read tcp [::1]:65035->[::1]:6379: i/o timeout
2025/12/22 11:12:33 Read stream error: read tcp [::1]:65042->[::1]:6379: i/o timeout
2025/12/22 11:12:43 Read stream error: read tcp [::1]:65056->[::1]:6379: i/o timeout
2025/12/22 11:12:53 Read stream error: read tcp [::1]:65066->[::1]:6379: i/o timeout
2025/12/22 11:13:03 Read stream error: read tcp [::1]:65077->[::1]:6379: i/o timeout
2025/12/22 11:13:13 Read stream error: read tcp [::1]:65093->[::1]:6379: i/o timeout
2025/12/22 11:13:23 Read stream error: read tcp [::1]:65105->[::1]:6379: i/o timeout
2025/12/22 11:13:33 Read stream error: read tcp [::1]:65112->[::1]:6379: i/o timeout
2025/12/22 11:13:43 Read stream error: read tcp [::1]:65123->[::1]:6379: i/o timeout
2025/12/22 11:13:53 Read stream error: read tcp [::1]:65140->[::1]:6379: i/o timeout
2025/12/22 11:14:03 Read stream error: read tcp [::1]:65152->[::1]:6379: i/o timeout
2025/12/22 11:14:13 Read stream error: read tcp [::1]:65167->[::1]:6379: i/o timeout
2025/12/22 11:14:23 Read stream error: read tcp [::1]:65179->[::1]:6379: i/o timeout
2025/12/22 11:14:33 Read stream error: read tcp [::1]:65189->[::1]:6379: i/o timeout
2025/12/22 11:14:43 Read stream error: read tcp [::1]:65200->[::1]:6379: i/o timeout
2025/12/22 11:14:53 Read stream error: read tcp [::1]:65210->[::1]:6379: i/o timeout
2025/12/22 11:15:03 Read stream error: read tcp [::1]:65221->[::1]:6379: i/o timeout
2025/12/22 11:15:13 Read stream error: read tcp [::1]:65235->[::1]:6379: i/o timeout
2025/12/22 11:15:23 Read stream error: read tcp [::1]:65249->[::1]:6379: i/o timeout
2025/12/22 11:15:33 Read stream error: read tcp [::1]:65262->[::1]:6379: i/o timeout
2025/12/22 11:15:43 Read stream error: read tcp [::1]:65271->[::1]:6379: i/o timeout
2025/12/22 11:15:53 Read stream error: read tcp [::1]:65284->[::1]:6379: i/o timeout
2025/12/22 11:16:03 Read stream error: read tcp [::1]:65296->[::1]:6379: i/o timeout
2025/12/22 11:16:13 Read stream error: read tcp [::1]:65307->[::1]:6379: i/o timeout
2025/12/22 11:16:23 Read stream error: read tcp [::1]:65321->[::1]:6379: i/o timeout
2025/12/22 11:16:33 Read stream error: read tcp [::1]:65333->[::1]:6379: i/o timeout
2025/12/22 11:16:43 Read stream error: read tcp [::1]:65345->[::1]:6379: i/o timeout
2025/12/22 11:16:53 Read stream error: read tcp [::1]:65356->[::1]:6379: i/o timeout
2025/12/22 11:17:03 Read stream error: read tcp [::1]:65366->[::1]:6379: i/o timeout
2025/12/22 11:17:13 Read stream error: read tcp [::1]:65379->[::1]:6379: i/o timeout
2025/12/22 11:17:23 Read stream error: read tcp [::1]:65392->[::1]:6379: i/o timeout
2025/12/22 11:17:33 Read stream error: read tcp [::1]:65410->[::1]:6379: i/o timeout
2025/12/22 11:17:43 Read stream error: read tcp [::1]:65423->[::1]:6379: i/o timeout
2025/12/22 11:17:53 Read stream error: read tcp [::1]:65436->[::1]:6379: i/o timeout
2025/12/22 11:18:03 Read stream error: read tcp [::1]:65446->[::1]:6379: i/o timeout
2025/12/22 11:18:13 Read stream error: read tcp [::1]:65461->[::1]:6379: i/o timeout
2025/12/22 11:18:23 Read stream error: read tcp [::1]:65475->[::1]:6379: i/o timeout
2025/12/22 11:18:33 Read stream error: read tcp [::1]:65481->[::1]:6379: i/o timeout
2025/12/22 11:18:43 Read stream error: read tcp [::1]:65494->[::1]:6379: i/o timeout
2025/12/22 11:18:53 Read stream error: read tcp [::1]:65506->[::1]:6379: i/o timeout
2025/12/22 11:19:03 Read stream error: read tcp [::1]:65515->[::1]:6379: i/o timeout
2025/12/22 11:19:13 Read stream error: read tcp [::1]:65530->[::1]:6379: i/o timeout
2025/12/22 11:19:23 Read stream error: read tcp [::1]:49159->[::1]:6379: i/o timeout
2025/12/22 11:19:33 Read stream error: read tcp [::1]:49169->[::1]:6379: i/o timeout
2025/12/22 11:19:43 Read stream error: read tcp [::1]:49179->[::1]:6379: i/o timeout
2025/12/22 11:19:53 Read stream error: read tcp [::1]:49196->[::1]:6379: i/o timeout
2025/12/22 11:20:03 Read stream error: read tcp [::1]:49206->[::1]:6379: i/o timeout
2025/12/22 11:20:13 Read stream error: read tcp [::1]:49225->[::1]:6379: i/o timeout
2025/12/22 11:20:23 Read stream error: read tcp [::1]:49236->[::1]:6379: i/o timeout
2025/12/22 11:20:33 Read stream error: read tcp [::1]:49244->[::1]:6379: i/o timeout
2025/12/22 11:20:43 Read stream error: read tcp [::1]:49256->[::1]:6379: i/o timeout
2025/12/22 11:20:53 Read stream error: read tcp [::1]:49272->[::1]:6379: i/o timeout
2025/12/22 11:21:03 Read stream error: read tcp [::1]:49281->[::1]:6379: i/o timeout
2025/12/22 11:21:13 Read stream error: read tcp [::1]:49296->[::1]:6379: i/o timeout
2025/12/22 11:21:23 Read stream error: read tcp [::1]:49312->[::1]:6379: i/o timeout
2025/12/22 11:21:33 Read stream error: read tcp [::1]:49323->[::1]:6379: i/o timeout
2025/12/22 11:21:43 Read stream error: read tcp [::1]:49333->[::1]:6379: i/o timeout
2025/12/22 11:21:53 Read stream error: read tcp [::1]:49344->[::1]:6379: i/o timeout
2025/12/22 11:22:03 Read stream error: read tcp [::1]:49353->[::1]:6379: i/o timeout
2025/12/22 11:22:13 Read stream error: read tcp [::1]:49369->[::1]:6379: i/o timeout
2025/12/22 11:22:23 Read stream error: read tcp [::1]:49383->[::1]:6379: i/o timeout
2025/12/22 11:22:33 Read stream error: read tcp [::1]:49392->[::1]:6379: i/o timeout
2025/12/22 11:22:43 Read stream error: read tcp [::1]:49403->[::1]:6379: i/o timeout
2025/12/22 11:22:53 Read stream error: read tcp [::1]:49412->[::1]:6379: i/o timeout
2025/12/22 11:23:03 Read stream error: read tcp [::1]:49423->[::1]:6379: i/o timeout
2025/12/22 11:23:13 Read stream error: read tcp [::1]:49437->[::1]:6379: i/o timeout
2025/12/22 11:23:23 Read stream error: read tcp [::1]:49449->[::1]:6379: i/o timeout
2025/12/22 11:23:33 Read stream error: read tcp [::1]:49459->[::1]:6379: i/o timeout
2025/12/22 11:23:43 Read stream error: read tcp [::1]:49472->[::1]:6379: i/o timeout
2025/12/22 11:23:53 Read stream error: read tcp [::1]:49483->[::1]:6379: i/o timeout
2025/12/22 11:24:03 Read stream error: read tcp [::1]:49494->[::1]:6379: i/o timeout
2025/12/22 11:24:13 Read stream error: read tcp [::1]:49510->[::1]:6379: i/o timeout
2025/12/22 11:24:23 Read stream error: read tcp [::1]:49524->[::1]:6379: i/o timeout
2025/12/22 11:24:33 Read stream error: read tcp [::1]:49533->[::1]:6379: i/o timeout
2025/12/22 11:24:43 Read stream error: read tcp [::1]:49544->[::1]:6379: i/o timeout
2025/12/22 11:24:53 Read stream error: read tcp [::1]:49553->[::1]:6379: i/o timeout
2025/12/22 11:25:03 Read stream error: read tcp [::1]:49564->[::1]:6379: i/o timeout
2025/12/22 11:25:13 Read stream error: read tcp [::1]:49583->[::1]:6379: i/o timeout
2025/12/22 11:25:23 Read stream error: read tcp [::1]:49596->[::1]:6379: i/o timeout
2025/12/22 11:25:33 Read stream error: read tcp [::1]:49606->[::1]:6379: i/o timeout
2025/12/22 11:25:43 Read stream error: read tcp [::1]:49621->[::1]:6379: i/o timeout
2025/12/22 11:25:53 Read stream error: read tcp [::1]:49637->[::1]:6379: i/o timeout
2025/12/22 11:26:03 Read stream error: read tcp [::1]:49646->[::1]:6379: i/o timeout
2025/12/22 11:26:13 Read stream error: read tcp [::1]:49661->[::1]:6379: i/o timeout
2025/12/22 11:26:23 Read stream error: read tcp [::1]:49675->[::1]:6379: i/o timeout
2025/12/22 11:26:33 Read stream error: read tcp [::1]:49683->[::1]:6379: i/o timeout
2025/12/22 11:26:43 Read stream error: read tcp [::1]:49696->[::1]:6379: i/o timeout
2025/12/22 11:26:53 Read stream error: read tcp [::1]:49707->[::1]:6379: i/o timeout
2025/12/22 11:27:03 Read stream error: read tcp [::1]:49716->[::1]:6379: i/o timeout
2025/12/22 11:27:13 Read stream error: read tcp [::1]:49732->[::1]:6379: i/o timeout
2025/12/22 11:27:23 Read stream error: read tcp [::1]:49743->[::1]:6379: i/o timeout
2025/12/22 11:27:33 Read stream error: read tcp [::1]:49751->[::1]:6379: i/o timeout
2025/12/22 11:27:43 Read stream error: read tcp [::1]:49765->[::1]:6379: i/o timeout
2025/12/22 11:27:53 Read stream error: read tcp [::1]:49776->[::1]:6379: i/o timeout
2025/12/22 11:28:03 Read stream error: read tcp [::1]:49785->[::1]:6379: i/o timeout
2025/12/22 11:28:13 Read stream error: read tcp [::1]:49802->[::1]:6379: i/o timeout
2025/12/22 11:28:23 Read stream error: read tcp [::1]:49813->[::1]:6379: i/o timeout
2025/12/22 11:28:33 Read stream error: read tcp [::1]:49823->[::1]:6379: i/o timeout
2025/12/22 11:28:43 Read stream error: read tcp [::1]:49835->[::1]:6379: i/o timeout
2025/12/22 11:28:53 Read stream error: read tcp [::1]:49844->[::1]:6379: i/o timeout
2025/12/22 11:29:03 Read stream error: read tcp [::1]:49854->[::1]:6379: i/o timeout
2025/12/22 11:29:13 Read stream error: read tcp [::1]:49871->[::1]:6379: i/o timeout
2025/12/22 11:29:23 Read stream error: read tcp [::1]:49885->[::1]:6379: i/o timeout
2025/12/22 11:29:33 Read stream error: read tcp [::1]:49893->[::1]:6379: i/o timeout
2025/12/22 11:29:43 Read stream error: read tcp [::1]:49904->[::1]:6379: i/o timeout
2025/12/22 11:29:53 Read stream error: read tcp [::1]:49914->[::1]:6379: i/o timeout
2025/12/22 11:30:03 Read stream error: read tcp [::1]:49925->[::1]:6379: i/o timeout
2025/12/22 11:30:13 Read stream error: read tcp [::1]:49943->[::1]:6379: i/o timeout
2025/12/22 11:30:23 Read stream error: read tcp [::1]:49956->[::1]:6379: i/o timeout
2025/12/22 11:30:33 Read stream error: read tcp [::1]:49965->[::1]:6379: i/o timeout
2025/12/22 11:30:43 Read stream error: read tcp [::1]:49977->[::1]:6379: i/o timeout
2025/12/22 11:30:53 Read stream error: read tcp [::1]:49990->[::1]:6379: i/o timeout
2025/12/22 11:31:03 Read stream error: read tcp [::1]:49998->[::1]:6379: i/o timeout
2025/12/22 11:31:13 Read stream error: read tcp [::1]:50016->[::1]:6379: i/o timeout
2025/12/22 11:31:23 Read stream error: read tcp [::1]:50027->[::1]:6379: i/o timeout
2025/12/22 11:31:33 Read stream error: read tcp [::1]:50038->[::1]:6379: i/o timeout
2025/12/22 11:31:43 Read stream error: read tcp [::1]:50050->[::1]:6379: i/o timeout
2025/12/22 11:31:53 Read stream error: read tcp [::1]:50067->[::1]:6379: i/o timeout
2025/12/22 11:32:03 Read stream error: read tcp [::1]:50076->[::1]:6379: i/o timeout
2025/12/22 11:32:13 Read stream error: read tcp [::1]:50091->[::1]:6379: i/o timeout
2025/12/22 11:32:23 Read stream error: read tcp [::1]:50104->[::1]:6379: i/o timeout
2025/12/22 11:32:33 Read stream error: read tcp [::1]:50112->[::1]:6379: i/o timeout
2025/12/22 11:32:43 Read stream error: read tcp [::1]:50123->[::1]:6379: i/o timeout
2025/12/22 11:32:53 Read stream error: read tcp [::1]:50133->[::1]:6379: i/o timeout
2025/12/22 11:33:03 Read stream error: read tcp [::1]:50141->[::1]:6379: i/o timeout
2025/12/22 11:33:13 Read stream error: read tcp [::1]:50159->[::1]:6379: i/o timeout
2025/12/22 11:33:23 Read stream error: read tcp [::1]:50171->[::1]:6379: i/o timeout
2025/12/22 11:33:33 Read stream error: read tcp [::1]:50177->[::1]:6379: i/o timeout
2025/12/22 11:33:43 Read stream error: read tcp [::1]:50188->[::1]:6379: i/o timeout
2025/12/22 11:33:53 Read stream error: read tcp [::1]:50210->[::1]:6379: i/o timeout
2025/12/22 11:34:03 Read stream error: read tcp [::1]:50220->[::1]:6379: i/o timeout
2025/12/22 11:34:13 Read stream error: read tcp [::1]:50236->[::1]:6379: i/o timeout
2025/12/22 11:34:23 Read stream error: read tcp [::1]:50250->[::1]:6379: i/o timeout
2025/12/22 11:34:33 Read stream error: read tcp [::1]:50256->[::1]:6379: i/o timeout
2025/12/22 11:34:43 Read stream error: read tcp [::1]:50267->[::1]:6379: i/o timeout
2025/12/22 11:34:53 Read stream error: read tcp [::1]:50281->[::1]:6379: i/o timeout
2025/12/22 11:35:03 Read stream error: read tcp [::1]:50290->[::1]:6379: i/o timeout
2025/12/22 11:35:13 Read stream error: read tcp [::1]:50306->[::1]:6379: i/o timeout
2025/12/22 11:35:23 Read stream error: read tcp [::1]:50322->[::1]:6379: i/o timeout
2025/12/22 11:35:33 Read stream error: read tcp [::1]:50329->[::1]:6379: i/o timeout
2025/12/22 11:35:43 Read stream error: read tcp [::1]:50339->[::1]:6379: i/o timeout
2025/12/22 11:35:53 Read stream error: read tcp [::1]:50354->[::1]:6379: i/o timeout
2025/12/22 11:36:03 Read stream error: read tcp [::1]:50362->[::1]:6379: i/o timeout
2025/12/22 11:36:13 Read stream error: read tcp [::1]:50378->[::1]:6379: i/o timeout
2025/12/22 11:36:23 Read stream error: read tcp [::1]:50394->[::1]:6379: i/o timeout
2025/12/22 11:36:33 Read stream error: read tcp [::1]:50405->[::1]:6379: i/o timeout
2025/12/22 11:36:43 Read stream error: read tcp [::1]:50417->[::1]:6379: i/o timeout
2025/12/22 11:36:53 Read stream error: read tcp [::1]:50430->[::1]:6379: i/o timeout
2025/12/22 11:37:03 Read stream error: read tcp [::1]:50438->[::1]:6379: i/o timeout
2025/12/22 11:37:13 Read stream error: read tcp [::1]:50455->[::1]:6379: i/o timeout
2025/12/22 11:37:23 Read stream error: read tcp [::1]:50465->[::1]:6379: i/o timeout
2025/12/22 11:37:33 Read stream error: read tcp [::1]:50473->[::1]:6379: i/o timeout
2025/12/22 11:37:43 Read stream error: read tcp [::1]:50484->[::1]:6379: i/o timeout
2025/12/22 11:37:53 Read stream error: read tcp [::1]:50496->[::1]:6379: i/o timeout
2025/12/22 11:38:03 Read stream error: read tcp [::1]:50505->[::1]:6379: i/o timeout
2025/12/22 11:38:13 Read stream error: read tcp [::1]:50523->[::1]:6379: i/o timeout
2025/12/22 11:38:23 Read stream error: read tcp [::1]:50544->[::1]:6379: i/o timeout
2025/12/22 11:38:33 Read stream error: read tcp [::1]:50560->[::1]:6379: i/o timeout
2025/12/22 11:38:43 Read stream error: read tcp [::1]:50571->[::1]:6379: i/o timeout
2025/12/22 11:38:53 Read stream error: read tcp [::1]:50584->[::1]:6379: i/o timeout
2025/12/22 11:39:03 Read stream error: read tcp [::1]:50593->[::1]:6379: i/o timeout
2025/12/22 11:40:22 Read stream error: read tcp [::1]:50609->[::1]:6379: i/o timeout
2025/12/22 11:40:32 Read stream error: read tcp [::1]:50648->[::1]:6379: i/o timeout
2025/12/22 11:40:42 Read stream error: read tcp [::1]:50676->[::1]:6379: i/o timeout
2025/12/22 11:40:52 Read stream error: read tcp [::1]:50698->[::1]:6379: i/o timeout
2025/12/22 11:41:02 Read stream error: read tcp [::1]:50713->[::1]:6379: i/o timeout
2025/12/22 11:41:12 Read stream error: read tcp [::1]:50733->[::1]:6379: i/o timeout
2025/12/22 11:41:22 Read stream error: read tcp [::1]:50751->[::1]:6379: i/o timeout
2025/12/22 11:41:32 Read stream error: read tcp [::1]:50775->[::1]:6379: i/o timeout
2025/12/22 11:41:42 Read stream error: read tcp [::1]:50789->[::1]:6379: i/o timeout
2025/12/22 11:41:52 Read stream error: read tcp [::1]:50809->[::1]:6379: i/o timeout
2025/12/22 11:42:02 Read stream error: read tcp [::1]:50825->[::1]:6379: i/o timeout
2025/12/22 11:42:12 Read stream error: read tcp [::1]:50848->[::1]:6379: i/o timeout
2025/12/22 11:42:22 Read stream error: read tcp [::1]:50868->[::1]:6379: i/o timeout
2025/12/22 11:42:32 Read stream error: read tcp [::1]:50883->[::1]:6379: i/o timeout
2025/12/22 11:42:42 Read stream error: read tcp [::1]:50901->[::1]:6379: i/o timeout
2025/12/22 11:42:52 Read stream error: read tcp [::1]:50916->[::1]:6379: i/o timeout
2025/12/22 11:43:02 Read stream error: read tcp [::1]:50939->[::1]:6379: i/o timeout
2025/12/22 11:43:12 Read stream error: read tcp [::1]:50951->[::1]:6379: i/o timeout
2025/12/22 11:43:22 Read stream error: read tcp [::1]:50980->[::1]:6379: i/o timeout
2025/12/22 11:43:32 Read stream error: read tcp [::1]:51007->[::1]:6379: i/o timeout
2025/12/22 11:43:42 Read stream error: read tcp [::1]:51028->[::1]:6379: i/o timeout
2025/12/22 11:43:52 Read stream error: read tcp [::1]:51061->[::1]:6379: i/o timeout
2025/12/22 11:44:02 Read stream error: read tcp [::1]:51089->[::1]:6379: i/o timeout
2025/12/22 11:44:12 Read stream error: read tcp [::1]:51104->[::1]:6379: i/o timeout
2025/12/22 11:44:22 Read stream error: read tcp [::1]:51128->[::1]:6379: i/o timeout
2025/12/22 11:44:32 Read stream error: read tcp [::1]:51142->[::1]:6379: i/o timeout
2025/12/22 11:44:42 Read stream error: read tcp [::1]:51166->[::1]:6379: i/o timeout
2025/12/22 11:44:52 Read stream error: read tcp [::1]:51177->[::1]:6379: i/o timeout
2025/12/22 11:45:02 Read stream error: read tcp [::1]:51194->[::1]:6379: i/o timeout
2025/12/22 11:45:12 Read stream error: read tcp [::1]:51205->[::1]:6379: i/o timeout
2025/12/22 11:45:22 Read stream error: read tcp [::1]:51230->[::1]:6379: i/o timeout
2025/12/22 11:45:32 Read stream error: read tcp [::1]:51264->[::1]:6379: i/o timeout
2025/12/22 11:45:42 Read stream error: read tcp [::1]:51281->[::1]:6379: i/o timeout
2025/12/22 11:45:52 Read stream error: read tcp [::1]:51305->[::1]:6379: i/o timeout
2025/12/22 11:46:02 Read stream error: read tcp [::1]:51355->[::1]:6379: i/o timeout
2025/12/22 11:46:12 Read stream error: read tcp [::1]:51366->[::1]:6379: i/o timeout
2025/12/22 11:46:22 Read stream error: read tcp [::1]:51390->[::1]:6379: i/o timeout
2025/12/22 11:46:32 Read stream error: read tcp [::1]:51422->[::1]:6379: i/o timeout
2025/12/22 11:46:42 Read stream error: read tcp [::1]:51432->[::1]:6379: i/o timeout
2025/12/22 11:46:52 Read stream error: read tcp [::1]:51449->[::1]:6379: i/o timeout
2025/12/22 11:47:02 Read stream error: read tcp [::1]:51470->[::1]:6379: i/o timeout
2025/12/22 11:47:12 Read stream error: read tcp [::1]:51484->[::1]:6379: i/o timeout
2025/12/22 11:47:22 Read stream error: read tcp [::1]:51505->[::1]:6379: i/o timeout
2025/12/22 11:47:32 Read stream error: read tcp [::1]:51525->[::1]:6379: i/o timeout
2025/12/22 11:47:42 Read stream error: read tcp [::1]:51541->[::1]:6379: i/o timeout
2025/12/22 11:47:52 Read stream error: read tcp [::1]:51554->[::1]:6379: i/o timeout
2025/12/22 11:48:02 Read stream error: read tcp [::1]:51579->[::1]:6379: i/o timeout
2025/12/22 11:48:12 Read stream error: read tcp [::1]:51599->[::1]:6379: i/o timeout
2025/12/22 11:48:22 Read stream error: read tcp [::1]:51622->[::1]:6379: i/o timeout
2025/12/22 11:48:32 Read stream error: read tcp [::1]:51643->[::1]:6379: i/o timeout
2025/12/22 11:48:42 Read stream error: read tcp [::1]:51668->[::1]:6379: i/o timeout
2025/12/22 11:48:52 Read stream error: read tcp [::1]:51695->[::1]:6379: i/o timeout
2025/12/22 11:49:02 Read stream error: read tcp [::1]:51719->[::1]:6379: i/o timeout
2025/12/22 11:49:12 Read stream error: read tcp [::1]:51734->[::1]:6379: i/o timeout
2025/12/22 11:49:22 Read stream error: read tcp [::1]:51756->[::1]:6379: i/o timeout
2025/12/22 11:49:32 Read stream error: read tcp [::1]:51773->[::1]:6379: i/o timeout
2025/12/22 11:49:42 Read stream error: read tcp [::1]:51805->[::1]:6379: i/o timeout
2025/12/22 11:49:52 Read stream error: read tcp [::1]:51835->[::1]:6379: i/o timeout
2025/12/22 11:50:02 Read stream error: read tcp [::1]:51856->[::1]:6379: i/o timeout
2025/12/22 11:50:13 Read stream error: read tcp [::1]:51864->[::1]:6379: i/o timeout
2025/12/22 11:50:23 Read stream error: read tcp [::1]:51882->[::1]:6379: i/o timeout
2025/12/22 11:50:33 Read stream error: read tcp [::1]:51907->[::1]:6379: i/o timeout
2025/12/22 11:50:43 Read stream error: read tcp [::1]:51926->[::1]:6379: i/o timeout
2025/12/22 11:50:53 Read stream error: read tcp [::1]:51938->[::1]:6379: i/o timeout
2025/12/22 11:51:03 Read stream error: read tcp [::1]:51950->[::1]:6379: i/o timeout
2025/12/22 11:51:13 Read stream error: read tcp [::1]:51964->[::1]:6379: i/o timeout
2025/12/22 11:51:23 Read stream error: read tcp [::1]:51976->[::1]:6379: i/o timeout
2025/12/22 11:51:33 Read stream error: read tcp [::1]:52005->[::1]:6379: i/o timeout
2025/12/22 11:51:43 Read stream error: read tcp [::1]:52017->[::1]:6379: i/o timeout
2025/12/22 11:51:53 Read stream error: read tcp [::1]:52045->[::1]:6379: i/o timeout
2025/12/22 11:52:03 Read stream error: read tcp [::1]:52066->[::1]:6379: i/o timeout
2025/12/22 11:52:13 Read stream error: read tcp [::1]:52086->[::1]:6379: i/o timeout
2025/12/22 11:52:23 Read stream error: read tcp [::1]:52104->[::1]:6379: i/o timeout
2025/12/22 11:52:33 Read stream error: read tcp [::1]:52118->[::1]:6379: i/o timeout
2025/12/22 11:52:43 Read stream error: read tcp [::1]:52134->[::1]:6379: i/o timeout
2025/12/22 11:52:53 Read stream error: read tcp [::1]:52146->[::1]:6379: i/o timeout
2025/12/22 11:53:03 Read stream error: read tcp [::1]:52166->[::1]:6379: i/o timeout
2025/12/22 11:53:13 Read stream error: read tcp [::1]:52173->[::1]:6379: i/o timeout
2025/12/22 11:53:23 Read stream error: read tcp [::1]:52190->[::1]:6379: i/o timeout
2025/12/22 11:53:33 Read stream error: read tcp [::1]:52210->[::1]:6379: i/o timeout
2025/12/22 11:53:43 Read stream error: read tcp [::1]:52236->[::1]:6379: i/o timeout
2025/12/22 11:53:53 Read stream error: read tcp [::1]:52252->[::1]:6379: i/o timeout
2025/12/22 11:54:03 Read stream error: read tcp [::1]:52279->[::1]:6379: i/o timeout
2025/12/22 11:54:13 Read stream error: read tcp [::1]:52301->[::1]:6379: i/o timeout
2025/12/22 11:54:23 Read stream error: read tcp [::1]:52316->[::1]:6379: i/o timeout
2025/12/22 11:54:33 Read stream error: read tcp [::1]:52336->[::1]:6379: i/o timeout
2025/12/22 11:54:43 Read stream error: read tcp [::1]:52361->[::1]:6379: i/o timeout
2025/12/22 11:54:53 Read stream error: read tcp [::1]:52394->[::1]:6379: i/o timeout
2025/12/22 11:55:03 Read stream error: read tcp [::1]:52414->[::1]:6379: i/o timeout
2025/12/22 11:55:13 Read stream error: read tcp [::1]:52468->[::1]:6379: i/o timeout
2025/12/22 11:55:23 Read stream error: read tcp [::1]:52512->[::1]:6379: i/o timeout
2025/12/22 11:55:33 Read stream error: read tcp [::1]:52557->[::1]:6379: i/o timeout
2025/12/22 11:55:43 Read stream error: read tcp [::1]:52598->[::1]:6379: i/o timeout
2025/12/22 11:55:53 Read stream error: read tcp [::1]:52621->[::1]:6379: i/o timeout
2025/12/22 11:56:03 Read stream error: read tcp [::1]:52641->[::1]:6379: i/o timeout
2025/12/22 11:56:13 Read stream error: read tcp [::1]:52660->[::1]:6379: i/o timeout
2025/12/22 11:56:23 Read stream error: read tcp [::1]:52685->[::1]:6379: i/o timeout
2025/12/22 11:56:33 Read stream error: read tcp [::1]:52719->[::1]:6379: i/o timeout
2025/12/22 11:56:43 Read stream error: read tcp [::1]:52732->[::1]:6379: i/o timeout
2025/12/22 11:56:53 Read stream error: read tcp [::1]:52746->[::1]:6379: i/o timeout
2025/12/22 11:57:03 Read stream error: read tcp [::1]:52771->[::1]:6379: i/o timeout
2025/12/22 11:57:13 Read stream error: read tcp [::1]:52794->[::1]:6379: i/o timeout
2025/12/22 11:57:23 Read stream error: read tcp [::1]:52811->[::1]:6379: i/o timeout
2025/12/22 11:57:33 Read stream error: read tcp [::1]:52846->[::1]:6379: i/o timeout
2025/12/22 11:57:43 Read stream error: read tcp [::1]:52863->[::1]:6379: i/o timeout
2025/12/22 11:57:53 Read stream error: read tcp [::1]:52882->[::1]:6379: i/o timeout
2025/12/22 11:58:03 Read stream error: read tcp [::1]:52901->[::1]:6379: i/o timeout
2025/12/22 11:58:13 Read stream error: read tcp [::1]:52919->[::1]:6379: i/o timeout
2025/12/22 11:58:23 Read stream error: read tcp [::1]:52937->[::1]:6379: i/o timeout
2025/12/22 11:58:33 Read stream error: read tcp [::1]:52956->[::1]:6379: i/o timeout
2025/12/22 11:58:43 Read stream error: read tcp [::1]:52980->[::1]:6379: i/o timeout
2025/12/22 11:58:53 Read stream error: read tcp [::1]:52997->[::1]:6379: i/o timeout
2025/12/22 11:59:03 Read stream error: read tcp [::1]:53027->[::1]:6379: i/o timeout
2025/12/22 11:59:13 Read stream error: read tcp [::1]:53036->[::1]:6379: i/o timeout
2025/12/22 11:59:23 Read stream error: read tcp [::1]:53050->[::1]:6379: i/o timeout
2025/12/22 11:59:33 Read stream error: read tcp [::1]:53070->[::1]:6379: i/o timeout
2025/12/22 11:59:43 Read stream error: read tcp [::1]:53081->[::1]:6379: i/o timeout
2025/12/22 11:59:53 Read stream error: read tcp [::1]:53095->[::1]:6379: i/o timeout
2025/12/22 12:00:03 Read stream error: read tcp [::1]:53117->[::1]:6379: i/o timeout
2025/12/22 12:00:13 Read stream error: read tcp [::1]:53131->[::1]:6379: i/o timeout
2025/12/22 12:00:23 Read stream error: read tcp [::1]:53150->[::1]:6379: i/o timeout
2025/12/22 12:00:33 Read stream error: read tcp [::1]:53169->[::1]:6379: i/o timeout
2025/12/22 12:00:43 Read stream error: read tcp [::1]:53179->[::1]:6379: i/o timeout
2025/12/22 12:00:53 Read stream error: read tcp [::1]:53192->[::1]:6379: i/o timeout
2025/12/22 12:01:03 Read stream error: read tcp [::1]:53206->[::1]:6379: i/o timeout
2025/12/22 12:01:13 Read stream error: read tcp [::1]:53215->[::1]:6379: i/o timeout
2025/12/22 12:01:23 Read stream error: read tcp [::1]:53230->[::1]:6379: i/o timeout
2025/12/22 12:01:33 Read stream error: read tcp [::1]:53249->[::1]:6379: i/o timeout
2025/12/22 12:01:43 Read stream error: read tcp [::1]:53260->[::1]:6379: i/o timeout
2025/12/22 12:01:53 Read stream error: read tcp [::1]:53272->[::1]:6379: i/o timeout
2025/12/22 12:02:03 Read stream error: read tcp [::1]:53288->[::1]:6379: i/o timeout
2025/12/22 12:02:13 Read stream error: read tcp [::1]:53296->[::1]:6379: i/o timeout
2025/12/22 12:02:23 Read stream error: read tcp [::1]:53310->[::1]:6379: i/o timeout
2025/12/22 12:02:33 Read stream error: read tcp [::1]:53331->[::1]:6379: i/o timeout
2025/12/22 12:02:43 Read stream error: read tcp [::1]:53342->[::1]:6379: i/o timeout
2025/12/22 12:02:53 Read stream error: read tcp [::1]:53355->[::1]:6379: i/o timeout
2025/12/22 12:03:03 Read stream error: read tcp [::1]:53370->[::1]:6379: i/o timeout
2025/12/22 12:03:13 Read stream error: read tcp [::1]:53379->[::1]:6379: i/o timeout
2025/12/22 12:03:23 Read stream error: read tcp [::1]:53392->[::1]:6379: i/o timeout
2025/12/22 12:03:33 Read stream error: read tcp [::1]:53409->[::1]:6379: i/o timeout
2025/12/22 12:03:43 Read stream error: read tcp [::1]:53421->[::1]:6379: i/o timeout
2025/12/22 12:03:53 Read stream error: read tcp [::1]:53433->[::1]:6379: i/o timeout
2025/12/22 12:04:03 Read stream error: read tcp [::1]:53448->[::1]:6379: i/o timeout
2025/12/22 12:04:13 Read stream error: read tcp [::1]:53459->[::1]:6379: i/o timeout
2025/12/22 12:04:23 Read stream error: read tcp [::1]:53471->[::1]:6379: i/o timeout
2025/12/22 12:04:33 Read stream error: read tcp [::1]:53488->[::1]:6379: i/o timeout
2025/12/22 12:04:43 Read stream error: read tcp [::1]:53500->[::1]:6379: i/o timeout
2025/12/22 12:04:53 Read stream error: read tcp [::1]:53511->[::1]:6379: i/o timeout
2025/12/22 12:05:03 Read stream error: read tcp [::1]:53525->[::1]:6379: i/o timeout
2025/12/22 12:05:13 Read stream error: read tcp [::1]:53533->[::1]:6379: i/o timeout
2025/12/22 12:05:23 Read stream error: read tcp [::1]:53548->[::1]:6379: i/o timeout
2025/12/22 12:05:33 Read stream error: read tcp [::1]:53566->[::1]:6379: i/o timeout
2025/12/22 12:05:43 Read stream error: read tcp [::1]:53576->[::1]:6379: i/o timeout
2025/12/22 12:05:53 Read stream error: read tcp [::1]:53590->[::1]:6379: i/o timeout
2025/12/22 12:06:03 Read stream error: read tcp [::1]:53605->[::1]:6379: i/o timeout
2025/12/22 12:06:13 Read stream error: read tcp [::1]:53614->[::1]:6379: i/o timeout
2025/12/22 12:06:23 Read stream error: read tcp [::1]:53625->[::1]:6379: i/o timeout
2025/12/22 12:06:33 Read stream error: read tcp [::1]:53641->[::1]:6379: i/o timeout
2025/12/22 12:06:43 Read stream error: read tcp [::1]:53653->[::1]:6379: i/o timeout
2025/12/22 12:06:53 Read stream error: read tcp [::1]:53665->[::1]:6379: i/o timeout
2025/12/22 12:07:03 Read stream error: read tcp [::1]:53682->[::1]:6379: i/o timeout
2025/12/22 12:07:13 Read stream error: read tcp [::1]:53690->[::1]:6379: i/o timeout
2025/12/22 12:07:23 Read stream error: read tcp [::1]:53704->[::1]:6379: i/o timeout
2025/12/22 12:07:33 Read stream error: read tcp [::1]:53721->[::1]:6379: i/o timeout
2025/12/22 12:07:43 Read stream error: read tcp [::1]:53730->[::1]:6379: i/o timeout
2025/12/22 12:07:53 Read stream error: read tcp [::1]:53744->[::1]:6379: i/o timeout
2025/12/22 12:08:03 Read stream error: read tcp [::1]:53757->[::1]:6379: i/o timeout
2025/12/22 12:08:13 Read stream error: read tcp [::1]:53765->[::1]:6379: i/o timeout
2025/12/22 12:08:23 Read stream error: read tcp [::1]:53778->[::1]:6379: i/o timeout
2025/12/22 12:08:33 Read stream error: read tcp [::1]:53801->[::1]:6379: i/o timeout
2025/12/22 12:08:43 Read stream error: read tcp [::1]:53817->[::1]:6379: i/o timeout
2025/12/22 12:08:53 Read stream error: read tcp [::1]:53833->[::1]:6379: i/o timeout
2025/12/22 12:09:03 Read stream error: read tcp [::1]:53847->[::1]:6379: i/o timeout
2025/12/22 12:09:13 Read stream error: read tcp [::1]:53859->[::1]:6379: i/o timeout
2025/12/22 12:09:23 Read stream error: read tcp [::1]:53871->[::1]:6379: i/o timeout
2025/12/22 12:09:33 Read stream error: read tcp [::1]:53890->[::1]:6379: i/o timeout
2025/12/22 12:09:43 Read stream error: read tcp [::1]:53904->[::1]:6379: i/o timeout
2025/12/22 12:09:53 Read stream error: read tcp [::1]:53915->[::1]:6379: i/o timeout
2025/12/22 12:10:03 Read stream error: read tcp [::1]:53928->[::1]:6379: i/o timeout
2025/12/22 12:10:13 Read stream error: read tcp [::1]:53944->[::1]:6379: i/o timeout
2025/12/22 12:10:23 Read stream error: read tcp [::1]:53968->[::1]:6379: i/o timeout
2025/12/22 12:10:33 Read stream error: read tcp [::1]:53992->[::1]:6379: i/o timeout
2025/12/22 12:10:43 Read stream error: read tcp [::1]:54012->[::1]:6379: i/o timeout
2025/12/22 12:10:53 Read stream error: read tcp [::1]:54031->[::1]:6379: i/o timeout
2025/12/22 12:11:03 Read stream error: read tcp [::1]:54048->[::1]:6379: i/o timeout
2025/12/22 12:11:13 Read stream error: read tcp [::1]:54056->[::1]:6379: i/o timeout
2025/12/22 12:11:23 Read stream error: read tcp [::1]:54071->[::1]:6379: i/o timeout
2025/12/22 12:11:33 Read stream error: read tcp [::1]:54090->[::1]:6379: i/o timeout
2025/12/22 12:11:43 Read stream error: read tcp [::1]:54113->[::1]:6379: i/o timeout
2025/12/22 12:11:53 Read stream error: read tcp [::1]:54140->[::1]:6379: i/o timeout
2025/12/22 12:12:03 Read stream error: read tcp [::1]:54165->[::1]:6379: i/o timeout
2025/12/22 12:12:13 Read stream error: read tcp [::1]:54181->[::1]:6379: i/o timeout
2025/12/22 12:12:23 Read stream error: read tcp [::1]:54196->[::1]:6379: i/o timeout
2025/12/22 12:12:33 Read stream error: read tcp [::1]:54210->[::1]:6379: i/o timeout
2025/12/22 12:12:43 Read stream error: read tcp [::1]:54228->[::1]:6379: i/o timeout
2025/12/22 12:12:53 Read stream error: read tcp [::1]:54244->[::1]:6379: i/o timeout
2025/12/22 12:13:03 Read stream error: read tcp [::1]:54272->[::1]:6379: i/o timeout
2025/12/22 12:13:13 Read stream error: read tcp [::1]:54299->[::1]:6379: i/o timeout
2025/12/22 12:13:23 Read stream error: read tcp [::1]:54354->[::1]:6379: i/o timeout
2025/12/22 12:13:33 Read stream error: read tcp [::1]:54391->[::1]:6379: i/o timeout
2025/12/22 12:13:43 Read stream error: read tcp [::1]:54429->[::1]:6379: i/o timeout
2025/12/22 12:13:53 Read stream error: read tcp [::1]:54461->[::1]:6379: i/o timeout
2025/12/22 12:14:03 Read stream error: read tcp [::1]:54504->[::1]:6379: i/o timeout
2025/12/22 12:14:13 Read stream error: read tcp [::1]:54530->[::1]:6379: i/o timeout
2025/12/22 12:14:23 Read stream error: read tcp [::1]:54554->[::1]:6379: i/o timeout
2025/12/22 12:14:33 Read stream error: read tcp [::1]:54576->[::1]:6379: i/o timeout
2025/12/22 12:14:43 Read stream error: read tcp [::1]:54594->[::1]:6379: i/o timeout
2025/12/22 12:14:53 Read stream error: read tcp [::1]:54626->[::1]:6379: i/o timeout
2025/12/22 12:15:03 Read stream error: read tcp [::1]:54645->[::1]:6379: i/o timeout
2025/12/22 12:15:13 Read stream error: read tcp [::1]:54660->[::1]:6379: i/o timeout
2025/12/22 12:15:23 Read stream error: read tcp [::1]:54681->[::1]:6379: i/o timeout
2025/12/22 12:15:33 Read stream error: read tcp [::1]:54700->[::1]:6379: i/o timeout
2025/12/22 12:15:43 Read stream error: read tcp [::1]:54712->[::1]:6379: i/o timeout
2025/12/22 12:15:53 Read stream error: read tcp [::1]:54726->[::1]:6379: i/o timeout
2025/12/22 12:16:03 Read stream error: read tcp [::1]:54743->[::1]:6379: i/o timeout
2025/12/22 12:16:13 Read stream error: read tcp [::1]:54760->[::1]:6379: i/o timeout
2025/12/22 12:16:23 Read stream error: read tcp [::1]:54775->[::1]:6379: i/o timeout
2025/12/22 12:16:33 Read stream error: read tcp [::1]:54791->[::1]:6379: i/o timeout
2025/12/22 12:16:43 Read stream error: read tcp [::1]:54806->[::1]:6379: i/o timeout
2025/12/22 12:16:53 Read stream error: read tcp [::1]:54835->[::1]:6379: i/o timeout
2025/12/22 12:17:03 Read stream error: read tcp [::1]:54852->[::1]:6379: i/o timeout
2025/12/22 12:17:13 Read stream error: read tcp [::1]:54873->[::1]:6379: i/o timeout
2025/12/22 12:17:23 Read stream error: read tcp [::1]:54891->[::1]:6379: i/o timeout
2025/12/22 12:17:33 Read stream error: read tcp [::1]:54906->[::1]:6379: i/o timeout
2025/12/22 12:17:43 Read stream error: read tcp [::1]:54928->[::1]:6379: i/o timeout
2025/12/22 12:17:53 Read stream error: read tcp [::1]:54941->[::1]:6379: i/o timeout
2025/12/22 12:18:03 Read stream error: read tcp [::1]:54954->[::1]:6379: i/o timeout
2025/12/22 12:18:13 Read stream error: read tcp [::1]:54978->[::1]:6379: i/o timeout
2025/12/22 12:18:23 Read stream error: read tcp [::1]:55007->[::1]:6379: i/o timeout
2025/12/22 12:18:33 Read stream error: read tcp [::1]:55022->[::1]:6379: i/o timeout
2025/12/22 12:18:43 Read stream error: read tcp [::1]:55053->[::1]:6379: i/o timeout
2025/12/22 12:18:53 Read stream error: read tcp [::1]:55074->[::1]:6379: i/o timeout
2025/12/22 12:19:03 Read stream error: read tcp [::1]:55110->[::1]:6379: i/o timeout
2025/12/22 12:19:13 Read stream error: read tcp [::1]:55130->[::1]:6379: i/o timeout
2025/12/22 12:19:23 Read stream error: read tcp [::1]:55148->[::1]:6379: i/o timeout
2025/12/22 12:19:33 Read stream error: read tcp [::1]:55162->[::1]:6379: i/o timeout
2025/12/22 12:19:43 Read stream error: read tcp [::1]:55175->[::1]:6379: i/o timeout
2025/12/22 12:19:53 Read stream error: read tcp [::1]:55195->[::1]:6379: i/o timeout
2025/12/22 12:20:03 Read stream error: read tcp [::1]:55207->[::1]:6379: i/o timeout
2025/12/22 12:20:13 Read stream error: read tcp [::1]:55216->[::1]:6379: i/o timeout
2025/12/22 12:20:23 Read stream error: read tcp [::1]:55235->[::1]:6379: i/o timeout
2025/12/22 12:20:33 Read stream error: read tcp [::1]:55254->[::1]:6379: i/o timeout
2025/12/22 12:20:43 Read stream error: read tcp [::1]:55264->[::1]:6379: i/o timeout
2025/12/22 12:20:53 Read stream error: read tcp [::1]:55279->[::1]:6379: i/o timeout
2025/12/22 12:21:03 Read stream error: read tcp [::1]:55293->[::1]:6379: i/o timeout
2025/12/22 12:21:13 Read stream error: read tcp [::1]:55301->[::1]:6379: i/o timeout
2025/12/22 12:21:23 Read stream error: read tcp [::1]:55317->[::1]:6379: i/o timeout
2025/12/22 12:21:33 Read stream error: read tcp [::1]:55330->[::1]:6379: i/o timeout
2025/12/22 12:21:43 Read stream error: read tcp [::1]:55343->[::1]:6379: i/o timeout
2025/12/22 12:21:53 Read stream error: read tcp [::1]:55356->[::1]:6379: i/o timeout
2025/12/22 12:22:03 Read stream error: read tcp [::1]:55370->[::1]:6379: i/o timeout
2025/12/22 12:22:13 Read stream error: read tcp [::1]:55379->[::1]:6379: i/o timeout
2025/12/22 12:22:23 Read stream error: read tcp [::1]:55402->[::1]:6379: i/o timeout
2025/12/22 12:22:33 Read stream error: read tcp [::1]:55425->[::1]:6379: i/o timeout
2025/12/22 12:22:43 Read stream error: read tcp [::1]:55460->[::1]:6379: i/o timeout
2025/12/22 12:22:53 Read stream error: read tcp [::1]:55489->[::1]:6379: i/o timeout
2025/12/22 12:23:03 Read stream error: read tcp [::1]:55515->[::1]:6379: i/o timeout
2025/12/22 12:23:13 Read stream error: read tcp [::1]:55545->[::1]:6379: i/o timeout
2025/12/22 12:23:23 Read stream error: read tcp [::1]:55580->[::1]:6379: i/o timeout
2025/12/22 12:23:33 Read stream error: read tcp [::1]:55610->[::1]:6379: i/o timeout
2025/12/22 12:23:43 Read stream error: read tcp [::1]:55636->[::1]:6379: i/o timeout
2025/12/22 12:23:53 Read stream error: read tcp [::1]:55659->[::1]:6379: i/o timeout
2025/12/22 12:24:03 Read stream error: read tcp [::1]:55676->[::1]:6379: i/o timeout
2025/12/22 12:24:13 Read stream error: read tcp [::1]:55698->[::1]:6379: i/o timeout
2025/12/22 12:24:23 Read stream error: read tcp [::1]:55724->[::1]:6379: i/o timeout
2025/12/22 12:24:33 Read stream error: read tcp [::1]:55738->[::1]:6379: i/o timeout
2025/12/22 12:24:43 Read stream error: read tcp [::1]:55751->[::1]:6379: i/o timeout
2025/12/22 12:24:53 Read stream error: read tcp [::1]:55768->[::1]:6379: i/o timeout
2025/12/22 12:25:03 Read stream error: read tcp [::1]:55782->[::1]:6379: i/o timeout
2025/12/22 12:25:13 Read stream error: read tcp [::1]:55791->[::1]:6379: i/o timeout
2025/12/22 12:25:23 Read stream error: read tcp [::1]:55806->[::1]:6379: i/o timeout
2025/12/22 12:25:33 Read stream error: read tcp [::1]:55819->[::1]:6379: i/o timeout
2025/12/22 12:25:43 Read stream error: read tcp [::1]:55832->[::1]:6379: i/o timeout
2025/12/22 12:25:53 Read stream error: read tcp [::1]:55845->[::1]:6379: i/o timeout
2025/12/22 12:26:03 Read stream error: read tcp [::1]:55859->[::1]:6379: i/o timeout
2025/12/22 12:26:13 Read stream error: read tcp [::1]:55866->[::1]:6379: i/o timeout
2025/12/22 12:26:23 Read stream error: read tcp [::1]:55882->[::1]:6379: i/o timeout
2025/12/22 12:26:33 Read stream error: read tcp [::1]:55901->[::1]:6379: i/o timeout
2025/12/22 12:26:43 Read stream error: read tcp [::1]:55927->[::1]:6379: i/o timeout
2025/12/22 12:26:53 Read stream error: read tcp [::1]:55959->[::1]:6379: i/o timeout
2025/12/22 12:27:03 Read stream error: read tcp [::1]:55993->[::1]:6379: i/o timeout
2025/12/22 12:27:13 Read stream error: read tcp [::1]:56003->[::1]:6379: i/o timeout
2025/12/22 12:27:23 Read stream error: read tcp [::1]:56029->[::1]:6379: i/o timeout
2025/12/22 12:27:33 Read stream error: read tcp [::1]:56044->[::1]:6379: i/o timeout
2025/12/22 12:27:43 Read stream error: read tcp [::1]:56065->[::1]:6379: i/o timeout
2025/12/22 12:27:53 Read stream error: read tcp [::1]:56118->[::1]:6379: i/o timeout
2025/12/22 12:28:03 Read stream error: read tcp [::1]:56144->[::1]:6379: i/o timeout
2025/12/22 12:28:13 Read stream error: read tcp [::1]:56165->[::1]:6379: i/o timeout
2025/12/22 12:28:23 Read stream error: read tcp [::1]:56177->[::1]:6379: i/o timeout
2025/12/22 12:28:33 Read stream error: read tcp [::1]:56198->[::1]:6379: i/o timeout
2025/12/22 12:28:43 Read stream error: read tcp [::1]:56215->[::1]:6379: i/o timeout
2025/12/22 12:28:53 Read stream error: read tcp [::1]:56232->[::1]:6379: i/o timeout
2025/12/22 12:29:03 Read stream error: read tcp [::1]:56243->[::1]:6379: i/o timeout
2025/12/22 12:29:13 Read stream error: read tcp [::1]:56251->[::1]:6379: i/o timeout
2025/12/22 12:29:23 Read stream error: read tcp [::1]:56274->[::1]:6379: i/o timeout
2025/12/22 12:29:33 Read stream error: read tcp [::1]:56291->[::1]:6379: i/o timeout
2025/12/22 12:29:43 Read stream error: read tcp [::1]:56302->[::1]:6379: i/o timeout
2025/12/22 12:29:53 Read stream error: read tcp [::1]:56315->[::1]:6379: i/o timeout
2025/12/22 12:30:03 Read stream error: read tcp [::1]:56328->[::1]:6379: i/o timeout
2025/12/22 12:30:13 Read stream error: read tcp [::1]:56336->[::1]:6379: i/o timeout
2025/12/22 12:30:23 Read stream error: read tcp [::1]:56352->[::1]:6379: i/o timeout
2025/12/22 12:30:33 Read stream error: read tcp [::1]:56365->[::1]:6379: i/o timeout
2025/12/22 12:30:43 Read stream error: read tcp [::1]:56376->[::1]:6379: i/o timeout
2025/12/22 12:30:53 Read stream error: read tcp [::1]:56390->[::1]:6379: i/o timeout
2025/12/22 12:31:03 Read stream error: read tcp [::1]:56402->[::1]:6379: i/o timeout
2025/12/22 12:31:13 Read stream error: read tcp [::1]:56410->[::1]:6379: i/o timeout
2025/12/22 12:31:23 Read stream error: read tcp [::1]:56426->[::1]:6379: i/o timeout
2025/12/22 12:31:33 Read stream error: read tcp [::1]:56438->[::1]:6379: i/o timeout
2025/12/22 12:31:43 Read stream error: read tcp [::1]:56449->[::1]:6379: i/o timeout
2025/12/22 12:31:53 Read stream error: read tcp [::1]:56460->[::1]:6379: i/o timeout
2025/12/22 12:32:03 Read stream error: read tcp [::1]:56474->[::1]:6379: i/o timeout
2025/12/22 12:32:13 Read stream error: read tcp [::1]:56484->[::1]:6379: i/o timeout
2025/12/22 12:32:23 Read stream error: read tcp [::1]:56498->[::1]:6379: i/o timeout
2025/12/22 12:32:33 Read stream error: read tcp [::1]:56518->[::1]:6379: i/o timeout
2025/12/22 12:32:43 Read stream error: read tcp [::1]:56536->[::1]:6379: i/o timeout
2025/12/22 12:32:53 Read stream error: read tcp [::1]:56558->[::1]:6379: i/o timeout
2025/12/22 12:33:03 Read stream error: read tcp [::1]:56572->[::1]:6379: i/o timeout
2025/12/22 12:33:13 Read stream error: read tcp [::1]:56583->[::1]:6379: i/o timeout
2025/12/22 12:33:23 Read stream error: read tcp [::1]:56597->[::1]:6379: i/o timeout
2025/12/22 12:33:33 Read stream error: read tcp [::1]:56609->[::1]:6379: i/o timeout
2025/12/22 12:33:43 Read stream error: read tcp [::1]:56619->[::1]:6379: i/o timeout
2025/12/22 12:33:53 Read stream error: read tcp [::1]:56637->[::1]:6379: i/o timeout
2025/12/22 12:34:03 Read stream error: read tcp [::1]:56651->[::1]:6379: i/o timeout
2025/12/22 12:34:13 Read stream error: read tcp [::1]:56658->[::1]:6379: i/o timeout
2025/12/22 12:34:23 Read stream error: read tcp [::1]:56672->[::1]:6379: i/o timeout
2025/12/22 12:34:33 Read stream error: read tcp [::1]:56684->[::1]:6379: i/o timeout
2025/12/22 12:34:43 Read stream error: read tcp [::1]:56695->[::1]:6379: i/o timeout
2025/12/22 12:34:53 Read stream error: read tcp [::1]:56729->[::1]:6379: i/o timeout
2025/12/22 12:35:03 Read stream error: read tcp [::1]:56745->[::1]:6379: i/o timeout
2025/12/22 12:35:13 Read stream error: read tcp [::1]:56755->[::1]:6379: i/o timeout
2025/12/22 12:35:23 Read stream error: read tcp [::1]:56780->[::1]:6379: i/o timeout
2025/12/22 12:35:34 Read stream error: read tcp [::1]:56796->[::1]:6379: i/o timeout
2025/12/22 12:35:44 Read stream error: read tcp [::1]:56808->[::1]:6379: i/o timeout
2025/12/22 12:35:54 Read stream error: read tcp [::1]:56829->[::1]:6379: i/o timeout
2025/12/22 12:36:04 Read stream error: read tcp [::1]:56845->[::1]:6379: i/o timeout
2025/12/22 12:36:14 Read stream error: read tcp [::1]:56855->[::1]:6379: i/o timeout
2025/12/22 12:36:24 Read stream error: read tcp [::1]:56872->[::1]:6379: i/o timeout
2025/12/22 12:36:34 Read stream error: read tcp [::1]:56888->[::1]:6379: i/o timeout
2025/12/22 12:36:44 Read stream error: read tcp [::1]:56902->[::1]:6379: i/o timeout
2025/12/22 12:36:54 Read stream error: read tcp [::1]:56919->[::1]:6379: i/o timeout
2025/12/22 12:37:04 Read stream error: read tcp [::1]:56933->[::1]:6379: i/o timeout
2025/12/22 12:37:14 Read stream error: read tcp [::1]:56945->[::1]:6379: i/o timeout
2025/12/22 12:37:24 Read stream error: read tcp [::1]:56959->[::1]:6379: i/o timeout
2025/12/22 12:37:34 Read stream error: read tcp [::1]:56975->[::1]:6379: i/o timeout
2025/12/22 12:37:44 Read stream error: read tcp [::1]:56989->[::1]:6379: i/o timeout
2025/12/22 12:37:54 Read stream error: read tcp [::1]:57006->[::1]:6379: i/o timeout
2025/12/22 12:38:04 Read stream error: read tcp [::1]:57018->[::1]:6379: i/o timeout
2025/12/22 12:38:14 Read stream error: read tcp [::1]:57027->[::1]:6379: i/o timeout
2025/12/22 12:38:24 Read stream error: read tcp [::1]:57045->[::1]:6379: i/o timeout
2025/12/22 12:38:34 Read stream error: read tcp [::1]:57061->[::1]:6379: i/o timeout
2025/12/22 12:38:44 Read stream error: read tcp [::1]:57075->[::1]:6379: i/o timeout
2025/12/22 12:38:54 Read stream error: read tcp [::1]:57091->[::1]:6379: i/o timeout
2025/12/22 12:39:04 Read stream error: read tcp [::1]:57103->[::1]:6379: i/o timeout
2025/12/22 12:39:14 Read stream error: read tcp [::1]:57115->[::1]:6379: i/o timeout
2025/12/22 12:39:24 Read stream error: read tcp [::1]:57128->[::1]:6379: i/o timeout
2025/12/22 12:39:34 Read stream error: read tcp [::1]:57141->[::1]:6379: i/o timeout
2025/12/22 12:39:44 Read stream error: read tcp [::1]:57154->[::1]:6379: i/o timeout
2025/12/22 12:39:54 Read stream error: read tcp [::1]:57170->[::1]:6379: i/o timeout
2025/12/22 12:40:04 Read stream error: read tcp [::1]:57183->[::1]:6379: i/o timeout
2025/12/22 12:40:14 Read stream error: read tcp [::1]:57196->[::1]:6379: i/o timeout
2025/12/22 12:40:24 Read stream error: read tcp [::1]:57216->[::1]:6379: i/o timeout
2025/12/22 12:40:34 Read stream error: read tcp [::1]:57228->[::1]:6379: i/o timeout
2025/12/22 12:40:44 Read stream error: read tcp [::1]:57240->[::1]:6379: i/o timeout
2025/12/22 12:40:54 Read stream error: read tcp [::1]:57259->[::1]:6379: i/o timeout
2025/12/22 12:41:04 Read stream error: read tcp [::1]:57271->[::1]:6379: i/o timeout
2025/12/22 12:41:14 Read stream error: read tcp [::1]:57281->[::1]:6379: i/o timeout
2025/12/22 12:41:24 Read stream error: read tcp [::1]:57304->[::1]:6379: i/o timeout
2025/12/22 12:41:34 Read stream error: read tcp [::1]:57317->[::1]:6379: i/o timeout
2025/12/22 12:41:44 Read stream error: read tcp [::1]:57326->[::1]:6379: i/o timeout
2025/12/22 12:41:54 Read stream error: read tcp [::1]:57346->[::1]:6379: i/o timeout
2025/12/22 12:42:04 Read stream error: read tcp [::1]:57359->[::1]:6379: i/o timeout
2025/12/22 12:42:14 Read stream error: read tcp [::1]:57368->[::1]:6379: i/o timeout
2025/12/22 12:42:24 Read stream error: read tcp [::1]:57385->[::1]:6379: i/o timeout
2025/12/22 12:42:34 Read stream error: read tcp [::1]:57402->[::1]:6379: i/o timeout
2025/12/22 12:42:44 Read stream error: read tcp [::1]:57415->[::1]:6379: i/o timeout
2025/12/22 12:42:54 Read stream error: read tcp [::1]:57430->[::1]:6379: i/o timeout
2025/12/22 12:43:04 Read stream error: read tcp [::1]:57443->[::1]:6379: i/o timeout
2025/12/22 12:43:14 Read stream error: read tcp [::1]:57453->[::1]:6379: i/o timeout
2025/12/22 12:43:24 Read stream error: read tcp [::1]:57467->[::1]:6379: i/o timeout
2025/12/22 12:43:34 Read stream error: read tcp [::1]:57481->[::1]:6379: i/o timeout
2025/12/22 12:43:44 Read stream error: read tcp [::1]:57491->[::1]:6379: i/o timeout
2025/12/22 12:43:54 Read stream error: read tcp [::1]:57511->[::1]:6379: i/o timeout
2025/12/22 12:44:04 Read stream error: read tcp [::1]:57524->[::1]:6379: i/o timeout
2025/12/22 12:44:14 Read stream error: read tcp [::1]:57534->[::1]:6379: i/o timeout
2025/12/22 12:44:24 Read stream error: read tcp [::1]:57551->[::1]:6379: i/o timeout
2025/12/22 12:44:34 Read stream error: read tcp [::1]:57563->[::1]:6379: i/o timeout
2025/12/22 12:44:44 Read stream error: read tcp [::1]:57573->[::1]:6379: i/o timeout
2025/12/22 12:44:54 Read stream error: read tcp [::1]:57589->[::1]:6379: i/o timeout
2025/12/22 12:45:04 Read stream error: read tcp [::1]:57602->[::1]:6379: i/o timeout
2025/12/22 12:45:14 Read stream error: read tcp [::1]:57610->[::1]:6379: i/o timeout
2025/12/22 12:45:24 Read stream error: read tcp [::1]:57625->[::1]:6379: i/o timeout
2025/12/22 12:45:34 Read stream error: read tcp [::1]:57639->[::1]:6379: i/o timeout
2025/12/22 12:45:44 Read stream error: read tcp [::1]:57648->[::1]:6379: i/o timeout
2025/12/22 12:45:54 Read stream error: read tcp [::1]:57669->[::1]:6379: i/o timeout
2025/12/22 12:46:04 Read stream error: read tcp [::1]:57680->[::1]:6379: i/o timeout
2025/12/22 12:46:14 Read stream error: read tcp [::1]:57690->[::1]:6379: i/o timeout
2025/12/22 12:46:24 Read stream error: read tcp [::1]:57712->[::1]:6379: i/o timeout
2025/12/22 12:46:34 Read stream error: read tcp [::1]:57725->[::1]:6379: i/o timeout
2025/12/22 12:46:44 Read stream error: read tcp [::1]:57735->[::1]:6379: i/o timeout
2025/12/22 12:46:54 Read stream error: read tcp [::1]:57752->[::1]:6379: i/o timeout
2025/12/22 12:47:04 Read stream error: read tcp [::1]:57766->[::1]:6379: i/o timeout
2025/12/22 12:47:14 Read stream error: read tcp [::1]:57776->[::1]:6379: i/o timeout
2025/12/22 12:47:24 Read stream error: read tcp [::1]:57795->[::1]:6379: i/o timeout
2025/12/22 12:47:34 Read stream error: read tcp [::1]:57812->[::1]:6379: i/o timeout
2025/12/22 12:47:44 Read stream error: read tcp [::1]:57823->[::1]:6379: i/o timeout
2025/12/22 12:47:54 Read stream error: read tcp [::1]:57840->[::1]:6379: i/o timeout
2025/12/22 12:48:04 Read stream error: read tcp [::1]:57857->[::1]:6379: i/o timeout
2025/12/22 12:48:14 Read stream error: read tcp [::1]:57867->[::1]:6379: i/o timeout
2025/12/22 12:48:24 Read stream error: read tcp [::1]:57881->[::1]:6379: i/o timeout
2025/12/22 12:48:34 Read stream error: read tcp [::1]:57892->[::1]:6379: i/o timeout
2025/12/22 12:48:44 Read stream error: read tcp [::1]:57914->[::1]:6379: i/o timeout
2025/12/22 12:48:54 Read stream error: read tcp [::1]:57948->[::1]:6379: i/o timeout
2025/12/22 12:49:04 Read stream error: read tcp [::1]:57965->[::1]:6379: i/o timeout
2025/12/22 12:49:14 Read stream error: read tcp [::1]:57977->[::1]:6379: i/o timeout
2025/12/22 12:49:24 Read stream error: read tcp [::1]:57990->[::1]:6379: i/o timeout
2025/12/22 12:49:34 Read stream error: read tcp [::1]:58009->[::1]:6379: i/o timeout
2025/12/22 12:49:44 Read stream error: read tcp [::1]:58022->[::1]:6379: i/o timeout
2025/12/22 12:49:54 Read stream error: read tcp [::1]:58042->[::1]:6379: i/o timeout
2025/12/22 12:50:04 Read stream error: read tcp [::1]:58053->[::1]:6379: i/o timeout
