2025/12/22 09:36:50 Starting exchange-marketdata...
2025/12/22 09:36:50 Connected to Redis
2025/12/22 09:36:50 Consuming events from exchange:events
2025/12/22 09:36:50 WebSocket server listening on :8094
2025/12/22 09:36:50 HTTP server listening on :8084
2025/12/22 09:37:00 Read stream error: read tcp [::1]:52794->[::1]:6379: i/o timeout
2025/12/22 09:37:10 Read stream error: read tcp [::1]:52847->[::1]:6379: i/o timeout
2025/12/22 09:37:20 Read stream error: read tcp [::1]:52866->[::1]:6379: i/o timeout
2025/12/22 09:37:30 Read stream error: read tcp [::1]:52898->[::1]:6379: i/o timeout
2025/12/22 09:37:40 Read stream error: read tcp [::1]:52933->[::1]:6379: i/o timeout
2025/12/22 09:37:50 Read stream error: read tcp [::1]:52957->[::1]:6379: i/o timeout
2025/12/22 09:38:00 Read stream error: read tcp [::1]:52989->[::1]:6379: i/o timeout
2025/12/22 09:38:10 Read stream error: read tcp [::1]:53016->[::1]:6379: i/o timeout
2025/12/22 09:38:20 Read stream error: read tcp [::1]:53044->[::1]:6379: i/o timeout
2025/12/22 09:38:30 Read stream error: read tcp [::1]:53067->[::1]:6379: i/o timeout
2025/12/22 09:38:40 Read stream error: read tcp [::1]:53101->[::1]:6379: i/o timeout
2025/12/22 09:38:50 Read stream error: read tcp [::1]:53125->[::1]:6379: i/o timeout
2025/12/22 09:39:00 Read stream error: read tcp [::1]:53158->[::1]:6379: i/o timeout
2025/12/22 09:39:10 Read stream error: read tcp [::1]:53179->[::1]:6379: i/o timeout
2025/12/22 09:39:20 Read stream error: read tcp [::1]:53205->[::1]:6379: i/o timeout
2025/12/22 09:39:30 Read stream error: read tcp [::1]:53235->[::1]:6379: i/o timeout
2025/12/22 09:39:40 Read stream error: read tcp [::1]:53263->[::1]:6379: i/o timeout
2025/12/22 09:39:50 Read stream error: read tcp [::1]:53295->[::1]:6379: i/o timeout
2025/12/22 09:40:00 Read stream error: read tcp [::1]:53318->[::1]:6379: i/o timeout
2025/12/22 09:40:10 Read stream error: read tcp [::1]:53341->[::1]:6379: i/o timeout
2025/12/22 09:40:20 Read stream error: read tcp [::1]:53415->[::1]:6379: i/o timeout
2025/12/22 09:40:30 Read stream error: read tcp [::1]:53441->[::1]:6379: i/o timeout
2025/12/22 09:40:40 Read stream error: read tcp [::1]:53477->[::1]:6379: i/o timeout
2025/12/22 09:40:50 Read stream error: read tcp [::1]:53493->[::1]:6379: i/o timeout
2025/12/22 09:41:00 Read stream error: read tcp [::1]:53513->[::1]:6379: i/o timeout
2025/12/22 09:41:10 Read stream error: read tcp [::1]:53545->[::1]:6379: i/o timeout
2025/12/22 09:41:20 Read stream error: read tcp [::1]:53573->[::1]:6379: i/o timeout
2025/12/22 09:41:30 Read stream error: read tcp [::1]:53592->[::1]:6379: i/o timeout
2025/12/22 09:41:40 Read stream error: read tcp [::1]:53616->[::1]:6379: i/o timeout
2025/12/22 09:41:50 Read stream error: read tcp [::1]:53629->[::1]:6379: i/o timeout
2025/12/22 09:42:00 Read stream error: read tcp [::1]:53644->[::1]:6379: i/o timeout
2025/12/22 09:42:10 Read stream error: read tcp [::1]:53670->[::1]:6379: i/o timeout
2025/12/22 09:42:20 Read stream error: read tcp [::1]:53694->[::1]:6379: i/o timeout
2025/12/22 09:42:30 Read stream error: read tcp [::1]:53717->[::1]:6379: i/o timeout
2025/12/22 09:42:40 Read stream error: read tcp [::1]:53736->[::1]:6379: i/o timeout
2025/12/22 09:42:50 Read stream error: read tcp [::1]:53756->[::1]:6379: i/o timeout
2025/12/22 09:43:00 Read stream error: read tcp [::1]:53774->[::1]:6379: i/o timeout
2025/12/22 09:43:10 Read stream error: read tcp [::1]:53806->[::1]:6379: i/o timeout
2025/12/22 09:43:20 Read stream error: read tcp [::1]:53834->[::1]:6379: i/o timeout
2025/12/22 09:43:30 Read stream error: read tcp [::1]:53860->[::1]:6379: i/o timeout
2025/12/22 09:43:44 Read stream error: read tcp [::1]:53880->[::1]:6379: i/o timeout
2025/12/22 09:44:00 Read stream error: read tcp [::1]:53916->[::1]:6379: i/o timeout
2025/12/22 09:44:10 Read stream error: read tcp [::1]:53964->[::1]:6379: i/o timeout
2025/12/22 09:44:20 Read stream error: read tcp [::1]:54001->[::1]:6379: i/o timeout
2025/12/22 09:44:30 Read stream error: read tcp [::1]:54025->[::1]:6379: i/o timeout
2025/12/22 09:44:40 Read stream error: read tcp [::1]:54048->[::1]:6379: i/o timeout
2025/12/22 09:44:50 Read stream error: read tcp [::1]:54075->[::1]:6379: i/o timeout
2025/12/22 09:45:00 Read stream error: read tcp [::1]:54108->[::1]:6379: i/o timeout
2025/12/22 09:45:11 Read stream error: read tcp [::1]:54135->[::1]:6379: i/o timeout
2025/12/22 09:45:21 Read stream error: read tcp [::1]:54168->[::1]:6379: i/o timeout
2025/12/22 09:45:31 Read stream error: read tcp [::1]:54192->[::1]:6379: i/o timeout
2025/12/22 09:45:41 Read stream error: read tcp [::1]:54228->[::1]:6379: i/o timeout
2025/12/22 09:45:51 Read stream error: read tcp [::1]:54246->[::1]:6379: i/o timeout
2025/12/22 09:46:01 Read stream error: read tcp [::1]:54271->[::1]:6379: i/o timeout
2025/12/22 09:46:11 Read stream error: read tcp [::1]:54304->[::1]:6379: i/o timeout
2025/12/22 09:46:21 Read stream error: read tcp [::1]:54344->[::1]:6379: i/o timeout
2025/12/22 09:46:31 Read stream error: read tcp [::1]:54369->[::1]:6379: i/o timeout
2025/12/22 09:46:41 Read stream error: read tcp [::1]:54409->[::1]:6379: i/o timeout
2025/12/22 09:46:51 Read stream error: read tcp [::1]:54431->[::1]:6379: i/o timeout
2025/12/22 09:47:01 Read stream error: read tcp [::1]:54474->[::1]:6379: i/o timeout
2025/12/22 09:47:11 Read stream error: read tcp [::1]:54500->[::1]:6379: i/o timeout
2025/12/22 09:47:21 Read stream error: read tcp [::1]:54515->[::1]:6379: i/o timeout
2025/12/22 09:47:31 Read stream error: read tcp [::1]:54533->[::1]:6379: i/o timeout
2025/12/22 09:47:41 Read stream error: read tcp [::1]:54565->[::1]:6379: i/o timeout
2025/12/22 09:47:51 Read stream error: read tcp [::1]:54589->[::1]:6379: i/o timeout
2025/12/22 09:48:01 Read stream error: read tcp [::1]:54614->[::1]:6379: i/o timeout
2025/12/22 09:48:11 Read stream error: read tcp [::1]:54629->[::1]:6379: i/o timeout
2025/12/22 09:48:21 Read stream error: read tcp [::1]:54640->[::1]:6379: i/o timeout
2025/12/22 09:48:31 Read stream error: read tcp [::1]:54663->[::1]:6379: i/o timeout
2025/12/22 09:48:41 Read stream error: read tcp [::1]:54683->[::1]:6379: i/o timeout
2025/12/22 09:48:51 Read stream error: read tcp [::1]:54714->[::1]:6379: i/o timeout
2025/12/22 09:49:01 Read stream error: read tcp [::1]:54740->[::1]:6379: i/o timeout
2025/12/22 09:49:11 Read stream error: read tcp [::1]:54769->[::1]:6379: i/o timeout
2025/12/22 09:49:21 Read stream error: read tcp [::1]:54785->[::1]:6379: i/o timeout
2025/12/22 09:49:31 Read stream error: read tcp [::1]:54799->[::1]:6379: i/o timeout
2025/12/22 09:49:41 Read stream error: read tcp [::1]:54813->[::1]:6379: i/o timeout
2025/12/22 09:49:51 Read stream error: read tcp [::1]:54823->[::1]:6379: i/o timeout
2025/12/22 09:50:01 Read stream error: read tcp [::1]:54839->[::1]:6379: i/o timeout
2025/12/22 09:50:11 Read stream error: read tcp [::1]:54855->[::1]:6379: i/o timeout
2025/12/22 09:50:21 Read stream error: read tcp [::1]:54884->[::1]:6379: i/o timeout
2025/12/22 09:50:31 Read stream error: read tcp [::1]:54910->[::1]:6379: i/o timeout
2025/12/22 09:50:41 Read stream error: read tcp [::1]:54930->[::1]:6379: i/o timeout
2025/12/22 09:50:51 Read stream error: read tcp [::1]:54946->[::1]:6379: i/o timeout
2025/12/22 09:51:01 Read stream error: read tcp [::1]:54989->[::1]:6379: i/o timeout
2025/12/22 09:51:11 Read stream error: read tcp [::1]:55016->[::1]:6379: i/o timeout
2025/12/22 09:51:21 Read stream error: read tcp [::1]:55040->[::1]:6379: i/o timeout
2025/12/22 09:51:31 Read stream error: read tcp [::1]:55067->[::1]:6379: i/o timeout
2025/12/22 09:51:41 Read stream error: read tcp [::1]:55086->[::1]:6379: i/o timeout
2025/12/22 09:51:51 Read stream error: read tcp [::1]:55094->[::1]:6379: i/o timeout
2025/12/22 09:52:01 Read stream error: read tcp [::1]:55107->[::1]:6379: i/o timeout
2025/12/22 09:52:11 Read stream error: read tcp [::1]:55127->[::1]:6379: i/o timeout
2025/12/22 09:52:21 Read stream error: read tcp [::1]:55150->[::1]:6379: i/o timeout
2025/12/22 09:52:31 Read stream error: read tcp [::1]:55168->[::1]:6379: i/o timeout
2025/12/22 09:52:41 Read stream error: read tcp [::1]:55184->[::1]:6379: i/o timeout
2025/12/22 09:52:51 Read stream error: read tcp [::1]:55207->[::1]:6379: i/o timeout
2025/12/22 09:53:01 Read stream error: read tcp [::1]:55220->[::1]:6379: i/o timeout
2025/12/22 09:53:11 Read stream error: read tcp [::1]:55232->[::1]:6379: i/o timeout
2025/12/22 09:53:21 Read stream error: read tcp [::1]:55244->[::1]:6379: i/o timeout
2025/12/22 09:53:31 Read stream error: read tcp [::1]:55258->[::1]:6379: i/o timeout
2025/12/22 09:53:41 Read stream error: read tcp [::1]:55270->[::1]:6379: i/o timeout
2025/12/22 09:53:51 Read stream error: read tcp [::1]:55279->[::1]:6379: i/o timeout
2025/12/22 09:54:01 Read stream error: read tcp [::1]:55300->[::1]:6379: i/o timeout
2025/12/22 09:54:11 Read stream error: read tcp [::1]:55313->[::1]:6379: i/o timeout
2025/12/22 09:54:21 Read stream error: read tcp [::1]:55323->[::1]:6379: i/o timeout
2025/12/22 09:54:31 Read stream error: read tcp [::1]:55338->[::1]:6379: i/o timeout
2025/12/22 09:54:41 Read stream error: read tcp [::1]:55350->[::1]:6379: i/o timeout
2025/12/22 09:54:51 Read stream error: read tcp [::1]:55358->[::1]:6379: i/o timeout
2025/12/22 09:55:01 Read stream error: read tcp [::1]:55370->[::1]:6379: i/o timeout
2025/12/22 09:55:11 Read stream error: read tcp [::1]:55389->[::1]:6379: i/o timeout
2025/12/22 09:55:21 Read stream error: read tcp [::1]:55398->[::1]:6379: i/o timeout
2025/12/22 09:55:31 Read stream error: read tcp [::1]:55422->[::1]:6379: i/o timeout
2025/12/22 09:55:41 Read stream error: read tcp [::1]:55441->[::1]:6379: i/o timeout
2025/12/22 09:55:51 Read stream error: read tcp [::1]:55451->[::1]:6379: i/o timeout
2025/12/22 09:56:01 Read stream error: read tcp [::1]:55472->[::1]:6379: i/o timeout
2025/12/22 09:56:11 Read stream error: read tcp [::1]:55495->[::1]:6379: i/o timeout
2025/12/22 09:56:21 Read stream error: read tcp [::1]:55508->[::1]:6379: i/o timeout
2025/12/22 09:56:31 Read stream error: read tcp [::1]:55537->[::1]:6379: i/o timeout
2025/12/22 09:56:41 Read stream error: read tcp [::1]:55551->[::1]:6379: i/o timeout
2025/12/22 09:56:51 Read stream error: read tcp [::1]:55572->[::1]:6379: i/o timeout
2025/12/22 09:57:01 Read stream error: read tcp [::1]:55602->[::1]:6379: i/o timeout
2025/12/22 09:57:11 Read stream error: read tcp [::1]:55625->[::1]:6379: i/o timeout
2025/12/22 09:57:21 Read stream error: read tcp [::1]:55650->[::1]:6379: i/o timeout
2025/12/22 09:57:31 Read stream error: read tcp [::1]:55676->[::1]:6379: i/o timeout
2025/12/22 09:57:41 Read stream error: read tcp [::1]:55716->[::1]:6379: i/o timeout
2025/12/22 09:57:51 Read stream error: read tcp [::1]:55747->[::1]:6379: i/o timeout
2025/12/22 09:58:01 Read stream error: read tcp [::1]:55764->[::1]:6379: i/o timeout
2025/12/22 09:58:11 Read stream error: read tcp [::1]:55804->[::1]:6379: i/o timeout
2025/12/22 09:58:21 Read stream error: read tcp [::1]:55819->[::1]:6379: i/o timeout
2025/12/22 09:58:31 Read stream error: read tcp [::1]:55830->[::1]:6379: i/o timeout
2025/12/22 09:58:41 Read stream error: read tcp [::1]:55852->[::1]:6379: i/o timeout
2025/12/22 09:58:51 Read stream error: read tcp [::1]:55882->[::1]:6379: i/o timeout
2025/12/22 09:59:01 Read stream error: read tcp [::1]:55898->[::1]:6379: i/o timeout
2025/12/22 09:59:11 Read stream error: read tcp [::1]:55933->[::1]:6379: i/o timeout
2025/12/22 09:59:21 Read stream error: read tcp [::1]:55952->[::1]:6379: i/o timeout
2025/12/22 09:59:31 Read stream error: read tcp [::1]:55972->[::1]:6379: i/o timeout
2025/12/22 09:59:41 Read stream error: read tcp [::1]:55994->[::1]:6379: i/o timeout
2025/12/22 09:59:51 Read stream error: read tcp [::1]:56018->[::1]:6379: i/o timeout
2025/12/22 10:00:01 Read stream error: read tcp [::1]:56036->[::1]:6379: i/o timeout
2025/12/22 10:00:11 Read stream error: read tcp [::1]:56059->[::1]:6379: i/o timeout
2025/12/22 10:00:21 Read stream error: read tcp [::1]:56098->[::1]:6379: i/o timeout
2025/12/22 10:00:31 Read stream error: read tcp [::1]:56113->[::1]:6379: i/o timeout
2025/12/22 10:00:41 Read stream error: read tcp [::1]:56140->[::1]:6379: i/o timeout
2025/12/22 10:00:51 Read stream error: read tcp [::1]:56161->[::1]:6379: i/o timeout
2025/12/22 10:01:01 Read stream error: read tcp [::1]:56187->[::1]:6379: i/o timeout
2025/12/22 10:01:11 Read stream error: read tcp [::1]:56210->[::1]:6379: i/o timeout
2025/12/22 10:01:21 Read stream error: read tcp [::1]:56234->[::1]:6379: i/o timeout
2025/12/22 10:01:31 Read stream error: read tcp [::1]:56258->[::1]:6379: i/o timeout
2025/12/22 10:01:41 Read stream error: read tcp [::1]:56282->[::1]:6379: i/o timeout
2025/12/22 10:01:51 Read stream error: read tcp [::1]:56307->[::1]:6379: i/o timeout
2025/12/22 10:02:01 Read stream error: read tcp [::1]:56329->[::1]:6379: i/o timeout
2025/12/22 10:02:11 Read stream error: read tcp [::1]:56348->[::1]:6379: i/o timeout
2025/12/22 10:02:21 Read stream error: read tcp [::1]:56370->[::1]:6379: i/o timeout
2025/12/22 10:02:31 Read stream error: read tcp [::1]:56389->[::1]:6379: i/o timeout
2025/12/22 10:02:41 Read stream error: read tcp [::1]:56411->[::1]:6379: i/o timeout
2025/12/22 10:02:51 Read stream error: read tcp [::1]:56442->[::1]:6379: i/o timeout
2025/12/22 10:03:01 Read stream error: read tcp [::1]:56479->[::1]:6379: i/o timeout
2025/12/22 10:03:11 Read stream error: read tcp [::1]:56510->[::1]:6379: i/o timeout
2025/12/22 10:03:21 Read stream error: read tcp [::1]:56547->[::1]:6379: i/o timeout
2025/12/22 10:03:31 Read stream error: read tcp [::1]:56565->[::1]:6379: i/o timeout
2025/12/22 10:03:41 Read stream error: read tcp [::1]:56577->[::1]:6379: i/o timeout
2025/12/22 10:03:51 Read stream error: read tcp [::1]:56591->[::1]:6379: i/o timeout
2025/12/22 10:04:01 Read stream error: read tcp [::1]:56609->[::1]:6379: i/o timeout
2025/12/22 10:04:11 Read stream error: read tcp [::1]:56621->[::1]:6379: i/o timeout
2025/12/22 10:04:21 Read stream error: read tcp [::1]:56638->[::1]:6379: i/o timeout
2025/12/22 10:04:31 Read stream error: read tcp [::1]:56693->[::1]:6379: i/o timeout
2025/12/22 10:04:41 Read stream error: read tcp [::1]:56727->[::1]:6379: i/o timeout
2025/12/22 10:04:51 Read stream error: read tcp [::1]:56751->[::1]:6379: i/o timeout
2025/12/22 10:05:01 Read stream error: read tcp [::1]:56768->[::1]:6379: i/o timeout
2025/12/22 10:05:11 Read stream error: read tcp [::1]:56801->[::1]:6379: i/o timeout
2025/12/22 10:05:21 Read stream error: read tcp [::1]:56828->[::1]:6379: i/o timeout
2025/12/22 10:05:31 Read stream error: read tcp [::1]:56850->[::1]:6379: i/o timeout
2025/12/22 10:05:41 Read stream error: read tcp [::1]:56888->[::1]:6379: i/o timeout
2025/12/22 10:05:51 Read stream error: read tcp [::1]:56914->[::1]:6379: i/o timeout
2025/12/22 10:06:01 Read stream error: read tcp [::1]:56935->[::1]:6379: i/o timeout
2025/12/22 10:06:11 Read stream error: read tcp [::1]:56969->[::1]:6379: i/o timeout
2025/12/22 10:06:21 Read stream error: read tcp [::1]:57011->[::1]:6379: i/o timeout
2025/12/22 10:06:31 Read stream error: read tcp [::1]:57030->[::1]:6379: i/o timeout
2025/12/22 10:06:41 Read stream error: read tcp [::1]:57051->[::1]:6379: i/o timeout
2025/12/22 10:06:51 Read stream error: read tcp [::1]:57071->[::1]:6379: i/o timeout
2025/12/22 10:07:01 Read stream error: read tcp [::1]:57094->[::1]:6379: i/o timeout
2025/12/22 10:07:11 Read stream error: read tcp [::1]:57113->[::1]:6379: i/o timeout
2025/12/22 10:07:21 Read stream error: read tcp [::1]:57129->[::1]:6379: i/o timeout
2025/12/22 10:07:31 Read stream error: read tcp [::1]:57162->[::1]:6379: i/o timeout
2025/12/22 10:07:41 Read stream error: read tcp [::1]:57178->[::1]:6379: i/o timeout
2025/12/22 10:07:51 Read stream error: read tcp [::1]:57194->[::1]:6379: i/o timeout
2025/12/22 10:08:01 Read stream error: read tcp [::1]:57215->[::1]:6379: i/o timeout
2025/12/22 10:08:11 Read stream error: read tcp [::1]:57245->[::1]:6379: i/o timeout
2025/12/22 10:08:21 Read stream error: read tcp [::1]:57289->[::1]:6379: i/o timeout
2025/12/22 10:08:31 Read stream error: read tcp [::1]:57313->[::1]:6379: i/o timeout
2025/12/22 10:08:41 Read stream error: read tcp [::1]:57352->[::1]:6379: i/o timeout
2025/12/22 10:08:51 Read stream error: read tcp [::1]:57376->[::1]:6379: i/o timeout
2025/12/22 10:09:01 Read stream error: read tcp [::1]:57399->[::1]:6379: i/o timeout
2025/12/22 10:09:11 Read stream error: read tcp [::1]:57429->[::1]:6379: i/o timeout
2025/12/22 10:09:21 Read stream error: read tcp [::1]:57452->[::1]:6379: i/o timeout
2025/12/22 10:09:31 Read stream error: read tcp [::1]:57473->[::1]:6379: i/o timeout
2025/12/22 10:09:41 Read stream error: read tcp [::1]:57490->[::1]:6379: i/o timeout
2025/12/22 10:09:51 Read stream error: read tcp [::1]:57506->[::1]:6379: i/o timeout
2025/12/22 10:10:01 Read stream error: read tcp [::1]:57534->[::1]:6379: i/o timeout
2025/12/22 10:10:11 Read stream error: read tcp [::1]:57555->[::1]:6379: i/o timeout
2025/12/22 10:10:21 Read stream error: read tcp [::1]:57573->[::1]:6379: i/o timeout
2025/12/22 10:10:31 Read stream error: read tcp [::1]:57587->[::1]:6379: i/o timeout
2025/12/22 10:10:41 Read stream error: read tcp [::1]:57600->[::1]:6379: i/o timeout
2025/12/22 10:10:51 Read stream error: read tcp [::1]:57620->[::1]:6379: i/o timeout
2025/12/22 10:11:01 Read stream error: read tcp [::1]:57655->[::1]:6379: i/o timeout
2025/12/22 10:11:11 Read stream error: read tcp [::1]:57674->[::1]:6379: i/o timeout
2025/12/22 10:11:21 Read stream error: read tcp [::1]:57699->[::1]:6379: i/o timeout
2025/12/22 10:11:31 Read stream error: read tcp [::1]:57718->[::1]:6379: i/o timeout
2025/12/22 10:11:41 Read stream error: read tcp [::1]:57749->[::1]:6379: i/o timeout
2025/12/22 10:11:51 Read stream error: read tcp [::1]:57764->[::1]:6379: i/o timeout
2025/12/22 10:12:01 Read stream error: read tcp [::1]:57778->[::1]:6379: i/o timeout
2025/12/22 10:12:11 Read stream error: read tcp [::1]:57790->[::1]:6379: i/o timeout
2025/12/22 10:12:21 Read stream error: read tcp [::1]:57818->[::1]:6379: i/o timeout
2025/12/22 10:12:31 Read stream error: read tcp [::1]:57853->[::1]:6379: i/o timeout
2025/12/22 10:12:41 Read stream error: read tcp [::1]:57895->[::1]:6379: i/o timeout
2025/12/22 10:12:51 Read stream error: read tcp [::1]:57919->[::1]:6379: i/o timeout
2025/12/22 10:13:01 Read stream error: read tcp [::1]:57940->[::1]:6379: i/o timeout
2025/12/22 10:13:11 Read stream error: read tcp [::1]:57961->[::1]:6379: i/o timeout
2025/12/22 10:13:21 Read stream error: read tcp [::1]:57989->[::1]:6379: i/o timeout
2025/12/22 10:13:31 Read stream error: read tcp [::1]:58031->[::1]:6379: i/o timeout
2025/12/22 10:13:41 Read stream error: read tcp [::1]:58055->[::1]:6379: i/o timeout
2025/12/22 10:13:51 Read stream error: read tcp [::1]:58087->[::1]:6379: i/o timeout
2025/12/22 10:14:01 Read stream error: read tcp [::1]:58110->[::1]:6379: i/o timeout
2025/12/22 10:14:11 Read stream error: read tcp [::1]:58140->[::1]:6379: i/o timeout
2025/12/22 10:14:21 Read stream error: read tcp [::1]:58162->[::1]:6379: i/o timeout
2025/12/22 10:14:31 Read stream error: read tcp [::1]:58173->[::1]:6379: i/o timeout
2025/12/22 10:14:41 Read stream error: read tcp [::1]:58194->[::1]:6379: i/o timeout
2025/12/22 10:14:51 Read stream error: read tcp [::1]:58213->[::1]:6379: i/o timeout
2025/12/22 10:15:01 Read stream error: read tcp [::1]:58237->[::1]:6379: i/o timeout
2025/12/22 10:15:11 Read stream error: read tcp [::1]:58254->[::1]:6379: i/o timeout
2025/12/22 10:15:21 Read stream error: read tcp [::1]:58276->[::1]:6379: i/o timeout
2025/12/22 10:15:31 Read stream error: read tcp [::1]:58286->[::1]:6379: i/o timeout
2025/12/22 10:15:41 Read stream error: read tcp [::1]:58301->[::1]:6379: i/o timeout
2025/12/22 10:15:51 Read stream error: read tcp [::1]:58320->[::1]:6379: i/o timeout
2025/12/22 10:16:01 Read stream error: read tcp [::1]:58354->[::1]:6379: i/o timeout
2025/12/22 10:16:11 Read stream error: read tcp [::1]:58381->[::1]:6379: i/o timeout
2025/12/22 10:16:21 Read stream error: read tcp [::1]:58406->[::1]:6379: i/o timeout
2025/12/22 10:16:31 Read stream error: read tcp [::1]:58424->[::1]:6379: i/o timeout
2025/12/22 10:16:41 Read stream error: read tcp [::1]:58453->[::1]:6379: i/o timeout
2025/12/22 10:16:51 Read stream error: read tcp [::1]:58484->[::1]:6379: i/o timeout
2025/12/22 10:17:01 Read stream error: read tcp [::1]:58500->[::1]:6379: i/o timeout
2025/12/22 10:17:11 Read stream error: read tcp [::1]:58515->[::1]:6379: i/o timeout
2025/12/22 10:17:21 Read stream error: read tcp [::1]:58532->[::1]:6379: i/o timeout
2025/12/22 10:17:31 Read stream error: read tcp [::1]:58546->[::1]:6379: i/o timeout
2025/12/22 10:17:41 Read stream error: read tcp [::1]:58556->[::1]:6379: i/o timeout
2025/12/22 10:17:51 Read stream error: read tcp [::1]:58579->[::1]:6379: i/o timeout
2025/12/22 10:18:01 Read stream error: read tcp [::1]:58586->[::1]:6379: i/o timeout
2025/12/22 10:18:11 Read stream error: read tcp [::1]:58598->[::1]:6379: i/o timeout
2025/12/22 10:18:22 Read stream error: read tcp [::1]:58610->[::1]:6379: i/o timeout
2025/12/22 10:18:32 Read stream error: read tcp [::1]:58628->[::1]:6379: i/o timeout
2025/12/22 10:18:42 Read stream error: read tcp [::1]:58641->[::1]:6379: i/o timeout
2025/12/22 10:18:52 Read stream error: read tcp [::1]:58674->[::1]:6379: i/o timeout
2025/12/22 10:19:02 Read stream error: read tcp [::1]:58686->[::1]:6379: i/o timeout
2025/12/22 10:19:12 Read stream error: read tcp [::1]:58706->[::1]:6379: i/o timeout
2025/12/22 10:19:22 Read stream error: read tcp [::1]:58736->[::1]:6379: i/o timeout
2025/12/22 10:19:32 Read stream error: read tcp [::1]:58749->[::1]:6379: i/o timeout
2025/12/22 10:19:42 Read stream error: read tcp [::1]:58773->[::1]:6379: i/o timeout
2025/12/22 10:19:52 Read stream error: read tcp [::1]:58787->[::1]:6379: i/o timeout
2025/12/22 10:20:02 Read stream error: read tcp [::1]:58805->[::1]:6379: i/o timeout
2025/12/22 10:20:12 Read stream error: read tcp [::1]:58838->[::1]:6379: i/o timeout
2025/12/22 10:20:22 Read stream error: read tcp [::1]:58854->[::1]:6379: i/o timeout
2025/12/22 10:20:32 Read stream error: read tcp [::1]:58873->[::1]:6379: i/o timeout
2025/12/22 10:20:42 Read stream error: read tcp [::1]:58886->[::1]:6379: i/o timeout
2025/12/22 10:20:52 Read stream error: read tcp [::1]:58909->[::1]:6379: i/o timeout
2025/12/22 10:21:02 Read stream error: read tcp [::1]:58938->[::1]:6379: i/o timeout
2025/12/22 10:21:12 Read stream error: read tcp [::1]:58954->[::1]:6379: i/o timeout
2025/12/22 10:21:22 Read stream error: read tcp [::1]:58978->[::1]:6379: i/o timeout
2025/12/22 10:21:32 Read stream error: read tcp [::1]:58994->[::1]:6379: i/o timeout
2025/12/22 10:21:42 Read stream error: read tcp [::1]:59007->[::1]:6379: i/o timeout
2025/12/22 10:21:52 Read stream error: read tcp [::1]:59021->[::1]:6379: i/o timeout
2025/12/22 10:22:02 Read stream error: read tcp [::1]:59030->[::1]:6379: i/o timeout
2025/12/22 10:22:12 Read stream error: read tcp [::1]:59041->[::1]:6379: i/o timeout
2025/12/22 10:22:22 Read stream error: read tcp [::1]:59054->[::1]:6379: i/o timeout
2025/12/22 10:22:32 Read stream error: read tcp [::1]:59071->[::1]:6379: i/o timeout
2025/12/22 10:22:42 Read stream error: read tcp [::1]:59099->[::1]:6379: i/o timeout
2025/12/22 10:22:52 Read stream error: read tcp [::1]:59115->[::1]:6379: i/o timeout
2025/12/22 10:23:02 Read stream error: read tcp [::1]:59142->[::1]:6379: i/o timeout
2025/12/22 10:23:12 Read stream error: read tcp [::1]:59167->[::1]:6379: i/o timeout
2025/12/22 10:23:22 Read stream error: read tcp [::1]:59198->[::1]:6379: i/o timeout
2025/12/22 10:23:32 Read stream error: read tcp [::1]:59217->[::1]:6379: i/o timeout
2025/12/22 10:23:42 Read stream error: read tcp [::1]:59241->[::1]:6379: i/o timeout
2025/12/22 10:23:52 Read stream error: read tcp [::1]:59265->[::1]:6379: i/o timeout
2025/12/22 10:24:02 Read stream error: read tcp [::1]:59276->[::1]:6379: i/o timeout
2025/12/22 10:24:12 Read stream error: read tcp [::1]:59295->[::1]:6379: i/o timeout
2025/12/22 10:24:22 Read stream error: read tcp [::1]:59312->[::1]:6379: i/o timeout
2025/12/22 10:24:32 Read stream error: read tcp [::1]:59323->[::1]:6379: i/o timeout
2025/12/22 10:24:42 Read stream error: read tcp [::1]:59342->[::1]:6379: i/o timeout
2025/12/22 10:24:52 Read stream error: read tcp [::1]:59359->[::1]:6379: i/o timeout
2025/12/22 10:25:02 Read stream error: read tcp [::1]:59377->[::1]:6379: i/o timeout
2025/12/22 10:25:12 Read stream error: read tcp [::1]:59404->[::1]:6379: i/o timeout
2025/12/22 10:25:22 Read stream error: read tcp [::1]:59422->[::1]:6379: i/o timeout
2025/12/22 10:25:32 Read stream error: read tcp [::1]:59434->[::1]:6379: i/o timeout
2025/12/22 10:25:42 Read stream error: read tcp [::1]:59451->[::1]:6379: i/o timeout
2025/12/22 10:25:52 Read stream error: read tcp [::1]:59481->[::1]:6379: i/o timeout
2025/12/22 10:26:02 Read stream error: read tcp [::1]:59499->[::1]:6379: i/o timeout
2025/12/22 10:26:12 Read stream error: read tcp [::1]:59525->[::1]:6379: i/o timeout
2025/12/22 10:26:22 Read stream error: read tcp [::1]:59554->[::1]:6379: i/o timeout
2025/12/22 10:26:32 Read stream error: read tcp [::1]:59571->[::1]:6379: i/o timeout
2025/12/22 10:26:42 Read stream error: read tcp [::1]:59582->[::1]:6379: i/o timeout
2025/12/22 10:26:52 Read stream error: read tcp [::1]:59595->[::1]:6379: i/o timeout
2025/12/22 10:27:02 Read stream error: read tcp [::1]:59603->[::1]:6379: i/o timeout
2025/12/22 10:27:12 Read stream error: read tcp [::1]:59617->[::1]:6379: i/o timeout
2025/12/22 10:27:22 Read stream error: read tcp [::1]:59638->[::1]:6379: i/o timeout
2025/12/22 10:27:32 Read stream error: read tcp [::1]:59647->[::1]:6379: i/o timeout
2025/12/22 10:27:42 Read stream error: read tcp [::1]:59662->[::1]:6379: i/o timeout
2025/12/22 10:27:52 Read stream error: read tcp [::1]:59675->[::1]:6379: i/o timeout
2025/12/22 10:28:02 Read stream error: read tcp [::1]:59683->[::1]:6379: i/o timeout
2025/12/22 10:28:12 Read stream error: read tcp [::1]:59705->[::1]:6379: i/o timeout
2025/12/22 10:28:22 Read stream error: read tcp [::1]:59717->[::1]:6379: i/o timeout
2025/12/22 10:28:32 Read stream error: read tcp [::1]:59738->[::1]:6379: i/o timeout
2025/12/22 10:28:42 Read stream error: read tcp [::1]:59749->[::1]:6379: i/o timeout
2025/12/22 10:28:52 Read stream error: read tcp [::1]:59773->[::1]:6379: i/o timeout
2025/12/22 10:29:02 Read stream error: read tcp [::1]:59786->[::1]:6379: i/o timeout
2025/12/22 10:29:12 Read stream error: read tcp [::1]:59802->[::1]:6379: i/o timeout
2025/12/22 10:29:22 Read stream error: read tcp [::1]:59816->[::1]:6379: i/o timeout
2025/12/22 10:29:32 Read stream error: read tcp [::1]:59845->[::1]:6379: i/o timeout
2025/12/22 10:29:42 Read stream error: read tcp [::1]:59864->[::1]:6379: i/o timeout
2025/12/22 10:29:52 Read stream error: read tcp [::1]:59885->[::1]:6379: i/o timeout
2025/12/22 10:30:02 Read stream error: read tcp [::1]:59896->[::1]:6379: i/o timeout
2025/12/22 10:30:12 Read stream error: read tcp [::1]:59918->[::1]:6379: i/o timeout
2025/12/22 10:30:22 Read stream error: read tcp [::1]:59944->[::1]:6379: i/o timeout
2025/12/22 10:30:32 Read stream error: read tcp [::1]:59956->[::1]:6379: i/o timeout
2025/12/22 10:30:42 Read stream error: read tcp [::1]:59974->[::1]:6379: i/o timeout
2025/12/22 10:30:52 Read stream error: read tcp [::1]:60046->[::1]:6379: i/o timeout
2025/12/22 10:31:02 Read stream error: read tcp [::1]:60070->[::1]:6379: i/o timeout
2025/12/22 10:31:12 Read stream error: read tcp [::1]:60084->[::1]:6379: i/o timeout
2025/12/22 10:31:22 Read stream error: read tcp [::1]:60096->[::1]:6379: i/o timeout
2025/12/22 10:31:32 Read stream error: read tcp [::1]:60113->[::1]:6379: i/o timeout
2025/12/22 10:31:42 Read stream error: read tcp [::1]:60139->[::1]:6379: i/o timeout
2025/12/22 10:31:52 Read stream error: read tcp [::1]:60171->[::1]:6379: i/o timeout
2025/12/22 10:32:02 Read stream error: read tcp [::1]:60197->[::1]:6379: i/o timeout
2025/12/22 10:32:12 Read stream error: read tcp [::1]:60233->[::1]:6379: i/o timeout
2025/12/22 10:32:22 Read stream error: read tcp [::1]:60262->[::1]:6379: i/o timeout
2025/12/22 10:32:32 Read stream error: read tcp [::1]:60310->[::1]:6379: i/o timeout
2025/12/22 10:32:42 Read stream error: read tcp [::1]:60329->[::1]:6379: i/o timeout
2025/12/22 10:32:52 Read stream error: read tcp [::1]:60358->[::1]:6379: i/o timeout
2025/12/22 10:33:02 Read stream error: read tcp [::1]:60370->[::1]:6379: i/o timeout
2025/12/22 10:33:12 Read stream error: read tcp [::1]:60391->[::1]:6379: i/o timeout
2025/12/22 10:33:22 Read stream error: read tcp [::1]:60405->[::1]:6379: i/o timeout
2025/12/22 10:33:32 Read stream error: read tcp [::1]:60433->[::1]:6379: i/o timeout
2025/12/22 10:33:42 Read stream error: read tcp [::1]:60470->[::1]:6379: i/o timeout
2025/12/22 10:33:52 Read stream error: read tcp [::1]:60522->[::1]:6379: i/o timeout
2025/12/22 10:34:02 Read stream error: read tcp [::1]:60564->[::1]:6379: i/o timeout
2025/12/22 10:34:12 Read stream error: read tcp [::1]:60595->[::1]:6379: i/o timeout
2025/12/22 10:34:22 Read stream error: read tcp [::1]:60646->[::1]:6379: i/o timeout
2025/12/22 10:34:32 Read stream error: read tcp [::1]:60680->[::1]:6379: i/o timeout
2025/12/22 10:34:42 Read stream error: read tcp [::1]:60717->[::1]:6379: i/o timeout
2025/12/22 10:34:52 Read stream error: read tcp [::1]:60758->[::1]:6379: i/o timeout
2025/12/22 10:35:02 Read stream error: read tcp [::1]:60791->[::1]:6379: i/o timeout
2025/12/22 10:35:12 Read stream error: read tcp [::1]:60857->[::1]:6379: i/o timeout
2025/12/22 10:35:22 Read stream error: read tcp [::1]:60882->[::1]:6379: i/o timeout
2025/12/22 10:35:32 Read stream error: read tcp [::1]:60918->[::1]:6379: i/o timeout
2025/12/22 10:35:42 Read stream error: read tcp [::1]:60945->[::1]:6379: i/o timeout
2025/12/22 10:35:52 Read stream error: read tcp [::1]:60985->[::1]:6379: i/o timeout
2025/12/22 10:36:02 Read stream error: read tcp [::1]:61007->[::1]:6379: i/o timeout
2025/12/22 10:36:12 Read stream error: read tcp [::1]:61036->[::1]:6379: i/o timeout
2025/12/22 10:36:22 Read stream error: read tcp [::1]:61073->[::1]:6379: i/o timeout
2025/12/22 10:36:32 Read stream error: read tcp [::1]:61094->[::1]:6379: i/o timeout
2025/12/22 10:36:42 Read stream error: read tcp [::1]:61111->[::1]:6379: i/o timeout
2025/12/22 10:36:52 Read stream error: read tcp [::1]:61150->[::1]:6379: i/o timeout
2025/12/22 10:37:02 Read stream error: read tcp [::1]:61172->[::1]:6379: i/o timeout
2025/12/22 10:37:12 Read stream error: read tcp [::1]:61191->[::1]:6379: i/o timeout
2025/12/22 10:37:22 Read stream error: read tcp [::1]:61221->[::1]:6379: i/o timeout
2025/12/22 10:37:32 Read stream error: read tcp [::1]:61239->[::1]:6379: i/o timeout
2025/12/22 10:37:42 Read stream error: read tcp [::1]:61256->[::1]:6379: i/o timeout
2025/12/22 10:37:52 Read stream error: read tcp [::1]:61296->[::1]:6379: i/o timeout
2025/12/22 10:38:02 Read stream error: read tcp [::1]:61336->[::1]:6379: i/o timeout
2025/12/22 10:38:12 Read stream error: read tcp [::1]:61364->[::1]:6379: i/o timeout
2025/12/22 10:38:22 Read stream error: read tcp [::1]:61388->[::1]:6379: i/o timeout
2025/12/22 10:38:32 Read stream error: read tcp [::1]:61415->[::1]:6379: i/o timeout
2025/12/22 10:38:42 Read stream error: read tcp [::1]:61448->[::1]:6379: i/o timeout
2025/12/22 10:38:52 Read stream error: read tcp [::1]:61495->[::1]:6379: i/o timeout
2025/12/22 10:39:02 Read stream error: read tcp [::1]:61523->[::1]:6379: i/o timeout
2025/12/22 10:39:12 Read stream error: read tcp [::1]:61553->[::1]:6379: i/o timeout
2025/12/22 10:39:22 Read stream error: read tcp [::1]:61581->[::1]:6379: i/o timeout
2025/12/22 10:39:32 Read stream error: read tcp [::1]:61610->[::1]:6379: i/o timeout
2025/12/22 10:39:42 Read stream error: read tcp [::1]:61640->[::1]:6379: i/o timeout
2025/12/22 10:39:52 Read stream error: read tcp [::1]:61662->[::1]:6379: i/o timeout
2025/12/22 10:40:02 Read stream error: read tcp [::1]:61684->[::1]:6379: i/o timeout
2025/12/22 10:40:12 Read stream error: read tcp [::1]:61708->[::1]:6379: i/o timeout
2025/12/22 10:40:22 Read stream error: read tcp [::1]:61740->[::1]:6379: i/o timeout
2025/12/22 10:40:32 Read stream error: read tcp [::1]:61763->[::1]:6379: i/o timeout
2025/12/22 10:40:42 Read stream error: read tcp [::1]:61787->[::1]:6379: i/o timeout
2025/12/22 10:40:52 Read stream error: read tcp [::1]:61817->[::1]:6379: i/o timeout
2025/12/22 10:41:02 Read stream error: read tcp [::1]:61849->[::1]:6379: i/o timeout
2025/12/22 10:41:12 Read stream error: read tcp [::1]:61868->[::1]:6379: i/o timeout
2025/12/22 10:41:22 Read stream error: read tcp [::1]:61891->[::1]:6379: i/o timeout
2025/12/22 10:41:32 Read stream error: read tcp [::1]:61906->[::1]:6379: i/o timeout
2025/12/22 10:41:42 Read stream error: read tcp [::1]:61929->[::1]:6379: i/o timeout
2025/12/22 10:41:52 Read stream error: read tcp [::1]:61957->[::1]:6379: i/o timeout
2025/12/22 10:42:02 Read stream error: read tcp [::1]:61970->[::1]:6379: i/o timeout
2025/12/22 10:42:12 Read stream error: read tcp [::1]:61990->[::1]:6379: i/o timeout
2025/12/22 10:42:22 Read stream error: read tcp [::1]:62008->[::1]:6379: i/o timeout
2025/12/22 10:42:32 Read stream error: read tcp [::1]:62018->[::1]:6379: i/o timeout
2025/12/22 10:42:42 Read stream error: read tcp [::1]:62035->[::1]:6379: i/o timeout
2025/12/22 10:42:52 Read stream error: read tcp [::1]:62062->[::1]:6379: i/o timeout
2025/12/22 10:43:02 Read stream error: read tcp [::1]:62085->[::1]:6379: i/o timeout
2025/12/22 10:43:12 Read stream error: read tcp [::1]:62119->[::1]:6379: i/o timeout
2025/12/22 10:43:22 Read stream error: read tcp [::1]:62137->[::1]:6379: i/o timeout
2025/12/22 10:43:32 Read stream error: read tcp [::1]:62168->[::1]:6379: i/o timeout
2025/12/22 10:43:42 Read stream error: read tcp [::1]:62199->[::1]:6379: i/o timeout
2025/12/22 10:43:52 Read stream error: read tcp [::1]:62234->[::1]:6379: i/o timeout
2025/12/22 10:44:02 Read stream error: read tcp [::1]:62258->[::1]:6379: i/o timeout
2025/12/22 10:44:12 Read stream error: read tcp [::1]:62278->[::1]:6379: i/o timeout
2025/12/22 10:44:22 Read stream error: read tcp [::1]:62293->[::1]:6379: i/o timeout
2025/12/22 10:44:32 Read stream error: read tcp [::1]:62302->[::1]:6379: i/o timeout
2025/12/22 10:44:42 Read stream error: read tcp [::1]:62325->[::1]:6379: i/o timeout
2025/12/22 10:44:52 Read stream error: read tcp [::1]:62348->[::1]:6379: i/o timeout
2025/12/22 10:45:02 Read stream error: read tcp [::1]:62363->[::1]:6379: i/o timeout
2025/12/22 10:45:12 Read stream error: read tcp [::1]:62377->[::1]:6379: i/o timeout
2025/12/22 10:45:22 Read stream error: read tcp [::1]:62395->[::1]:6379: i/o timeout
2025/12/22 10:45:32 Read stream error: read tcp [::1]:62418->[::1]:6379: i/o timeout
2025/12/22 10:45:42 Read stream error: read tcp [::1]:62438->[::1]:6379: i/o timeout
2025/12/22 10:45:52 Read stream error: read tcp [::1]:62460->[::1]:6379: i/o timeout
2025/12/22 10:46:02 Read stream error: read tcp [::1]:62481->[::1]:6379: i/o timeout
2025/12/22 10:46:12 Read stream error: read tcp [::1]:62494->[::1]:6379: i/o timeout
2025/12/22 10:46:22 Read stream error: read tcp [::1]:62531->[::1]:6379: i/o timeout
2025/12/22 10:46:32 Read stream error: read tcp [::1]:62550->[::1]:6379: i/o timeout
2025/12/22 10:46:42 Read stream error: read tcp [::1]:62576->[::1]:6379: i/o timeout
2025/12/22 10:46:52 Read stream error: read tcp [::1]:62600->[::1]:6379: i/o timeout
2025/12/22 10:47:02 Read stream error: read tcp [::1]:62624->[::1]:6379: i/o timeout
2025/12/22 10:47:12 Read stream error: read tcp [::1]:62643->[::1]:6379: i/o timeout
2025/12/22 10:47:22 Read stream error: read tcp [::1]:62664->[::1]:6379: i/o timeout
2025/12/22 10:47:32 Read stream error: read tcp [::1]:62686->[::1]:6379: i/o timeout
2025/12/22 10:47:42 Read stream error: read tcp [::1]:62706->[::1]:6379: i/o timeout
2025/12/22 10:47:52 Read stream error: read tcp [::1]:62719->[::1]:6379: i/o timeout
2025/12/22 10:48:02 Read stream error: read tcp [::1]:62739->[::1]:6379: i/o timeout
2025/12/22 10:48:12 Read stream error: read tcp [::1]:62751->[::1]:6379: i/o timeout
2025/12/22 10:48:22 Read stream error: read tcp [::1]:62779->[::1]:6379: i/o timeout
2025/12/22 10:48:32 Read stream error: read tcp [::1]:62804->[::1]:6379: i/o timeout
2025/12/22 10:48:42 Read stream error: read tcp [::1]:62825->[::1]:6379: i/o timeout
2025/12/22 10:48:52 Read stream error: read tcp [::1]:62860->[::1]:6379: i/o timeout
2025/12/22 10:49:02 Read stream error: read tcp [::1]:62884->[::1]:6379: i/o timeout
2025/12/22 10:49:12 Read stream error: read tcp [::1]:62907->[::1]:6379: i/o timeout
2025/12/22 10:49:22 Read stream error: read tcp [::1]:62930->[::1]:6379: i/o timeout
2025/12/22 10:49:32 Read stream error: read tcp [::1]:62942->[::1]:6379: i/o timeout
2025/12/22 10:49:42 Read stream error: read tcp [::1]:62968->[::1]:6379: i/o timeout
2025/12/22 10:49:52 Read stream error: read tcp [::1]:62984->[::1]:6379: i/o timeout
2025/12/22 10:50:02 Read stream error: read tcp [::1]:62999->[::1]:6379: i/o timeout
2025/12/22 10:50:12 Read stream error: read tcp [::1]:63015->[::1]:6379: i/o timeout
2025/12/22 10:50:22 Read stream error: read tcp [::1]:63043->[::1]:6379: i/o timeout
2025/12/22 10:50:32 Read stream error: read tcp [::1]:63057->[::1]:6379: i/o timeout
2025/12/22 10:50:42 Read stream error: read tcp [::1]:63078->[::1]:6379: i/o timeout
2025/12/22 10:50:52 Read stream error: read tcp [::1]:63114->[::1]:6379: i/o timeout
2025/12/22 10:51:02 Read stream error: read tcp [::1]:63132->[::1]:6379: i/o timeout
2025/12/22 10:51:12 Read stream error: read tcp [::1]:63169->[::1]:6379: i/o timeout
2025/12/22 10:51:22 Read stream error: read tcp [::1]:63201->[::1]:6379: i/o timeout
2025/12/22 10:51:32 Read stream error: read tcp [::1]:63227->[::1]:6379: i/o timeout
2025/12/22 10:51:42 Read stream error: read tcp [::1]:63253->[::1]:6379: i/o timeout
2025/12/22 10:51:52 Read stream error: read tcp [::1]:63292->[::1]:6379: i/o timeout
2025/12/22 10:52:02 Read stream error: read tcp [::1]:63352->[::1]:6379: i/o timeout
2025/12/22 10:52:12 Read stream error: read tcp [::1]:63375->[::1]:6379: i/o timeout
2025/12/22 10:52:22 Read stream error: read tcp [::1]:63397->[::1]:6379: i/o timeout
2025/12/22 10:52:32 Read stream error: read tcp [::1]:63436->[::1]:6379: i/o timeout
2025/12/22 10:52:42 Read stream error: read tcp [::1]:63465->[::1]:6379: i/o timeout
2025/12/22 10:52:52 Read stream error: read tcp [::1]:63485->[::1]:6379: i/o timeout
2025/12/22 10:53:02 Read stream error: read tcp [::1]:63499->[::1]:6379: i/o timeout
2025/12/22 10:53:12 Read stream error: read tcp [::1]:63517->[::1]:6379: i/o timeout
2025/12/22 10:53:22 Read stream error: read tcp [::1]:63534->[::1]:6379: i/o timeout
2025/12/22 10:53:32 Read stream error: read tcp [::1]:63567->[::1]:6379: i/o timeout
2025/12/22 10:53:42 Read stream error: read tcp [::1]:63595->[::1]:6379: i/o timeout
2025/12/22 10:53:52 Read stream error: read tcp [::1]:63619->[::1]:6379: i/o timeout
2025/12/22 10:54:02 Read stream error: read tcp [::1]:63632->[::1]:6379: i/o timeout
2025/12/22 10:54:12 Read stream error: read tcp [::1]:63646->[::1]:6379: i/o timeout
2025/12/22 10:54:22 Read stream error: read tcp [::1]:63665->[::1]:6379: i/o timeout
2025/12/22 10:54:32 Read stream error: read tcp [::1]:63677->[::1]:6379: i/o timeout
2025/12/22 10:54:42 Read stream error: read tcp [::1]:63698->[::1]:6379: i/o timeout
2025/12/22 10:54:52 Read stream error: read tcp [::1]:63711->[::1]:6379: i/o timeout
2025/12/22 10:55:02 Read stream error: read tcp [::1]:63725->[::1]:6379: i/o timeout
2025/12/22 10:55:12 Read stream error: read tcp [::1]:63741->[::1]:6379: i/o timeout
2025/12/22 10:55:22 Read stream error: read tcp [::1]:63755->[::1]:6379: i/o timeout
2025/12/22 10:55:32 Read stream error: read tcp [::1]:63767->[::1]:6379: i/o timeout
2025/12/22 10:55:42 Read stream error: read tcp [::1]:63782->[::1]:6379: i/o timeout
2025/12/22 10:55:52 Read stream error: read tcp [::1]:63795->[::1]:6379: i/o timeout
2025/12/22 10:56:02 Read stream error: read tcp [::1]:63807->[::1]:6379: i/o timeout
2025/12/22 10:56:12 Read stream error: read tcp [::1]:63821->[::1]:6379: i/o timeout
2025/12/22 10:56:22 Read stream error: read tcp [::1]:63832->[::1]:6379: i/o timeout
2025/12/22 10:56:32 Read stream error: read tcp [::1]:63843->[::1]:6379: i/o timeout
2025/12/22 10:56:42 Read stream error: read tcp [::1]:63854->[::1]:6379: i/o timeout
2025/12/22 10:56:52 Read stream error: read tcp [::1]:63872->[::1]:6379: i/o timeout
2025/12/22 10:57:02 Read stream error: read tcp [::1]:63891->[::1]:6379: i/o timeout
2025/12/22 10:57:12 Read stream error: read tcp [::1]:63904->[::1]:6379: i/o timeout
2025/12/22 10:57:22 Read stream error: read tcp [::1]:63914->[::1]:6379: i/o timeout
2025/12/22 10:57:32 Read stream error: read tcp [::1]:63922->[::1]:6379: i/o timeout
2025/12/22 10:57:42 Read stream error: read tcp [::1]:63933->[::1]:6379: i/o timeout
2025/12/22 10:57:52 Read stream error: read tcp [::1]:63946->[::1]:6379: i/o timeout
2025/12/22 10:58:02 Read stream error: read tcp [::1]:63957->[::1]:6379: i/o timeout
2025/12/22 10:58:12 Read stream error: read tcp [::1]:63978->[::1]:6379: i/o timeout
2025/12/22 10:58:22 Read stream error: read tcp [::1]:63989->[::1]:6379: i/o timeout
2025/12/22 10:58:32 Read stream error: read tcp [::1]:64002->[::1]:6379: i/o timeout
2025/12/22 10:58:42 Read stream error: read tcp [::1]:64014->[::1]:6379: i/o timeout
2025/12/22 10:58:52 Read stream error: read tcp [::1]:64025->[::1]:6379: i/o timeout
2025/12/22 10:59:02 Read stream error: read tcp [::1]:64038->[::1]:6379: i/o timeout
2025/12/22 10:59:12 Read stream error: read tcp [::1]:64051->[::1]:6379: i/o timeout
2025/12/22 10:59:22 Read stream error: read tcp [::1]:64063->[::1]:6379: i/o timeout
2025/12/22 10:59:32 Read stream error: read tcp [::1]:64070->[::1]:6379: i/o timeout
2025/12/22 10:59:42 Read stream error: read tcp [::1]:64083->[::1]:6379: i/o timeout
2025/12/22 10:59:52 Read stream error: read tcp [::1]:64093->[::1]:6379: i/o timeout
2025/12/22 11:00:02 Read stream error: read tcp [::1]:64106->[::1]:6379: i/o timeout
2025/12/22 11:00:12 Read stream error: read tcp [::1]:64122->[::1]:6379: i/o timeout
2025/12/22 11:00:22 Read stream error: read tcp [::1]:64151->[::1]:6379: i/o timeout
2025/12/22 11:00:32 Read stream error: read tcp [::1]:64163->[::1]:6379: i/o timeout
2025/12/22 11:00:42 Read stream error: read tcp [::1]:64179->[::1]:6379: i/o timeout
2025/12/22 11:00:52 Read stream error: read tcp [::1]:64195->[::1]:6379: i/o timeout
2025/12/22 11:01:02 Read stream error: read tcp [::1]:64210->[::1]:6379: i/o timeout
2025/12/22 11:01:12 Read stream error: read tcp [::1]:64223->[::1]:6379: i/o timeout
2025/12/22 11:01:22 Read stream error: read tcp [::1]:64237->[::1]:6379: i/o timeout
2025/12/22 11:01:32 Read stream error: read tcp [::1]:64247->[::1]:6379: i/o timeout
2025/12/22 11:01:42 Read stream error: read tcp [::1]:64258->[::1]:6379: i/o timeout
2025/12/22 11:01:52 Read stream error: read tcp [::1]:64270->[::1]:6379: i/o timeout
2025/12/22 11:02:02 Read stream error: read tcp [::1]:64282->[::1]:6379: i/o timeout
2025/12/22 11:02:12 Read stream error: read tcp [::1]:64296->[::1]:6379: i/o timeout
2025/12/22 11:02:22 Read stream error: read tcp [::1]:64314->[::1]:6379: i/o timeout
2025/12/22 11:02:32 Read stream error: read tcp [::1]:64325->[::1]:6379: i/o timeout
2025/12/22 11:02:42 Read stream error: read tcp [::1]:64336->[::1]:6379: i/o timeout
2025/12/22 11:02:52 Read stream error: read tcp [::1]:64348->[::1]:6379: i/o timeout
2025/12/22 11:03:02 Read stream error: read tcp [::1]:64359->[::1]:6379: i/o timeout
2025/12/22 11:03:12 Read stream error: read tcp [::1]:64373->[::1]:6379: i/o timeout
2025/12/22 11:03:22 Read stream error: read tcp [::1]:64386->[::1]:6379: i/o timeout
2025/12/22 11:03:32 Read stream error: read tcp [::1]:64394->[::1]:6379: i/o timeout
2025/12/22 11:03:42 Read stream error: read tcp [::1]:64407->[::1]:6379: i/o timeout
2025/12/22 11:03:52 Read stream error: read tcp [::1]:64419->[::1]:6379: i/o timeout
2025/12/22 11:04:02 Read stream error: read tcp [::1]:64431->[::1]:6379: i/o timeout
2025/12/22 11:04:12 Read stream error: read tcp [::1]:64446->[::1]:6379: i/o timeout
2025/12/22 11:04:22 Read stream error: read tcp [::1]:64457->[::1]:6379: i/o timeout
2025/12/22 11:04:32 Read stream error: read tcp [::1]:64464->[::1]:6379: i/o timeout
2025/12/22 11:04:42 Read stream error: read tcp [::1]:64476->[::1]:6379: i/o timeout
2025/12/22 11:04:52 Read stream error: read tcp [::1]:64490->[::1]:6379: i/o timeout
2025/12/22 11:05:02 Read stream error: read tcp [::1]:64499->[::1]:6379: i/o timeout
2025/12/22 11:05:12 Read stream error: read tcp [::1]:64514->[::1]:6379: i/o timeout
2025/12/22 11:05:22 Read stream error: read tcp [::1]:64526->[::1]:6379: i/o timeout
2025/12/22 11:05:32 Read stream error: read tcp [::1]:64534->[::1]:6379: i/o timeout
2025/12/22 11:05:42 Read stream error: read tcp [::1]:64546->[::1]:6379: i/o timeout
2025/12/22 11:05:52 Read stream error: read tcp [::1]:64561->[::1]:6379: i/o timeout
2025/12/22 11:06:02 Read stream error: read tcp [::1]:64570->[::1]:6379: i/o timeout
2025/12/22 11:06:12 Read stream error: read tcp [::1]:64585->[::1]:6379: i/o timeout
2025/12/22 11:06:22 Read stream error: read tcp [::1]:64596->[::1]:6379: i/o timeout
2025/12/22 11:06:32 Read stream error: read tcp [::1]:64608->[::1]:6379: i/o timeout
2025/12/22 11:06:42 Read stream error: read tcp [::1]:64617->[::1]:6379: i/o timeout
2025/12/22 11:06:52 Read stream error: read tcp [::1]:64631->[::1]:6379: i/o timeout
2025/12/22 11:07:02 Read stream error: read tcp [::1]:64640->[::1]:6379: i/o timeout
2025/12/22 11:07:12 Read stream error: read tcp [::1]:64653->[::1]:6379: i/o timeout
2025/12/22 11:07:22 Read stream error: read tcp [::1]:64665->[::1]:6379: i/o timeout
2025/12/22 11:07:32 Read stream error: read tcp [::1]:64677->[::1]:6379: i/o timeout
2025/12/22 11:07:42 Read stream error: read tcp [::1]:64688->[::1]:6379: i/o timeout
2025/12/22 11:07:52 Read stream error: read tcp [::1]:64705->[::1]:6379: i/o timeout
2025/12/22 11:08:02 Read stream error: read tcp [::1]:64718->[::1]:6379: i/o timeout
2025/12/22 11:08:12 Read stream error: read tcp [::1]:64731->[::1]:6379: i/o timeout
2025/12/22 11:08:23 Read stream error: read tcp [::1]:64741->[::1]:6379: i/o timeout
2025/12/22 11:08:33 Read stream error: read tcp [::1]:64754->[::1]:6379: i/o timeout
2025/12/22 11:08:43 Read stream error: read tcp [::1]:64766->[::1]:6379: i/o timeout
2025/12/22 11:08:53 Read stream error: read tcp [::1]:64777->[::1]:6379: i/o timeout
2025/12/22 11:09:03 Read stream error: read tcp [::1]:64791->[::1]:6379: i/o timeout
2025/12/22 11:09:13 Read stream error: read tcp [::1]:64803->[::1]:6379: i/o timeout
2025/12/22 11:09:23 Read stream error: read tcp [::1]:64815->[::1]:6379: i/o timeout
2025/12/22 11:09:33 Read stream error: read tcp [::1]:64825->[::1]:6379: i/o timeout
2025/12/22 11:09:43 Read stream error: read tcp [::1]:64834->[::1]:6379: i/o timeout
2025/12/22 11:09:53 Read stream error: read tcp [::1]:64847->[::1]:6379: i/o timeout
2025/12/22 11:10:03 Read stream error: read tcp [::1]:64858->[::1]:6379: i/o timeout
2025/12/22 11:10:13 Read stream error: read tcp [::1]:64873->[::1]:6379: i/o timeout
2025/12/22 11:10:23 Read stream error: read tcp [::1]:64887->[::1]:6379: i/o timeout
2025/12/22 11:10:33 Read stream error: read tcp [::1]:64896->[::1]:6379: i/o timeout
2025/12/22 11:10:43 Read stream error: read tcp [::1]:64905->[::1]:6379: i/o timeout
2025/12/22 11:10:53 Read stream error: read tcp [::1]:64917->[::1]:6379: i/o timeout
2025/12/22 11:11:03 Read stream error: read tcp [::1]:64929->[::1]:6379: i/o timeout
2025/12/22 11:11:13 Read stream error: read tcp [::1]:64947->[::1]:6379: i/o timeout
2025/12/22 11:11:23 Read stream error: read tcp [::1]:64961->[::1]:6379: i/o timeout
2025/12/22 11:11:33 Read stream error: read tcp [::1]:64971->[::1]:6379: i/o timeout
2025/12/22 11:11:43 Read stream error: read tcp [::1]:64983->[::1]:6379: i/o timeout
2025/12/22 11:11:53 Read stream error: read tcp [::1]:64995->[::1]:6379: i/o timeout
2025/12/22 11:12:03 Read stream error: read tcp [::1]:65007->[::1]:6379: i/o timeout
2025/12/22 11:12:13 Read stream error: read tcp [::1]:65021->[::1]:6379: i/o timeout
2025/12/22 11:12:23 Read stream error: read tcp [::1]:65036->[::1]:6379: i/o timeout
2025/12/22 11:12:33 Read stream error: read tcp [::1]:65043->[::1]:6379: i/o timeout
2025/12/22 11:12:43 Read stream error: read tcp [::1]:65055->[::1]:6379: i/o timeout
2025/12/22 11:12:53 Read stream error: read tcp [::1]:65068->[::1]:6379: i/o timeout
2025/12/22 11:13:03 Read stream error: read tcp [::1]:65079->[::1]:6379: i/o timeout
2025/12/22 11:13:13 Read stream error: read tcp [::1]:65092->[::1]:6379: i/o timeout
2025/12/22 11:13:23 Read stream error: read tcp [::1]:65104->[::1]:6379: i/o timeout
2025/12/22 11:13:33 Read stream error: read tcp [::1]:65114->[::1]:6379: i/o timeout
2025/12/22 11:13:43 Read stream error: read tcp [::1]:65124->[::1]:6379: i/o timeout
2025/12/22 11:13:53 Read stream error: read tcp [::1]:65142->[::1]:6379: i/o timeout
2025/12/22 11:14:03 Read stream error: read tcp [::1]:65153->[::1]:6379: i/o timeout
2025/12/22 11:14:13 Read stream error: read tcp [::1]:65166->[::1]:6379: i/o timeout
2025/12/22 11:14:23 Read stream error: read tcp [::1]:65178->[::1]:6379: i/o timeout
2025/12/22 11:14:33 Read stream error: read tcp [::1]:65188->[::1]:6379: i/o timeout
2025/12/22 11:14:43 Read stream error: read tcp [::1]:65198->[::1]:6379: i/o timeout
2025/12/22 11:14:53 Read stream error: read tcp [::1]:65209->[::1]:6379: i/o timeout
2025/12/22 11:15:03 Read stream error: read tcp [::1]:65222->[::1]:6379: i/o timeout
2025/12/22 11:15:13 Read stream error: read tcp [::1]:65237->[::1]:6379: i/o timeout
2025/12/22 11:15:23 Read stream error: read tcp [::1]:65251->[::1]:6379: i/o timeout
2025/12/22 11:15:33 Read stream error: read tcp [::1]:65261->[::1]:6379: i/o timeout
2025/12/22 11:15:43 Read stream error: read tcp [::1]:65272->[::1]:6379: i/o timeout
2025/12/22 11:15:53 Read stream error: read tcp [::1]:65283->[::1]:6379: i/o timeout
2025/12/22 11:16:03 Read stream error: read tcp [::1]:65295->[::1]:6379: i/o timeout
2025/12/22 11:16:13 Read stream error: read tcp [::1]:65309->[::1]:6379: i/o timeout
2025/12/22 11:16:23 Read stream error: read tcp [::1]:65323->[::1]:6379: i/o timeout
2025/12/22 11:16:33 Read stream error: read tcp [::1]:65334->[::1]:6379: i/o timeout
2025/12/22 11:16:43 Read stream error: read tcp [::1]:65343->[::1]:6379: i/o timeout
2025/12/22 11:16:53 Read stream error: read tcp [::1]:65357->[::1]:6379: i/o timeout
2025/12/22 11:17:03 Read stream error: read tcp [::1]:65365->[::1]:6379: i/o timeout
2025/12/22 11:17:13 Read stream error: read tcp [::1]:65381->[::1]:6379: i/o timeout
2025/12/22 11:17:23 Read stream error: read tcp [::1]:65394->[::1]:6379: i/o timeout
2025/12/22 11:17:33 Read stream error: read tcp [::1]:65409->[::1]:6379: i/o timeout
2025/12/22 11:17:43 Read stream error: read tcp [::1]:65422->[::1]:6379: i/o timeout
2025/12/22 11:17:53 Read stream error: read tcp [::1]:65434->[::1]:6379: i/o timeout
2025/12/22 11:18:03 Read stream error: read tcp [::1]:65447->[::1]:6379: i/o timeout
2025/12/22 11:18:13 Read stream error: read tcp [::1]:65463->[::1]:6379: i/o timeout
2025/12/22 11:18:23 Read stream error: read tcp [::1]:65473->[::1]:6379: i/o timeout
2025/12/22 11:18:33 Read stream error: read tcp [::1]:65482->[::1]:6379: i/o timeout
2025/12/22 11:18:43 Read stream error: read tcp [::1]:65492->[::1]:6379: i/o timeout
2025/12/22 11:18:53 Read stream error: read tcp [::1]:65504->[::1]:6379: i/o timeout
2025/12/22 11:19:03 Read stream error: read tcp [::1]:65514->[::1]:6379: i/o timeout
2025/12/22 11:19:13 Read stream error: read tcp [::1]:65532->[::1]:6379: i/o timeout
2025/12/22 11:19:23 Read stream error: read tcp [::1]:49161->[::1]:6379: i/o timeout
2025/12/22 11:19:33 Read stream error: read tcp [::1]:49170->[::1]:6379: i/o timeout
2025/12/22 11:19:43 Read stream error: read tcp [::1]:49181->[::1]:6379: i/o timeout
2025/12/22 11:19:53 Read stream error: read tcp [::1]:49198->[::1]:6379: i/o timeout
2025/12/22 11:20:03 Read stream error: read tcp [::1]:49207->[::1]:6379: i/o timeout
2025/12/22 11:20:13 Read stream error: read tcp [::1]:49224->[::1]:6379: i/o timeout
2025/12/22 11:20:23 Read stream error: read tcp [::1]:49235->[::1]:6379: i/o timeout
2025/12/22 11:20:33 Read stream error: read tcp [::1]:49245->[::1]:6379: i/o timeout
2025/12/22 11:20:43 Read stream error: read tcp [::1]:49255->[::1]:6379: i/o timeout
2025/12/22 11:20:53 Read stream error: read tcp [::1]:49271->[::1]:6379: i/o timeout
2025/12/22 11:21:03 Read stream error: read tcp [::1]:49279->[::1]:6379: i/o timeout
2025/12/22 11:21:13 Read stream error: read tcp [::1]:49294->[::1]:6379: i/o timeout
2025/12/22 11:21:23 Read stream error: read tcp [::1]:49310->[::1]:6379: i/o timeout
2025/12/22 11:21:33 Read stream error: read tcp [::1]:49322->[::1]:6379: i/o timeout
2025/12/22 11:21:43 Read stream error: read tcp [::1]:49334->[::1]:6379: i/o timeout
2025/12/22 11:21:53 Read stream error: read tcp [::1]:49345->[::1]:6379: i/o timeout
2025/12/22 11:22:03 Read stream error: read tcp [::1]:49352->[::1]:6379: i/o timeout
2025/12/22 11:22:13 Read stream error: read tcp [::1]:49368->[::1]:6379: i/o timeout
2025/12/22 11:22:23 Read stream error: read tcp [::1]:49382->[::1]:6379: i/o timeout
2025/12/22 11:22:33 Read stream error: read tcp [::1]:49391->[::1]:6379: i/o timeout
2025/12/22 11:22:43 Read stream error: read tcp [::1]:49402->[::1]:6379: i/o timeout
2025/12/22 11:22:53 Read stream error: read tcp [::1]:49414->[::1]:6379: i/o timeout
2025/12/22 11:23:03 Read stream error: read tcp [::1]:49422->[::1]:6379: i/o timeout
2025/12/22 11:23:13 Read stream error: read tcp [::1]:49436->[::1]:6379: i/o timeout
2025/12/22 11:23:23 Read stream error: read tcp [::1]:49450->[::1]:6379: i/o timeout
2025/12/22 11:23:33 Read stream error: read tcp [::1]:49460->[::1]:6379: i/o timeout
2025/12/22 11:23:43 Read stream error: read tcp [::1]:49471->[::1]:6379: i/o timeout
2025/12/22 11:23:53 Read stream error: read tcp [::1]:49484->[::1]:6379: i/o timeout
2025/12/22 11:24:03 Read stream error: read tcp [::1]:49496->[::1]:6379: i/o timeout
2025/12/22 11:24:13 Read stream error: read tcp [::1]:49511->[::1]:6379: i/o timeout
2025/12/22 11:24:23 Read stream error: read tcp [::1]:49523->[::1]:6379: i/o timeout
2025/12/22 11:24:33 Read stream error: read tcp [::1]:49532->[::1]:6379: i/o timeout
2025/12/22 11:24:43 Read stream error: read tcp [::1]:49543->[::1]:6379: i/o timeout
2025/12/22 11:24:53 Read stream error: read tcp [::1]:49555->[::1]:6379: i/o timeout
2025/12/22 11:25:03 Read stream error: read tcp [::1]:49562->[::1]:6379: i/o timeout
2025/12/22 11:25:13 Read stream error: read tcp [::1]:49585->[::1]:6379: i/o timeout
2025/12/22 11:25:23 Read stream error: read tcp [::1]:49598->[::1]:6379: i/o timeout
2025/12/22 11:25:33 Read stream error: read tcp [::1]:49607->[::1]:6379: i/o timeout
2025/12/22 11:25:43 Read stream error: read tcp [::1]:49620->[::1]:6379: i/o timeout
2025/12/22 11:25:53 Read stream error: read tcp [::1]:49638->[::1]:6379: i/o timeout
2025/12/22 11:26:03 Read stream error: read tcp [::1]:49648->[::1]:6379: i/o timeout
2025/12/22 11:26:13 Read stream error: read tcp [::1]:49662->[::1]:6379: i/o timeout
2025/12/22 11:26:23 Read stream error: read tcp [::1]:49674->[::1]:6379: i/o timeout
2025/12/22 11:26:33 Read stream error: read tcp [::1]:49685->[::1]:6379: i/o timeout
2025/12/22 11:26:43 Read stream error: read tcp [::1]:49695->[::1]:6379: i/o timeout
2025/12/22 11:26:53 Read stream error: read tcp [::1]:49708->[::1]:6379: i/o timeout
2025/12/22 11:27:03 Read stream error: read tcp [::1]:49715->[::1]:6379: i/o timeout
2025/12/22 11:27:13 Read stream error: read tcp [::1]:49730->[::1]:6379: i/o timeout
2025/12/22 11:27:23 Read stream error: read tcp [::1]:49744->[::1]:6379: i/o timeout
2025/12/22 11:27:33 Read stream error: read tcp [::1]:49753->[::1]:6379: i/o timeout
2025/12/22 11:27:43 Read stream error: read tcp [::1]:49763->[::1]:6379: i/o timeout
2025/12/22 11:27:53 Read stream error: read tcp [::1]:49774->[::1]:6379: i/o timeout
2025/12/22 11:28:03 Read stream error: read tcp [::1]:49784->[::1]:6379: i/o timeout
2025/12/22 11:28:13 Read stream error: read tcp [::1]:49803->[::1]:6379: i/o timeout
2025/12/22 11:28:23 Read stream error: read tcp [::1]:49814->[::1]:6379: i/o timeout
2025/12/22 11:28:33 Read stream error: read tcp [::1]:49824->[::1]:6379: i/o timeout
2025/12/22 11:28:43 Read stream error: read tcp [::1]:49833->[::1]:6379: i/o timeout
2025/12/22 11:28:53 Read stream error: read tcp [::1]:49843->[::1]:6379: i/o timeout
2025/12/22 11:29:03 Read stream error: read tcp [::1]:49856->[::1]:6379: i/o timeout
2025/12/22 11:29:13 Read stream error: read tcp [::1]:49873->[::1]:6379: i/o timeout
2025/12/22 11:29:23 Read stream error: read tcp [::1]:49884->[::1]:6379: i/o timeout
2025/12/22 11:29:33 Read stream error: read tcp [::1]:49892->[::1]:6379: i/o timeout
2025/12/22 11:29:43 Read stream error: read tcp [::1]:49905->[::1]:6379: i/o timeout
2025/12/22 11:29:53 Read stream error: read tcp [::1]:49916->[::1]:6379: i/o timeout
2025/12/22 11:30:03 Read stream error: read tcp [::1]:49923->[::1]:6379: i/o timeout
2025/12/22 11:30:13 Read stream error: read tcp [::1]:49941->[::1]:6379: i/o timeout
2025/12/22 11:30:23 Read stream error: read tcp [::1]:49954->[::1]:6379: i/o timeout
2025/12/22 11:30:33 Read stream error: read tcp [::1]:49963->[::1]:6379: i/o timeout
2025/12/22 11:30:43 Read stream error: read tcp [::1]:49978->[::1]:6379: i/o timeout
2025/12/22 11:30:53 Read stream error: read tcp [::1]:49989->[::1]:6379: i/o timeout
2025/12/22 11:31:03 Read stream error: read tcp [::1]:49999->[::1]:6379: i/o timeout
2025/12/22 11:31:13 Read stream error: read tcp [::1]:50014->[::1]:6379: i/o timeout
2025/12/22 11:31:23 Read stream error: read tcp [::1]:50028->[::1]:6379: i/o timeout
2025/12/22 11:31:33 Read stream error: read tcp [::1]:50039->[::1]:6379: i/o timeout
2025/12/22 11:31:43 Read stream error: read tcp [::1]:50048->[::1]:6379: i/o timeout
2025/12/22 11:31:53 Read stream error: read tcp [::1]:50065->[::1]:6379: i/o timeout
2025/12/22 11:32:03 Read stream error: read tcp [::1]:50074->[::1]:6379: i/o timeout
2025/12/22 11:32:13 Read stream error: read tcp [::1]:50092->[::1]:6379: i/o timeout
2025/12/22 11:32:23 Read stream error: read tcp [::1]:50102->[::1]:6379: i/o timeout
2025/12/22 11:32:33 Read stream error: read tcp [::1]:50110->[::1]:6379: i/o timeout
2025/12/22 11:32:43 Read stream error: read tcp [::1]:50121->[::1]:6379: i/o timeout
2025/12/22 11:32:53 Read stream error: read tcp [::1]:50132->[::1]:6379: i/o timeout
2025/12/22 11:33:03 Read stream error: read tcp [::1]:50142->[::1]:6379: i/o timeout
2025/12/22 11:33:13 Read stream error: read tcp [::1]:50158->[::1]:6379: i/o timeout
2025/12/22 11:33:23 Read stream error: read tcp [::1]:50170->[::1]:6379: i/o timeout
2025/12/22 11:33:33 Read stream error: read tcp [::1]:50176->[::1]:6379: i/o timeout
2025/12/22 11:33:43 Read stream error: read tcp [::1]:50187->[::1]:6379: i/o timeout
2025/12/22 11:33:53 Read stream error: read tcp [::1]:50211->[::1]:6379: i/o timeout
2025/12/22 11:34:03 Read stream error: read tcp [::1]:50221->[::1]:6379: i/o timeout
2025/12/22 11:34:13 Read stream error: read tcp [::1]:50238->[::1]:6379: i/o timeout
2025/12/22 11:34:23 Read stream error: read tcp [::1]:50249->[::1]:6379: i/o timeout
2025/12/22 11:34:33 Read stream error: read tcp [::1]:50258->[::1]:6379: i/o timeout
2025/12/22 11:34:43 Read stream error: read tcp [::1]:50269->[::1]:6379: i/o timeout
2025/12/22 11:34:53 Read stream error: read tcp [::1]:50282->[::1]:6379: i/o timeout
2025/12/22 11:35:03 Read stream error: read tcp [::1]:50289->[::1]:6379: i/o timeout
2025/12/22 11:35:13 Read stream error: read tcp [::1]:50308->[::1]:6379: i/o timeout
2025/12/22 11:35:23 Read stream error: read tcp [::1]:50321->[::1]:6379: i/o timeout
2025/12/22 11:35:33 Read stream error: read tcp [::1]:50328->[::1]:6379: i/o timeout
2025/12/22 11:35:43 Read stream error: read tcp [::1]:50341->[::1]:6379: i/o timeout
2025/12/22 11:35:53 Read stream error: read tcp [::1]:50355->[::1]:6379: i/o timeout
2025/12/22 11:36:03 Read stream error: read tcp [::1]:50364->[::1]:6379: i/o timeout
2025/12/22 11:36:13 Read stream error: read tcp [::1]:50380->[::1]:6379: i/o timeout
2025/12/22 11:36:23 Read stream error: read tcp [::1]:50392->[::1]:6379: i/o timeout
2025/12/22 11:36:33 Read stream error: read tcp [::1]:50406->[::1]:6379: i/o timeout
2025/12/22 11:36:43 Read stream error: read tcp [::1]:50418->[::1]:6379: i/o timeout
2025/12/22 11:36:53 Read stream error: read tcp [::1]:50429->[::1]:6379: i/o timeout
2025/12/22 11:37:03 Read stream error: read tcp [::1]:50437->[::1]:6379: i/o timeout
2025/12/22 11:37:13 Read stream error: read tcp [::1]:50454->[::1]:6379: i/o timeout
2025/12/22 11:37:23 Read stream error: read tcp [::1]:50467->[::1]:6379: i/o timeout
2025/12/22 11:37:33 Read stream error: read tcp [::1]:50474->[::1]:6379: i/o timeout
2025/12/22 11:37:43 Read stream error: read tcp [::1]:50486->[::1]:6379: i/o timeout
2025/12/22 11:37:53 Read stream error: read tcp [::1]:50498->[::1]:6379: i/o timeout
2025/12/22 11:38:03 Read stream error: read tcp [::1]:50507->[::1]:6379: i/o timeout
2025/12/22 11:38:13 Read stream error: read tcp [::1]:50522->[::1]:6379: i/o timeout
2025/12/22 11:38:23 Read stream error: read tcp [::1]:50543->[::1]:6379: i/o timeout
2025/12/22 11:38:33 Read stream error: read tcp [::1]:50559->[::1]:6379: i/o timeout
2025/12/22 11:38:43 Read stream error: read tcp [::1]:50572->[::1]:6379: i/o timeout
2025/12/22 11:38:53 Read stream error: read tcp [::1]:50585->[::1]:6379: i/o timeout
2025/12/22 11:39:03 Read stream error: read tcp [::1]:50594->[::1]:6379: i/o timeout
2025/12/22 11:40:22 Read stream error: read tcp [::1]:50611->[::1]:6379: i/o timeout
2025/12/22 11:40:32 Read stream error: read tcp [::1]:50649->[::1]:6379: i/o timeout
2025/12/22 11:40:42 Read stream error: read tcp [::1]:50674->[::1]:6379: i/o timeout
2025/12/22 11:40:52 Read stream error: read tcp [::1]:50697->[::1]:6379: i/o timeout
2025/12/22 11:41:02 Read stream error: read tcp [::1]:50714->[::1]:6379: i/o timeout
2025/12/22 11:41:12 Read stream error: read tcp [::1]:50734->[::1]:6379: i/o timeout
2025/12/22 11:41:22 Read stream error: read tcp [::1]:50752->[::1]:6379: i/o timeout
2025/12/22 11:41:32 Read stream error: read tcp [::1]:50774->[::1]:6379: i/o timeout
2025/12/22 11:41:42 Read stream error: read tcp [::1]:50788->[::1]:6379: i/o timeout
2025/12/22 11:41:52 Read stream error: read tcp [::1]:50808->[::1]:6379: i/o timeout
2025/12/22 11:42:02 Read stream error: read tcp [::1]:50827->[::1]:6379: i/o timeout
2025/12/22 11:42:12 Read stream error: read tcp [::1]:50849->[::1]:6379: i/o timeout
2025/12/22 11:42:22 Read stream error: read tcp [::1]:50867->[::1]:6379: i/o timeout
2025/12/22 11:42:32 Read stream error: read tcp [::1]:50881->[::1]:6379: i/o timeout
2025/12/22 11:42:42 Read stream error: read tcp [::1]:50899->[::1]:6379: i/o timeout
2025/12/22 11:42:52 Read stream error: read tcp [::1]:50915->[::1]:6379: i/o timeout
2025/12/22 11:43:02 Read stream error: read tcp [::1]:50938->[::1]:6379: i/o timeout
2025/12/22 11:43:12 Read stream error: read tcp [::1]:50952->[::1]:6379: i/o timeout
2025/12/22 11:43:22 Read stream error: read tcp [::1]:50981->[::1]:6379: i/o timeout
2025/12/22 11:43:32 Read stream error: read tcp [::1]:51008->[::1]:6379: i/o timeout
2025/12/22 11:43:42 Read stream error: read tcp [::1]:51030->[::1]:6379: i/o timeout
2025/12/22 11:43:52 Read stream error: read tcp [::1]:51063->[::1]:6379: i/o timeout
2025/12/22 11:44:02 Read stream error: read tcp [::1]:51090->[::1]:6379: i/o timeout
2025/12/22 11:44:12 Read stream error: read tcp [::1]:51103->[::1]:6379: i/o timeout
2025/12/22 11:44:22 Read stream error: read tcp [::1]:51127->[::1]:6379: i/o timeout
2025/12/22 11:44:32 Read stream error: read tcp [::1]:51143->[::1]:6379: i/o timeout
2025/12/22 11:44:42 Read stream error: read tcp [::1]:51165->[::1]:6379: i/o timeout
2025/12/22 11:44:52 Read stream error: read tcp [::1]:51178->[::1]:6379: i/o timeout
2025/12/22 11:45:02 Read stream error: read tcp [::1]:51193->[::1]:6379: i/o timeout
2025/12/22 11:45:12 Read stream error: read tcp [::1]:51204->[::1]:6379: i/o timeout
2025/12/22 11:45:22 Read stream error: read tcp [::1]:51231->[::1]:6379: i/o timeout
2025/12/22 11:45:32 Read stream error: read tcp [::1]:51263->[::1]:6379: i/o timeout
2025/12/22 11:45:42 Read stream error: read tcp [::1]:51280->[::1]:6379: i/o timeout
2025/12/22 11:45:52 Read stream error: read tcp [::1]:51307->[::1]:6379: i/o timeout
2025/12/22 11:46:02 Read stream error: read tcp [::1]:51354->[::1]:6379: i/o timeout
2025/12/22 11:46:12 Read stream error: read tcp [::1]:51365->[::1]:6379: i/o timeout
2025/12/22 11:46:22 Read stream error: read tcp [::1]:51392->[::1]:6379: i/o timeout
2025/12/22 11:46:32 Read stream error: read tcp [::1]:51420->[::1]:6379: i/o timeout
2025/12/22 11:46:42 Read stream error: read tcp [::1]:51431->[::1]:6379: i/o timeout
2025/12/22 11:46:52 Read stream error: read tcp [::1]:51450->[::1]:6379: i/o timeout
2025/12/22 11:47:02 Read stream error: read tcp [::1]:51471->[::1]:6379: i/o timeout
2025/12/22 11:47:12 Read stream error: read tcp [::1]:51485->[::1]:6379: i/o timeout
2025/12/22 11:47:22 Read stream error: read tcp [::1]:51504->[::1]:6379: i/o timeout
2025/12/22 11:47:32 Read stream error: read tcp [::1]:51523->[::1]:6379: i/o timeout
2025/12/22 11:47:42 Read stream error: read tcp [::1]:51540->[::1]:6379: i/o timeout
2025/12/22 11:47:52 Read stream error: read tcp [::1]:51555->[::1]:6379: i/o timeout
2025/12/22 11:48:02 Read stream error: read tcp [::1]:51581->[::1]:6379: i/o timeout
2025/12/22 11:48:12 Read stream error: read tcp [::1]:51598->[::1]:6379: i/o timeout
2025/12/22 11:48:22 Read stream error: read tcp [::1]:51623->[::1]:6379: i/o timeout
2025/12/22 11:48:32 Read stream error: read tcp [::1]:51641->[::1]:6379: i/o timeout
2025/12/22 11:48:42 Read stream error: read tcp [::1]:51667->[::1]:6379: i/o timeout
2025/12/22 11:48:52 Read stream error: read tcp [::1]:51694->[::1]:6379: i/o timeout
2025/12/22 11:49:02 Read stream error: read tcp [::1]:51717->[::1]:6379: i/o timeout
2025/12/22 11:49:12 Read stream error: read tcp [::1]:51733->[::1]:6379: i/o timeout
2025/12/22 11:49:22 Read stream error: read tcp [::1]:51757->[::1]:6379: i/o timeout
2025/12/22 11:49:32 Read stream error: read tcp [::1]:51771->[::1]:6379: i/o timeout
2025/12/22 11:49:42 Read stream error: read tcp [::1]:51803->[::1]:6379: i/o timeout
2025/12/22 11:49:52 Read stream error: read tcp [::1]:51833->[::1]:6379: i/o timeout
2025/12/22 11:50:02 Read stream error: read tcp [::1]:51854->[::1]:6379: i/o timeout
2025/12/22 11:50:13 Read stream error: read tcp [::1]:51863->[::1]:6379: i/o timeout
2025/12/22 11:50:23 Read stream error: read tcp [::1]:51881->[::1]:6379: i/o timeout
2025/12/22 11:50:33 Read stream error: read tcp [::1]:51909->[::1]:6379: i/o timeout
2025/12/22 11:50:43 Read stream error: read tcp [::1]:51927->[::1]:6379: i/o timeout
2025/12/22 11:50:53 Read stream error: read tcp [::1]:51939->[::1]:6379: i/o timeout
2025/12/22 11:51:03 Read stream error: read tcp [::1]:51949->[::1]:6379: i/o timeout
2025/12/22 11:51:13 Read stream error: read tcp [::1]:51963->[::1]:6379: i/o timeout
2025/12/22 11:51:23 Read stream error: read tcp [::1]:51977->[::1]:6379: i/o timeout
2025/12/22 11:51:33 Read stream error: read tcp [::1]:52004->[::1]:6379: i/o timeout
2025/12/22 11:51:43 Read stream error: read tcp [::1]:52016->[::1]:6379: i/o timeout
2025/12/22 11:51:53 Read stream error: read tcp [::1]:52044->[::1]:6379: i/o timeout
2025/12/22 11:52:03 Read stream error: read tcp [::1]:52065->[::1]:6379: i/o timeout
2025/12/22 11:52:13 Read stream error: read tcp [::1]:52088->[::1]:6379: i/o timeout
2025/12/22 11:52:23 Read stream error: read tcp [::1]:52102->[::1]:6379: i/o timeout
2025/12/22 11:52:33 Read stream error: read tcp [::1]:52117->[::1]:6379: i/o timeout
2025/12/22 11:52:43 Read stream error: read tcp [::1]:52132->[::1]:6379: i/o timeout
2025/12/22 11:52:53 Read stream error: read tcp [::1]:52145->[::1]:6379: i/o timeout
2025/12/22 11:53:03 Read stream error: read tcp [::1]:52165->[::1]:6379: i/o timeout
2025/12/22 11:53:13 Read stream error: read tcp [::1]:52174->[::1]:6379: i/o timeout
2025/12/22 11:53:23 Read stream error: read tcp [::1]:52191->[::1]:6379: i/o timeout
2025/12/22 11:53:33 Read stream error: read tcp [::1]:52212->[::1]:6379: i/o timeout
2025/12/22 11:53:43 Read stream error: read tcp [::1]:52237->[::1]:6379: i/o timeout
2025/12/22 11:53:53 Read stream error: read tcp [::1]:52253->[::1]:6379: i/o timeout
2025/12/22 11:54:03 Read stream error: read tcp [::1]:52280->[::1]:6379: i/o timeout
2025/12/22 11:54:13 Read stream error: read tcp [::1]:52300->[::1]:6379: i/o timeout
2025/12/22 11:54:23 Read stream error: read tcp [::1]:52318->[::1]:6379: i/o timeout
2025/12/22 11:54:33 Read stream error: read tcp [::1]:52335->[::1]:6379: i/o timeout
2025/12/22 11:54:43 Read stream error: read tcp [::1]:52360->[::1]:6379: i/o timeout
2025/12/22 11:54:53 Read stream error: read tcp [::1]:52396->[::1]:6379: i/o timeout
2025/12/22 11:55:03 Read stream error: read tcp [::1]:52413->[::1]:6379: i/o timeout
2025/12/22 11:55:13 Read stream error: read tcp [::1]:52467->[::1]:6379: i/o timeout
2025/12/22 11:55:23 Read stream error: read tcp [::1]:52513->[::1]:6379: i/o timeout
2025/12/22 11:55:33 Read stream error: read tcp [::1]:52556->[::1]:6379: i/o timeout
2025/12/22 11:55:43 Read stream error: read tcp [::1]:52597->[::1]:6379: i/o timeout
2025/12/22 11:55:53 Read stream error: read tcp [::1]:52619->[::1]:6379: i/o timeout
2025/12/22 11:56:03 Read stream error: read tcp [::1]:52640->[::1]:6379: i/o timeout
2025/12/22 11:56:13 Read stream error: read tcp [::1]:52659->[::1]:6379: i/o timeout
2025/12/22 11:56:23 Read stream error: read tcp [::1]:52684->[::1]:6379: i/o timeout
2025/12/22 11:56:33 Read stream error: read tcp [::1]:52718->[::1]:6379: i/o timeout
2025/12/22 11:56:43 Read stream error: read tcp [::1]:52731->[::1]:6379: i/o timeout
2025/12/22 11:56:53 Read stream error: read tcp [::1]:52747->[::1]:6379: i/o timeout
2025/12/22 11:57:03 Read stream error: read tcp [::1]:52770->[::1]:6379: i/o timeout
2025/12/22 11:57:13 Read stream error: read tcp [::1]:52795->[::1]:6379: i/o timeout
2025/12/22 11:57:23 Read stream error: read tcp [::1]:52813->[::1]:6379: i/o timeout
2025/12/22 11:57:33 Read stream error: read tcp [::1]:52844->[::1]:6379: i/o timeout
2025/12/22 11:57:43 Read stream error: read tcp [::1]:52862->[::1]:6379: i/o timeout
2025/12/22 11:57:53 Read stream error: read tcp [::1]:52881->[::1]:6379: i/o timeout
2025/12/22 11:58:03 Read stream error: read tcp [::1]:52902->[::1]:6379: i/o timeout
2025/12/22 11:58:13 Read stream error: read tcp [::1]:52920->[::1]:6379: i/o timeout
2025/12/22 11:58:23 Read stream error: read tcp [::1]:52936->[::1]:6379: i/o timeout
2025/12/22 11:58:33 Read stream error: read tcp [::1]:52954->[::1]:6379: i/o timeout
2025/12/22 11:58:43 Read stream error: read tcp [::1]:52979->[::1]:6379: i/o timeout
2025/12/22 11:58:53 Read stream error: read tcp [::1]:52998->[::1]:6379: i/o timeout
2025/12/22 11:59:03 Read stream error: read tcp [::1]:53026->[::1]:6379: i/o timeout
2025/12/22 11:59:13 Read stream error: read tcp [::1]:53037->[::1]:6379: i/o timeout
2025/12/22 11:59:23 Read stream error: read tcp [::1]:53049->[::1]:6379: i/o timeout
2025/12/22 11:59:33 Read stream error: read tcp [::1]:53068->[::1]:6379: i/o timeout
2025/12/22 11:59:43 Read stream error: read tcp [::1]:53082->[::1]:6379: i/o timeout
2025/12/22 11:59:53 Read stream error: read tcp [::1]:53096->[::1]:6379: i/o timeout
2025/12/22 12:00:03 Read stream error: read tcp [::1]:53118->[::1]:6379: i/o timeout
2025/12/22 12:00:13 Read stream error: read tcp [::1]:53132->[::1]:6379: i/o timeout
2025/12/22 12:00:23 Read stream error: read tcp [::1]:53152->[::1]:6379: i/o timeout
2025/12/22 12:00:33 Read stream error: read tcp [::1]:53168->[::1]:6379: i/o timeout
2025/12/22 12:00:43 Read stream error: read tcp [::1]:53178->[::1]:6379: i/o timeout
2025/12/22 12:00:53 Read stream error: read tcp [::1]:53193->[::1]:6379: i/o timeout
2025/12/22 12:01:03 Read stream error: read tcp [::1]:53207->[::1]:6379: i/o timeout
2025/12/22 12:01:13 Read stream error: read tcp [::1]:53216->[::1]:6379: i/o timeout
2025/12/22 12:01:23 Read stream error: read tcp [::1]:53228->[::1]:6379: i/o timeout
2025/12/22 12:01:33 Read stream error: read tcp [::1]:53248->[::1]:6379: i/o timeout
2025/12/22 12:01:43 Read stream error: read tcp [::1]:53258->[::1]:6379: i/o timeout
2025/12/22 12:01:53 Read stream error: read tcp [::1]:53273->[::1]:6379: i/o timeout
2025/12/22 12:02:03 Read stream error: read tcp [::1]:53287->[::1]:6379: i/o timeout
2025/12/22 12:02:13 Read stream error: read tcp [::1]:53297->[::1]:6379: i/o timeout
2025/12/22 12:02:23 Read stream error: read tcp [::1]:53308->[::1]:6379: i/o timeout
2025/12/22 12:02:33 Read stream error: read tcp [::1]:53332->[::1]:6379: i/o timeout
2025/12/22 12:02:43 Read stream error: read tcp [::1]:53343->[::1]:6379: i/o timeout
2025/12/22 12:02:53 Read stream error: read tcp [::1]:53353->[::1]:6379: i/o timeout
2025/12/22 12:03:03 Read stream error: read tcp [::1]:53368->[::1]:6379: i/o timeout
2025/12/22 12:03:13 Read stream error: read tcp [::1]:53377->[::1]:6379: i/o timeout
2025/12/22 12:03:23 Read stream error: read tcp [::1]:53393->[::1]:6379: i/o timeout
2025/12/22 12:03:33 Read stream error: read tcp [::1]:53408->[::1]:6379: i/o timeout
2025/12/22 12:03:43 Read stream error: read tcp [::1]:53420->[::1]:6379: i/o timeout
2025/12/22 12:03:53 Read stream error: read tcp [::1]:53432->[::1]:6379: i/o timeout
2025/12/22 12:04:03 Read stream error: read tcp [::1]:53447->[::1]:6379: i/o timeout
2025/12/22 12:04:13 Read stream error: read tcp [::1]:53458->[::1]:6379: i/o timeout
2025/12/22 12:04:23 Read stream error: read tcp [::1]:53472->[::1]:6379: i/o timeout
2025/12/22 12:04:33 Read stream error: read tcp [::1]:53487->[::1]:6379: i/o timeout
2025/12/22 12:04:43 Read stream error: read tcp [::1]:53499->[::1]:6379: i/o timeout
2025/12/22 12:04:53 Read stream error: read tcp [::1]:53512->[::1]:6379: i/o timeout
2025/12/22 12:05:03 Read stream error: read tcp [::1]:53527->[::1]:6379: i/o timeout
2025/12/22 12:05:13 Read stream error: read tcp [::1]:53535->[::1]:6379: i/o timeout
2025/12/22 12:05:23 Read stream error: read tcp [::1]:53549->[::1]:6379: i/o timeout
2025/12/22 12:05:33 Read stream error: read tcp [::1]:53565->[::1]:6379: i/o timeout
2025/12/22 12:05:43 Read stream error: read tcp [::1]:53574->[::1]:6379: i/o timeout
2025/12/22 12:05:53 Read stream error: read tcp [::1]:53589->[::1]:6379: i/o timeout
2025/12/22 12:06:03 Read stream error: read tcp [::1]:53604->[::1]:6379: i/o timeout
2025/12/22 12:06:13 Read stream error: read tcp [::1]:53612->[::1]:6379: i/o timeout
2025/12/22 12:06:23 Read stream error: read tcp [::1]:53626->[::1]:6379: i/o timeout
2025/12/22 12:06:33 Read stream error: read tcp [::1]:53642->[::1]:6379: i/o timeout
2025/12/22 12:06:43 Read stream error: read tcp [::1]:53651->[::1]:6379: i/o timeout
2025/12/22 12:06:53 Read stream error: read tcp [::1]:53664->[::1]:6379: i/o timeout
2025/12/22 12:07:03 Read stream error: read tcp [::1]:53681->[::1]:6379: i/o timeout
2025/12/22 12:07:13 Read stream error: read tcp [::1]:53691->[::1]:6379: i/o timeout
2025/12/22 12:07:23 Read stream error: read tcp [::1]:53705->[::1]:6379: i/o timeout
2025/12/22 12:07:33 Read stream error: read tcp [::1]:53720->[::1]:6379: i/o timeout
2025/12/22 12:07:43 Read stream error: read tcp [::1]:53731->[::1]:6379: i/o timeout
2025/12/22 12:07:53 Read stream error: read tcp [::1]:53745->[::1]:6379: i/o timeout
2025/12/22 12:08:03 Read stream error: read tcp [::1]:53758->[::1]:6379: i/o timeout
2025/12/22 12:08:13 Read stream error: read tcp [::1]:53766->[::1]:6379: i/o timeout
2025/12/22 12:08:23 Read stream error: read tcp [::1]:53777->[::1]:6379: i/o timeout
2025/12/22 12:08:33 Read stream error: read tcp [::1]:53802->[::1]:6379: i/o timeout
2025/12/22 12:08:43 Read stream error: read tcp [::1]:53816->[::1]:6379: i/o timeout
2025/12/22 12:08:53 Read stream error: read tcp [::1]:53834->[::1]:6379: i/o timeout
2025/12/22 12:09:03 Read stream error: read tcp [::1]:53848->[::1]:6379: i/o timeout
2025/12/22 12:09:13 Read stream error: read tcp [::1]:53857->[::1]:6379: i/o timeout
2025/12/22 12:09:23 Read stream error: read tcp [::1]:53870->[::1]:6379: i/o timeout
2025/12/22 12:09:33 Read stream error: read tcp [::1]:53888->[::1]:6379: i/o timeout
2025/12/22 12:09:43 Read stream error: read tcp [::1]:53902->[::1]:6379: i/o timeout
2025/12/22 12:09:53 Read stream error: read tcp [::1]:53914->[::1]:6379: i/o timeout
2025/12/22 12:10:03 Read stream error: read tcp [::1]:53927->[::1]:6379: i/o timeout
2025/12/22 12:10:13 Read stream error: read tcp [::1]:53945->[::1]:6379: i/o timeout
2025/12/22 12:10:23 Read stream error: read tcp [::1]:53966->[::1]:6379: i/o timeout
2025/12/22 12:10:33 Read stream error: read tcp [::1]:53991->[::1]:6379: i/o timeout
2025/12/22 12:10:43 Read stream error: read tcp [::1]:54014->[::1]:6379: i/o timeout
2025/12/22 12:10:53 Read stream error: read tcp [::1]:54030->[::1]:6379: i/o timeout
2025/12/22 12:11:03 Read stream error: read tcp [::1]:54047->[::1]:6379: i/o timeout
2025/12/22 12:11:13 Read stream error: read tcp [::1]:54055->[::1]:6379: i/o timeout
2025/12/22 12:11:23 Read stream error: read tcp [::1]:54072->[::1]:6379: i/o timeout
2025/12/22 12:11:33 Read stream error: read tcp [::1]:54088->[::1]:6379: i/o timeout
2025/12/22 12:11:43 Read stream error: read tcp [::1]:54112->[::1]:6379: i/o timeout
2025/12/22 12:11:53 Read stream error: read tcp [::1]:54142->[::1]:6379: i/o timeout
2025/12/22 12:12:03 Read stream error: read tcp [::1]:54167->[::1]:6379: i/o timeout
2025/12/22 12:12:13 Read stream error: read tcp [::1]:54179->[::1]:6379: i/o timeout
2025/12/22 12:12:23 Read stream error: read tcp [::1]:54194->[::1]:6379: i/o timeout
2025/12/22 12:12:33 Read stream error: read tcp [::1]:54211->[::1]:6379: i/o timeout
2025/12/22 12:12:43 Read stream error: read tcp [::1]:54227->[::1]:6379: i/o timeout
2025/12/22 12:12:53 Read stream error: read tcp [::1]:54242->[::1]:6379: i/o timeout
2025/12/22 12:13:03 Read stream error: read tcp [::1]:54273->[::1]:6379: i/o timeout
2025/12/22 12:13:13 Read stream error: read tcp [::1]:54300->[::1]:6379: i/o timeout
2025/12/22 12:13:23 Read stream error: read tcp [::1]:54358->[::1]:6379: i/o timeout
2025/12/22 12:13:33 Read stream error: read tcp [::1]:54392->[::1]:6379: i/o timeout
2025/12/22 12:13:43 Read stream error: read tcp [::1]:54430->[::1]:6379: i/o timeout
2025/12/22 12:13:53 Read stream error: read tcp [::1]:54463->[::1]:6379: i/o timeout
2025/12/22 12:14:03 Read stream error: read tcp [::1]:54505->[::1]:6379: i/o timeout
2025/12/22 12:14:13 Read stream error: read tcp [::1]:54531->[::1]:6379: i/o timeout
2025/12/22 12:14:23 Read stream error: read tcp [::1]:54555->[::1]:6379: i/o timeout
2025/12/22 12:14:33 Read stream error: read tcp [::1]:54578->[::1]:6379: i/o timeout
2025/12/22 12:14:43 Read stream error: read tcp [::1]:54595->[::1]:6379: i/o timeout
2025/12/22 12:14:53 Read stream error: read tcp [::1]:54627->[::1]:6379: i/o timeout
2025/12/22 12:15:03 Read stream error: read tcp [::1]:54646->[::1]:6379: i/o timeout
2025/12/22 12:15:13 Read stream error: read tcp [::1]:54661->[::1]:6379: i/o timeout
2025/12/22 12:15:23 Read stream error: read tcp [::1]:54683->[::1]:6379: i/o timeout
2025/12/22 12:15:33 Read stream error: read tcp [::1]:54698->[::1]:6379: i/o timeout
2025/12/22 12:15:43 Read stream error: read tcp [::1]:54710->[::1]:6379: i/o timeout
2025/12/22 12:15:53 Read stream error: read tcp [::1]:54727->[::1]:6379: i/o timeout
2025/12/22 12:16:03 Read stream error: read tcp [::1]:54745->[::1]:6379: i/o timeout
2025/12/22 12:16:13 Read stream error: read tcp [::1]:54759->[::1]:6379: i/o timeout
2025/12/22 12:16:23 Read stream error: read tcp [::1]:54773->[::1]:6379: i/o timeout
2025/12/22 12:16:33 Read stream error: read tcp [::1]:54790->[::1]:6379: i/o timeout
2025/12/22 12:16:43 Read stream error: read tcp [::1]:54804->[::1]:6379: i/o timeout
2025/12/22 12:16:53 Read stream error: read tcp [::1]:54836->[::1]:6379: i/o timeout
2025/12/22 12:17:03 Read stream error: read tcp [::1]:54850->[::1]:6379: i/o timeout
2025/12/22 12:17:13 Read stream error: read tcp [::1]:54875->[::1]:6379: i/o timeout
2025/12/22 12:17:23 Read stream error: read tcp [::1]:54893->[::1]:6379: i/o timeout
2025/12/22 12:17:33 Read stream error: read tcp [::1]:54907->[::1]:6379: i/o timeout
2025/12/22 12:17:43 Read stream error: read tcp [::1]:54927->[::1]:6379: i/o timeout
2025/12/22 12:17:53 Read stream error: read tcp [::1]:54940->[::1]:6379: i/o timeout
2025/12/22 12:18:03 Read stream error: read tcp [::1]:54955->[::1]:6379: i/o timeout
2025/12/22 12:18:13 Read stream error: read tcp [::1]:54977->[::1]:6379: i/o timeout
2025/12/22 12:18:23 Read stream error: read tcp [::1]:55008->[::1]:6379: i/o timeout
2025/12/22 12:18:33 Read stream error: read tcp [::1]:55021->[::1]:6379: i/o timeout
2025/12/22 12:18:43 Read stream error: read tcp [::1]:55054->[::1]:6379: i/o timeout
2025/12/22 12:18:53 Read stream error: read tcp [::1]:55073->[::1]:6379: i/o timeout
2025/12/22 12:19:03 Read stream error: read tcp [::1]:55112->[::1]:6379: i/o timeout
2025/12/22 12:19:13 Read stream error: read tcp [::1]:55129->[::1]:6379: i/o timeout
2025/12/22 12:19:23 Read stream error: read tcp [::1]:55150->[::1]:6379: i/o timeout
2025/12/22 12:19:33 Read stream error: read tcp [::1]:55163->[::1]:6379: i/o timeout
2025/12/22 12:19:43 Read stream error: read tcp [::1]:55176->[::1]:6379: i/o timeout
2025/12/22 12:19:53 Read stream error: read tcp [::1]:55194->[::1]:6379: i/o timeout
2025/12/22 12:20:03 Read stream error: read tcp [::1]:55208->[::1]:6379: i/o timeout
2025/12/22 12:20:13 Read stream error: read tcp [::1]:55217->[::1]:6379: i/o timeout
2025/12/22 12:20:23 Read stream error: read tcp [::1]:55234->[::1]:6379: i/o timeout
2025/12/22 12:20:33 Read stream error: read tcp [::1]:55253->[::1]:6379: i/o timeout
2025/12/22 12:20:43 Read stream error: read tcp [::1]:55265->[::1]:6379: i/o timeout
2025/12/22 12:20:53 Read stream error: read tcp [::1]:55281->[::1]:6379: i/o timeout
2025/12/22 12:21:03 Read stream error: read tcp [::1]:55292->[::1]:6379: i/o timeout
2025/12/22 12:21:13 Read stream error: read tcp [::1]:55300->[::1]:6379: i/o timeout
2025/12/22 12:21:23 Read stream error: read tcp [::1]:55316->[::1]:6379: i/o timeout
2025/12/22 12:21:33 Read stream error: read tcp [::1]:55328->[::1]:6379: i/o timeout
2025/12/22 12:21:43 Read stream error: read tcp [::1]:55342->[::1]:6379: i/o timeout
2025/12/22 12:21:53 Read stream error: read tcp [::1]:55355->[::1]:6379: i/o timeout
2025/12/22 12:22:03 Read stream error: read tcp [::1]:55369->[::1]:6379: i/o timeout
2025/12/22 12:22:13 Read stream error: read tcp [::1]:55380->[::1]:6379: i/o timeout
2025/12/22 12:22:23 Read stream error: read tcp [::1]:55401->[::1]:6379: i/o timeout
2025/12/22 12:22:33 Read stream error: read tcp [::1]:55427->[::1]:6379: i/o timeout
2025/12/22 12:22:43 Read stream error: read tcp [::1]:55461->[::1]:6379: i/o timeout
2025/12/22 12:22:53 Read stream error: read tcp [::1]:55490->[::1]:6379: i/o timeout
2025/12/22 12:23:03 Read stream error: read tcp [::1]:55516->[::1]:6379: i/o timeout
2025/12/22 12:23:13 Read stream error: read tcp [::1]:55546->[::1]:6379: i/o timeout
2025/12/22 12:23:23 Read stream error: read tcp [::1]:55581->[::1]:6379: i/o timeout
2025/12/22 12:23:33 Read stream error: read tcp [::1]:55609->[::1]:6379: i/o timeout
2025/12/22 12:23:43 Read stream error: read tcp [::1]:55638->[::1]:6379: i/o timeout
2025/12/22 12:23:53 Read stream error: read tcp [::1]:55657->[::1]:6379: i/o timeout
2025/12/22 12:24:03 Read stream error: read tcp [::1]:55675->[::1]:6379: i/o timeout
2025/12/22 12:24:13 Read stream error: read tcp [::1]:55697->[::1]:6379: i/o timeout
2025/12/22 12:24:23 Read stream error: read tcp [::1]:55725->[::1]:6379: i/o timeout
2025/12/22 12:24:33 Read stream error: read tcp [::1]:55737->[::1]:6379: i/o timeout
2025/12/22 12:24:43 Read stream error: read tcp [::1]:55753->[::1]:6379: i/o timeout
2025/12/22 12:24:53 Read stream error: read tcp [::1]:55767->[::1]:6379: i/o timeout
2025/12/22 12:25:03 Read stream error: read tcp [::1]:55783->[::1]:6379: i/o timeout
2025/12/22 12:25:13 Read stream error: read tcp [::1]:55792->[::1]:6379: i/o timeout
2025/12/22 12:25:23 Read stream error: read tcp [::1]:55808->[::1]:6379: i/o timeout
2025/12/22 12:25:33 Read stream error: read tcp [::1]:55817->[::1]:6379: i/o timeout
2025/12/22 12:25:43 Read stream error: read tcp [::1]:55831->[::1]:6379: i/o timeout
2025/12/22 12:25:53 Read stream error: read tcp [::1]:55846->[::1]:6379: i/o timeout
2025/12/22 12:26:03 Read stream error: read tcp [::1]:55857->[::1]:6379: i/o timeout
2025/12/22 12:26:13 Read stream error: read tcp [::1]:55867->[::1]:6379: i/o timeout
2025/12/22 12:26:23 Read stream error: read tcp [::1]:55881->[::1]:6379: i/o timeout
2025/12/22 12:26:33 Read stream error: read tcp [::1]:55903->[::1]:6379: i/o timeout
2025/12/22 12:26:43 Read stream error: read tcp [::1]:55928->[::1]:6379: i/o timeout
2025/12/22 12:26:53 Read stream error: read tcp [::1]:55960->[::1]:6379: i/o timeout
2025/12/22 12:27:03 Read stream error: read tcp [::1]:55994->[::1]:6379: i/o timeout
2025/12/22 12:27:13 Read stream error: read tcp [::1]:56004->[::1]:6379: i/o timeout
2025/12/22 12:27:23 Read stream error: read tcp [::1]:56030->[::1]:6379: i/o timeout
2025/12/22 12:27:33 Read stream error: read tcp [::1]:56043->[::1]:6379: i/o timeout
2025/12/22 12:27:43 Read stream error: read tcp [::1]:56063->[::1]:6379: i/o timeout
2025/12/22 12:27:53 Read stream error: read tcp [::1]:56117->[::1]:6379: i/o timeout
2025/12/22 12:28:03 Read stream error: read tcp [::1]:56142->[::1]:6379: i/o timeout
2025/12/22 12:28:13 Read stream error: read tcp [::1]:56163->[::1]:6379: i/o timeout
2025/12/22 12:28:23 Read stream error: read tcp [::1]:56179->[::1]:6379: i/o timeout
2025/12/22 12:28:33 Read stream error: read tcp [::1]:56200->[::1]:6379: i/o timeout
2025/12/22 12:28:43 Read stream error: read tcp [::1]:56214->[::1]:6379: i/o timeout
2025/12/22 12:28:53 Read stream error: read tcp [::1]:56230->[::1]:6379: i/o timeout
2025/12/22 12:29:03 Read stream error: read tcp [::1]:56244->[::1]:6379: i/o timeout
2025/12/22 12:29:13 Read stream error: read tcp [::1]:56252->[::1]:6379: i/o timeout
2025/12/22 12:29:23 Read stream error: read tcp [::1]:56275->[::1]:6379: i/o timeout
2025/12/22 12:29:33 Read stream error: read tcp [::1]:56290->[::1]:6379: i/o timeout
2025/12/22 12:29:43 Read stream error: read tcp [::1]:56300->[::1]:6379: i/o timeout
2025/12/22 12:29:53 Read stream error: read tcp [::1]:56313->[::1]:6379: i/o timeout
2025/12/22 12:30:03 Read stream error: read tcp [::1]:56327->[::1]:6379: i/o timeout
2025/12/22 12:30:13 Read stream error: read tcp [::1]:56337->[::1]:6379: i/o timeout
2025/12/22 12:30:23 Read stream error: read tcp [::1]:56354->[::1]:6379: i/o timeout
2025/12/22 12:30:33 Read stream error: read tcp [::1]:56364->[::1]:6379: i/o timeout
2025/12/22 12:30:43 Read stream error: read tcp [::1]:56374->[::1]:6379: i/o timeout
2025/12/22 12:30:53 Read stream error: read tcp [::1]:56389->[::1]:6379: i/o timeout
2025/12/22 12:31:03 Read stream error: read tcp [::1]:56401->[::1]:6379: i/o timeout
2025/12/22 12:31:13 Read stream error: read tcp [::1]:56412->[::1]:6379: i/o timeout
2025/12/22 12:31:23 Read stream error: read tcp [::1]:56427->[::1]:6379: i/o timeout
2025/12/22 12:31:33 Read stream error: read tcp [::1]:56436->[::1]:6379: i/o timeout
2025/12/22 12:31:43 Read stream error: read tcp [::1]:56447->[::1]:6379: i/o timeout
2025/12/22 12:31:53 Read stream error: read tcp [::1]:56462->[::1]:6379: i/o timeout
2025/12/22 12:32:03 Read stream error: read tcp [::1]:56473->[::1]:6379: i/o timeout
2025/12/22 12:32:13 Read stream error: read tcp [::1]:56482->[::1]:6379: i/o timeout
2025/12/22 12:32:23 Read stream error: read tcp [::1]:56497->[::1]:6379: i/o timeout
2025/12/22 12:32:33 Read stream error: read tcp [::1]:56516->[::1]:6379: i/o timeout
2025/12/22 12:32:43 Read stream error: read tcp [::1]:56537->[::1]:6379: i/o timeout
2025/12/22 12:32:53 Read stream error: read tcp [::1]:56559->[::1]:6379: i/o timeout
2025/12/22 12:33:03 Read stream error: read tcp [::1]:56570->[::1]:6379: i/o timeout
2025/12/22 12:33:13 Read stream error: read tcp [::1]:56582->[::1]:6379: i/o timeout
2025/12/22 12:33:23 Read stream error: read tcp [::1]:56598->[::1]:6379: i/o timeout
2025/12/22 12:33:33 Read stream error: read tcp [::1]:56608->[::1]:6379: i/o timeout
2025/12/22 12:33:43 Read stream error: read tcp [::1]:56618->[::1]:6379: i/o timeout
2025/12/22 12:33:53 Read stream error: read tcp [::1]:56636->[::1]:6379: i/o timeout
2025/12/22 12:34:03 Read stream error: read tcp [::1]:56650->[::1]:6379: i/o timeout
2025/12/22 12:34:13 Read stream error: read tcp [::1]:56660->[::1]:6379: i/o timeout
2025/12/22 12:34:23 Read stream error: read tcp [::1]:56673->[::1]:6379: i/o timeout
2025/12/22 12:34:33 Read stream error: read tcp [::1]:56683->[::1]:6379: i/o timeout
2025/12/22 12:34:43 Read stream error: read tcp [::1]:56693->[::1]:6379: i/o timeout
2025/12/22 12:34:53 Read stream error: read tcp [::1]:56728->[::1]:6379: i/o timeout
2025/12/22 12:35:03 Read stream error: read tcp [::1]:56744->[::1]:6379: i/o timeout
2025/12/22 12:35:13 Read stream error: read tcp [::1]:56754->[::1]:6379: i/o timeout
2025/12/22 12:35:23 Read stream error: read tcp [::1]:56782->[::1]:6379: i/o timeout
2025/12/22 12:35:34 Read stream error: read tcp [::1]:56795->[::1]:6379: i/o timeout
2025/12/22 12:35:44 Read stream error: read tcp [::1]:56807->[::1]:6379: i/o timeout
2025/12/22 12:35:54 Read stream error: read tcp [::1]:56830->[::1]:6379: i/o timeout
2025/12/22 12:36:04 Read stream error: read tcp [::1]:56847->[::1]:6379: i/o timeout
2025/12/22 12:36:14 Read stream error: read tcp [::1]:56856->[::1]:6379: i/o timeout
2025/12/22 12:36:24 Read stream error: read tcp [::1]:56874->[::1]:6379: i/o timeout
2025/12/22 12:36:34 Read stream error: read tcp [::1]:56887->[::1]:6379: i/o timeout
2025/12/22 12:36:44 Read stream error: read tcp [::1]:56901->[::1]:6379: i/o timeout
2025/12/22 12:36:54 Read stream error: read tcp [::1]:56918->[::1]:6379: i/o timeout
2025/12/22 12:37:04 Read stream error: read tcp [::1]:56931->[::1]:6379: i/o timeout
2025/12/22 12:37:14 Read stream error: read tcp [::1]:56944->[::1]:6379: i/o timeout
2025/12/22 12:37:24 Read stream error: read tcp [::1]:56961->[::1]:6379: i/o timeout
2025/12/22 12:37:34 Read stream error: read tcp [::1]:56974->[::1]:6379: i/o timeout
2025/12/22 12:37:44 Read stream error: read tcp [::1]:56988->[::1]:6379: i/o timeout
2025/12/22 12:37:54 Read stream error: read tcp [::1]:57004->[::1]:6379: i/o timeout
2025/12/22 12:38:04 Read stream error: read tcp [::1]:57016->[::1]:6379: i/o timeout
2025/12/22 12:38:14 Read stream error: read tcp [::1]:57029->[::1]:6379: i/o timeout
2025/12/22 12:38:24 Read stream error: read tcp [::1]:57046->[::1]:6379: i/o timeout
2025/12/22 12:38:34 Read stream error: read tcp [::1]:57062->[::1]:6379: i/o timeout
2025/12/22 12:38:44 Read stream error: read tcp [::1]:57076->[::1]:6379: i/o timeout
2025/12/22 12:38:54 Read stream error: read tcp [::1]:57092->[::1]:6379: i/o timeout
2025/12/22 12:39:04 Read stream error: read tcp [::1]:57105->[::1]:6379: i/o timeout
2025/12/22 12:39:14 Read stream error: read tcp [::1]:57114->[::1]:6379: i/o timeout
2025/12/22 12:39:24 Read stream error: read tcp [::1]:57130->[::1]:6379: i/o timeout
2025/12/22 12:39:34 Read stream error: read tcp [::1]:57139->[::1]:6379: i/o timeout
2025/12/22 12:39:44 Read stream error: read tcp [::1]:57152->[::1]:6379: i/o timeout
2025/12/22 12:39:54 Read stream error: read tcp [::1]:57171->[::1]:6379: i/o timeout
2025/12/22 12:40:04 Read stream error: read tcp [::1]:57184->[::1]:6379: i/o timeout
2025/12/22 12:40:14 Read stream error: read tcp [::1]:57195->[::1]:6379: i/o timeout
2025/12/22 12:40:24 Read stream error: read tcp [::1]:57214->[::1]:6379: i/o timeout
2025/12/22 12:40:34 Read stream error: read tcp [::1]:57227->[::1]:6379: i/o timeout
2025/12/22 12:40:44 Read stream error: read tcp [::1]:57239->[::1]:6379: i/o timeout
2025/12/22 12:40:54 Read stream error: read tcp [::1]:57257->[::1]:6379: i/o timeout
2025/12/22 12:41:04 Read stream error: read tcp [::1]:57272->[::1]:6379: i/o timeout
2025/12/22 12:41:14 Read stream error: read tcp [::1]:57282->[::1]:6379: i/o timeout
2025/12/22 12:41:24 Read stream error: read tcp [::1]:57303->[::1]:6379: i/o timeout
2025/12/22 12:41:34 Read stream error: read tcp [::1]:57315->[::1]:6379: i/o timeout
2025/12/22 12:41:44 Read stream error: read tcp [::1]:57327->[::1]:6379: i/o timeout
2025/12/22 12:41:54 Read stream error: read tcp [::1]:57345->[::1]:6379: i/o timeout
2025/12/22 12:42:04 Read stream error: read tcp [::1]:57360->[::1]:6379: i/o timeout
2025/12/22 12:42:14 Read stream error: read tcp [::1]:57369->[::1]:6379: i/o timeout
2025/12/22 12:42:24 Read stream error: read tcp [::1]:57386->[::1]:6379: i/o timeout
2025/12/22 12:42:34 Read stream error: read tcp [::1]:57401->[::1]:6379: i/o timeout
2025/12/22 12:42:44 Read stream error: read tcp [::1]:57413->[::1]:6379: i/o timeout
2025/12/22 12:42:54 Read stream error: read tcp [::1]:57431->[::1]:6379: i/o timeout
2025/12/22 12:43:04 Read stream error: read tcp [::1]:57444->[::1]:6379: i/o timeout
2025/12/22 12:43:14 Read stream error: read tcp [::1]:57451->[::1]:6379: i/o timeout
2025/12/22 12:43:24 Read stream error: read tcp [::1]:57469->[::1]:6379: i/o timeout
2025/12/22 12:43:34 Read stream error: read tcp [::1]:57479->[::1]:6379: i/o timeout
2025/12/22 12:43:44 Read stream error: read tcp [::1]:57492->[::1]:6379: i/o timeout
2025/12/22 12:43:54 Read stream error: read tcp [::1]:57510->[::1]:6379: i/o timeout
2025/12/22 12:44:04 Read stream error: read tcp [::1]:57523->[::1]:6379: i/o timeout
2025/12/22 12:44:14 Read stream error: read tcp [::1]:57532->[::1]:6379: i/o timeout
2025/12/22 12:44:24 Read stream error: read tcp [::1]:57550->[::1]:6379: i/o timeout
2025/12/22 12:44:34 Read stream error: read tcp [::1]:57562->[::1]:6379: i/o timeout
2025/12/22 12:44:44 Read stream error: read tcp [::1]:57572->[::1]:6379: i/o timeout
2025/12/22 12:44:54 Read stream error: read tcp [::1]:57590->[::1]:6379: i/o timeout
2025/12/22 12:45:04 Read stream error: read tcp [::1]:57601->[::1]:6379: i/o timeout
2025/12/22 12:45:14 Read stream error: read tcp [::1]:57612->[::1]:6379: i/o timeout
2025/12/22 12:45:24 Read stream error: read tcp [::1]:57626->[::1]:6379: i/o timeout
2025/12/22 12:45:34 Read stream error: read tcp [::1]:57638->[::1]:6379: i/o timeout
2025/12/22 12:45:44 Read stream error: read tcp [::1]:57649->[::1]:6379: i/o timeout
2025/12/22 12:45:54 Read stream error: read tcp [::1]:57667->[::1]:6379: i/o timeout
2025/12/22 12:46:04 Read stream error: read tcp [::1]:57679->[::1]:6379: i/o timeout
2025/12/22 12:46:14 Read stream error: read tcp [::1]:57689->[::1]:6379: i/o timeout
2025/12/22 12:46:24 Read stream error: read tcp [::1]:57711->[::1]:6379: i/o timeout
2025/12/22 12:46:34 Read stream error: read tcp [::1]:57724->[::1]:6379: i/o timeout
2025/12/22 12:46:44 Read stream error: read tcp [::1]:57734->[::1]:6379: i/o timeout
2025/12/22 12:46:54 Read stream error: read tcp [::1]:57754->[::1]:6379: i/o timeout
2025/12/22 12:47:04 Read stream error: read tcp [::1]:57765->[::1]:6379: i/o timeout
2025/12/22 12:47:14 Read stream error: read tcp [::1]:57774->[::1]:6379: i/o timeout
2025/12/22 12:47:24 Read stream error: read tcp [::1]:57797->[::1]:6379: i/o timeout
2025/12/22 12:47:34 Read stream error: read tcp [::1]:57811->[::1]:6379: i/o timeout
2025/12/22 12:47:44 Read stream error: read tcp [::1]:57822->[::1]:6379: i/o timeout
2025/12/22 12:47:54 Read stream error: read tcp [::1]:57841->[::1]:6379: i/o timeout
2025/12/22 12:48:04 Read stream error: read tcp [::1]:57858->[::1]:6379: i/o timeout
2025/12/22 12:48:14 Read stream error: read tcp [::1]:57865->[::1]:6379: i/o timeout
2025/12/22 12:48:24 Read stream error: read tcp [::1]:57880->[::1]:6379: i/o timeout
2025/12/22 12:48:34 Read stream error: read tcp [::1]:57894->[::1]:6379: i/o timeout
2025/12/22 12:48:44 Read stream error: read tcp [::1]:57916->[::1]:6379: i/o timeout
2025/12/22 12:48:54 Read stream error: read tcp [::1]:57949->[::1]:6379: i/o timeout
2025/12/22 12:49:04 Read stream error: read tcp [::1]:57966->[::1]:6379: i/o timeout
2025/12/22 12:49:14 Read stream error: read tcp [::1]:57978->[::1]:6379: i/o timeout
2025/12/22 12:49:24 Read stream error: read tcp [::1]:57992->[::1]:6379: i/o timeout
2025/12/22 12:49:34 Read stream error: read tcp [::1]:58008->[::1]:6379: i/o timeout
2025/12/22 12:49:44 Read stream error: read tcp [::1]:58021->[::1]:6379: i/o timeout
2025/12/22 12:49:54 Read stream error: read tcp [::1]:58041->[::1]:6379: i/o timeout
2025/12/22 12:50:04 Read stream error: read tcp [::1]:58052->[::1]:6379: i/o timeout
