2025/12/22 09:36:47 Starting exchange-matching...
2025/12/22 09:36:47 Connected to Redis at localhost:6379
2025/12/22 09:36:47 Handler started, consuming from exchange:orders
2025/12/22 09:36:47 HTTP server listening on :8082
2025/12/22 09:36:57 read stream error: read tcp [::1]:52775->[::1]:6379: i/o timeout
2025/12/22 09:37:07 read stream error: read tcp [::1]:52840->[::1]:6379: i/o timeout
2025/12/22 09:37:17 read stream error: read tcp [::1]:52860->[::1]:6379: i/o timeout
2025/12/22 09:37:27 read stream error: read tcp [::1]:52889->[::1]:6379: i/o timeout
2025/12/22 09:37:37 read stream error: read tcp [::1]:52921->[::1]:6379: i/o timeout
2025/12/22 09:37:47 read stream error: read tcp [::1]:52950->[::1]:6379: i/o timeout
2025/12/22 09:37:57 read stream error: read tcp [::1]:52986->[::1]:6379: i/o timeout
2025/12/22 09:38:07 read stream error: read tcp [::1]:53007->[::1]:6379: i/o timeout
2025/12/22 09:38:17 read stream error: read tcp [::1]:53036->[::1]:6379: i/o timeout
2025/12/22 09:38:28 read stream error: read tcp [::1]:53056->[::1]:6379: i/o timeout
2025/12/22 09:38:38 read stream error: read tcp [::1]:53094->[::1]:6379: i/o timeout
2025/12/22 09:38:48 read stream error: read tcp [::1]:53122->[::1]:6379: i/o timeout
2025/12/22 09:38:58 read stream error: read tcp [::1]:53150->[::1]:6379: i/o timeout
2025/12/22 09:39:08 read stream error: read tcp [::1]:53171->[::1]:6379: i/o timeout
2025/12/22 09:39:18 read stream error: read tcp [::1]:53202->[::1]:6379: i/o timeout
2025/12/22 09:39:28 read stream error: read tcp [::1]:53223->[::1]:6379: i/o timeout
2025/12/22 09:39:38 read stream error: read tcp [::1]:53255->[::1]:6379: i/o timeout
2025/12/22 09:39:48 read stream error: read tcp [::1]:53286->[::1]:6379: i/o timeout
2025/12/22 09:39:58 read stream error: read tcp [::1]:53314->[::1]:6379: i/o timeout
2025/12/22 09:40:08 read stream error: read tcp [::1]:53333->[::1]:6379: i/o timeout
2025/12/22 09:40:18 read stream error: read tcp [::1]:53399->[::1]:6379: i/o timeout
2025/12/22 09:40:28 read stream error: read tcp [::1]:53434->[::1]:6379: i/o timeout
2025/12/22 09:40:38 read stream error: read tcp [::1]:53456->[::1]:6379: i/o timeout
2025/12/22 09:40:48 read stream error: read tcp [::1]:53488->[::1]:6379: i/o timeout
2025/12/22 09:40:58 read stream error: read tcp [::1]:53506->[::1]:6379: i/o timeout
2025/12/22 09:41:08 read stream error: read tcp [::1]:53531->[::1]:6379: i/o timeout
2025/12/22 09:41:18 read stream error: read tcp [::1]:53570->[::1]:6379: i/o timeout
2025/12/22 09:41:28 read stream error: read tcp [::1]:53590->[::1]:6379: i/o timeout
2025/12/22 09:41:38 read stream error: read tcp [::1]:53608->[::1]:6379: i/o timeout
2025/12/22 09:41:48 read stream error: read tcp [::1]:53624->[::1]:6379: i/o timeout
2025/12/22 09:41:58 read stream error: read tcp [::1]:53642->[::1]:6379: i/o timeout
2025/12/22 09:42:08 read stream error: read tcp [::1]:53661->[::1]:6379: i/o timeout
2025/12/22 09:42:18 read stream error: read tcp [::1]:53687->[::1]:6379: i/o timeout
2025/12/22 09:42:28 read stream error: read tcp [::1]:53710->[::1]:6379: i/o timeout
2025/12/22 09:42:38 read stream error: read tcp [::1]:53730->[::1]:6379: i/o timeout
2025/12/22 09:42:48 read stream error: read tcp [::1]:53752->[::1]:6379: i/o timeout
2025/12/22 09:42:58 read stream error: read tcp [::1]:53767->[::1]:6379: i/o timeout
2025/12/22 09:43:08 read stream error: read tcp [::1]:53798->[::1]:6379: i/o timeout
2025/12/22 09:43:18 read stream error: read tcp [::1]:53829->[::1]:6379: i/o timeout
2025/12/22 09:43:30 read stream error: read tcp [::1]:53855->[::1]:6379: i/o timeout
2025/12/22 09:43:44 read stream error: read tcp [::1]:53862->[::1]:6379: i/o timeout
2025/12/22 09:44:00 read stream error: read tcp [::1]:53894->[::1]:6379: i/o timeout
2025/12/22 09:44:10 read stream error: read tcp [::1]:53942->[::1]:6379: i/o timeout
2025/12/22 09:44:20 read stream error: read tcp [::1]:54000->[::1]:6379: i/o timeout
2025/12/22 09:44:30 read stream error: read tcp [::1]:54024->[::1]:6379: i/o timeout
2025/12/22 09:44:40 read stream error: read tcp [::1]:54047->[::1]:6379: i/o timeout
2025/12/22 09:44:50 read stream error: read tcp [::1]:54074->[::1]:6379: i/o timeout
2025/12/22 09:45:00 read stream error: read tcp [::1]:54107->[::1]:6379: i/o timeout
2025/12/22 09:45:11 read stream error: read tcp [::1]:54137->[::1]:6379: i/o timeout
2025/12/22 09:45:21 read stream error: read tcp [::1]:54167->[::1]:6379: i/o timeout
2025/12/22 09:45:31 read stream error: read tcp [::1]:54194->[::1]:6379: i/o timeout
2025/12/22 09:45:41 read stream error: read tcp [::1]:54226->[::1]:6379: i/o timeout
2025/12/22 09:45:51 read stream error: read tcp [::1]:54245->[::1]:6379: i/o timeout
2025/12/22 09:46:01 read stream error: read tcp [::1]:54270->[::1]:6379: i/o timeout
2025/12/22 09:46:11 read stream error: read tcp [::1]:54302->[::1]:6379: i/o timeout
2025/12/22 09:46:21 read stream error: read tcp [::1]:54342->[::1]:6379: i/o timeout
2025/12/22 09:46:31 read stream error: read tcp [::1]:54367->[::1]:6379: i/o timeout
2025/12/22 09:46:41 read stream error: read tcp [::1]:54408->[::1]:6379: i/o timeout
2025/12/22 09:46:43 unmarshal message error: json: cannot unmarshal string into Go struct field OrderMessage.price of type int64
2025/12/22 09:46:53 read stream error: read tcp [::1]:54433->[::1]:6379: i/o timeout
2025/12/22 09:47:00 unmarshal message error: json: cannot unmarshal string into Go struct field OrderMessage.price of type int64
2025/12/22 09:47:10 read stream error: read tcp [::1]:54480->[::1]:6379: i/o timeout
2025/12/22 09:47:20 read stream error: read tcp [::1]:54513->[::1]:6379: i/o timeout
2025/12/22 09:47:30 read stream error: read tcp [::1]:54532->[::1]:6379: i/o timeout
2025/12/22 09:47:40 read stream error: read tcp [::1]:54564->[::1]:6379: i/o timeout
2025/12/22 09:47:50 read stream error: read tcp [::1]:54588->[::1]:6379: i/o timeout
2025/12/22 09:48:00 read stream error: read tcp [::1]:54612->[::1]:6379: i/o timeout
2025/12/22 09:48:10 read stream error: read tcp [::1]:54627->[::1]:6379: i/o timeout
2025/12/22 09:48:20 read stream error: read tcp [::1]:54636->[::1]:6379: i/o timeout
2025/12/22 09:48:30 read stream error: read tcp [::1]:54662->[::1]:6379: i/o timeout
2025/12/22 09:48:40 read stream error: read tcp [::1]:54680->[::1]:6379: i/o timeout
2025/12/22 09:48:50 read stream error: read tcp [::1]:54711->[::1]:6379: i/o timeout
2025/12/22 09:49:00 read stream error: read tcp [::1]:54737->[::1]:6379: i/o timeout
2025/12/22 09:49:10 read stream error: read tcp [::1]:54767->[::1]:6379: i/o timeout
2025/12/22 09:49:20 read stream error: read tcp [::1]:54781->[::1]:6379: i/o timeout
2025/12/22 09:49:30 read stream error: read tcp [::1]:54797->[::1]:6379: i/o timeout
2025/12/22 09:49:40 read stream error: read tcp [::1]:54811->[::1]:6379: i/o timeout
2025/12/22 09:49:50 read stream error: read tcp [::1]:54822->[::1]:6379: i/o timeout
2025/12/22 09:50:00 read stream error: read tcp [::1]:54836->[::1]:6379: i/o timeout
2025/12/22 09:50:10 read stream error: read tcp [::1]:54853->[::1]:6379: i/o timeout
2025/12/22 09:50:20 read stream error: read tcp [::1]:54883->[::1]:6379: i/o timeout
2025/12/22 09:50:30 read stream error: read tcp [::1]:54908->[::1]:6379: i/o timeout
2025/12/22 09:50:40 read stream error: read tcp [::1]:54928->[::1]:6379: i/o timeout
2025/12/22 09:50:50 read stream error: read tcp [::1]:54945->[::1]:6379: i/o timeout
2025/12/22 09:51:00 read stream error: read tcp [::1]:54987->[::1]:6379: i/o timeout
2025/12/22 09:51:10 read stream error: read tcp [::1]:55014->[::1]:6379: i/o timeout
2025/12/22 09:51:20 read stream error: read tcp [::1]:55038->[::1]:6379: i/o timeout
2025/12/22 09:51:30 read stream error: read tcp [::1]:55064->[::1]:6379: i/o timeout
2025/12/22 09:51:40 read stream error: read tcp [::1]:55085->[::1]:6379: i/o timeout
2025/12/22 09:51:50 read stream error: read tcp [::1]:55093->[::1]:6379: i/o timeout
2025/12/22 09:52:00 read stream error: read tcp [::1]:55105->[::1]:6379: i/o timeout
2025/12/22 09:52:10 read stream error: read tcp [::1]:55126->[::1]:6379: i/o timeout
2025/12/22 09:52:20 read stream error: read tcp [::1]:55145->[::1]:6379: i/o timeout
2025/12/22 09:52:30 read stream error: read tcp [::1]:55166->[::1]:6379: i/o timeout
2025/12/22 09:52:40 read stream error: read tcp [::1]:55183->[::1]:6379: i/o timeout
2025/12/22 09:52:50 read stream error: read tcp [::1]:55206->[::1]:6379: i/o timeout
2025/12/22 09:53:00 read stream error: read tcp [::1]:55219->[::1]:6379: i/o timeout
2025/12/22 09:53:10 read stream error: read tcp [::1]:55230->[::1]:6379: i/o timeout
2025/12/22 09:53:20 read stream error: read tcp [::1]:55242->[::1]:6379: i/o timeout
2025/12/22 09:53:30 read stream error: read tcp [::1]:55256->[::1]:6379: i/o timeout
2025/12/22 09:53:40 read stream error: read tcp [::1]:55269->[::1]:6379: i/o timeout
2025/12/22 09:53:50 read stream error: read tcp [::1]:55278->[::1]:6379: i/o timeout
2025/12/22 09:54:00 read stream error: read tcp [::1]:55299->[::1]:6379: i/o timeout
2025/12/22 09:54:10 read stream error: read tcp [::1]:55311->[::1]:6379: i/o timeout
2025/12/22 09:54:20 read stream error: read tcp [::1]:55322->[::1]:6379: i/o timeout
2025/12/22 09:54:30 read stream error: read tcp [::1]:55336->[::1]:6379: i/o timeout
2025/12/22 09:54:40 read stream error: read tcp [::1]:55349->[::1]:6379: i/o timeout
2025/12/22 09:54:50 read stream error: read tcp [::1]:55357->[::1]:6379: i/o timeout
2025/12/22 09:55:00 read stream error: read tcp [::1]:55369->[::1]:6379: i/o timeout
2025/12/22 09:55:10 read stream error: read tcp [::1]:55387->[::1]:6379: i/o timeout
2025/12/22 09:55:20 read stream error: read tcp [::1]:55396->[::1]:6379: i/o timeout
2025/12/22 09:55:30 read stream error: read tcp [::1]:55420->[::1]:6379: i/o timeout
2025/12/22 09:55:40 read stream error: read tcp [::1]:55440->[::1]:6379: i/o timeout
2025/12/22 09:55:50 read stream error: read tcp [::1]:55450->[::1]:6379: i/o timeout
2025/12/22 09:56:00 read stream error: read tcp [::1]:55470->[::1]:6379: i/o timeout
2025/12/22 09:56:10 read stream error: read tcp [::1]:55493->[::1]:6379: i/o timeout
2025/12/22 09:56:20 read stream error: read tcp [::1]:55504->[::1]:6379: i/o timeout
2025/12/22 09:56:30 read stream error: read tcp [::1]:55535->[::1]:6379: i/o timeout
2025/12/22 09:56:40 read stream error: read tcp [::1]:55549->[::1]:6379: i/o timeout
2025/12/22 09:56:50 read stream error: read tcp [::1]:55570->[::1]:6379: i/o timeout
2025/12/22 09:57:00 read stream error: read tcp [::1]:55599->[::1]:6379: i/o timeout
2025/12/22 09:57:10 read stream error: read tcp [::1]:55624->[::1]:6379: i/o timeout
2025/12/22 09:57:20 read stream error: read tcp [::1]:55644->[::1]:6379: i/o timeout
2025/12/22 09:57:30 read stream error: read tcp [::1]:55674->[::1]:6379: i/o timeout
2025/12/22 09:57:40 read stream error: read tcp [::1]:55713->[::1]:6379: i/o timeout
2025/12/22 09:57:50 read stream error: read tcp [::1]:55741->[::1]:6379: i/o timeout
2025/12/22 09:58:00 read stream error: read tcp [::1]:55762->[::1]:6379: i/o timeout
2025/12/22 09:58:10 read stream error: read tcp [::1]:55802->[::1]:6379: i/o timeout
2025/12/22 09:58:20 read stream error: read tcp [::1]:55815->[::1]:6379: i/o timeout
2025/12/22 09:58:30 read stream error: read tcp [::1]:55829->[::1]:6379: i/o timeout
2025/12/22 09:58:40 read stream error: read tcp [::1]:55843->[::1]:6379: i/o timeout
2025/12/22 09:58:50 read stream error: read tcp [::1]:55876->[::1]:6379: i/o timeout
2025/12/22 09:59:00 read stream error: read tcp [::1]:55897->[::1]:6379: i/o timeout
2025/12/22 09:59:10 read stream error: read tcp [::1]:55929->[::1]:6379: i/o timeout
2025/12/22 09:59:20 read stream error: read tcp [::1]:55948->[::1]:6379: i/o timeout
2025/12/22 09:59:30 read stream error: read tcp [::1]:55971->[::1]:6379: i/o timeout
2025/12/22 09:59:40 read stream error: read tcp [::1]:55992->[::1]:6379: i/o timeout
2025/12/22 09:59:50 read stream error: read tcp [::1]:56012->[::1]:6379: i/o timeout
2025/12/22 10:00:00 read stream error: read tcp [::1]:56034->[::1]:6379: i/o timeout
2025/12/22 10:00:10 read stream error: read tcp [::1]:56057->[::1]:6379: i/o timeout
2025/12/22 10:00:20 read stream error: read tcp [::1]:56094->[::1]:6379: i/o timeout
2025/12/22 10:00:30 read stream error: read tcp [::1]:56111->[::1]:6379: i/o timeout
2025/12/22 10:00:40 read stream error: read tcp [::1]:56135->[::1]:6379: i/o timeout
2025/12/22 10:00:50 read stream error: read tcp [::1]:56156->[::1]:6379: i/o timeout
2025/12/22 10:01:00 read stream error: read tcp [::1]:56186->[::1]:6379: i/o timeout
2025/12/22 10:01:10 read stream error: read tcp [::1]:56208->[::1]:6379: i/o timeout
2025/12/22 10:01:20 read stream error: read tcp [::1]:56229->[::1]:6379: i/o timeout
2025/12/22 10:01:30 read stream error: read tcp [::1]:56256->[::1]:6379: i/o timeout
2025/12/22 10:01:40 read stream error: read tcp [::1]:56280->[::1]:6379: i/o timeout
2025/12/22 10:01:50 read stream error: read tcp [::1]:56301->[::1]:6379: i/o timeout
2025/12/22 10:02:00 read stream error: read tcp [::1]:56325->[::1]:6379: i/o timeout
2025/12/22 10:02:10 read stream error: read tcp [::1]:56346->[::1]:6379: i/o timeout
2025/12/22 10:02:20 read stream error: read tcp [::1]:56364->[::1]:6379: i/o timeout
2025/12/22 10:02:30 read stream error: read tcp [::1]:56387->[::1]:6379: i/o timeout
2025/12/22 10:02:40 read stream error: read tcp [::1]:56409->[::1]:6379: i/o timeout
2025/12/22 10:02:50 read stream error: read tcp [::1]:56437->[::1]:6379: i/o timeout
2025/12/22 10:03:00 read stream error: read tcp [::1]:56474->[::1]:6379: i/o timeout
2025/12/22 10:03:10 read stream error: read tcp [::1]:56508->[::1]:6379: i/o timeout
2025/12/22 10:03:20 read stream error: read tcp [::1]:56541->[::1]:6379: i/o timeout
2025/12/22 10:03:30 read stream error: read tcp [::1]:56563->[::1]:6379: i/o timeout
2025/12/22 10:03:40 read stream error: read tcp [::1]:56575->[::1]:6379: i/o timeout
2025/12/22 10:03:50 read stream error: read tcp [::1]:56586->[::1]:6379: i/o timeout
2025/12/22 10:04:00 read stream error: read tcp [::1]:56606->[::1]:6379: i/o timeout
2025/12/22 10:04:10 read stream error: read tcp [::1]:56619->[::1]:6379: i/o timeout
2025/12/22 10:04:20 read stream error: read tcp [::1]:56632->[::1]:6379: i/o timeout
2025/12/22 10:04:31 read stream error: read tcp [::1]:56691->[::1]:6379: i/o timeout
2025/12/22 10:04:41 read stream error: read tcp [::1]:56719->[::1]:6379: i/o timeout
2025/12/22 10:04:51 read stream error: read tcp [::1]:56746->[::1]:6379: i/o timeout
2025/12/22 10:05:01 read stream error: read tcp [::1]:56766->[::1]:6379: i/o timeout
2025/12/22 10:05:11 read stream error: read tcp [::1]:56799->[::1]:6379: i/o timeout
2025/12/22 10:05:21 read stream error: read tcp [::1]:56821->[::1]:6379: i/o timeout
2025/12/22 10:05:31 read stream error: read tcp [::1]:56847->[::1]:6379: i/o timeout
2025/12/22 10:05:41 read stream error: read tcp [::1]:56886->[::1]:6379: i/o timeout
2025/12/22 10:05:51 read stream error: read tcp [::1]:56909->[::1]:6379: i/o timeout
2025/12/22 10:06:01 read stream error: read tcp [::1]:56931->[::1]:6379: i/o timeout
2025/12/22 10:06:11 read stream error: read tcp [::1]:56965->[::1]:6379: i/o timeout
2025/12/22 10:06:21 read stream error: read tcp [::1]:57006->[::1]:6379: i/o timeout
2025/12/22 10:06:31 read stream error: read tcp [::1]:57027->[::1]:6379: i/o timeout
2025/12/22 10:06:41 read stream error: read tcp [::1]:57048->[::1]:6379: i/o timeout
2025/12/22 10:06:51 read stream error: read tcp [::1]:57066->[::1]:6379: i/o timeout
2025/12/22 10:07:01 read stream error: read tcp [::1]:57092->[::1]:6379: i/o timeout
2025/12/22 10:07:11 read stream error: read tcp [::1]:57111->[::1]:6379: i/o timeout
2025/12/22 10:07:21 read stream error: read tcp [::1]:57123->[::1]:6379: i/o timeout
2025/12/22 10:07:31 read stream error: read tcp [::1]:57160->[::1]:6379: i/o timeout
2025/12/22 10:07:41 read stream error: read tcp [::1]:57176->[::1]:6379: i/o timeout
2025/12/22 10:07:51 read stream error: read tcp [::1]:57189->[::1]:6379: i/o timeout
2025/12/22 10:08:01 read stream error: read tcp [::1]:57211->[::1]:6379: i/o timeout
2025/12/22 10:08:11 read stream error: read tcp [::1]:57243->[::1]:6379: i/o timeout
2025/12/22 10:08:21 read stream error: read tcp [::1]:57282->[::1]:6379: i/o timeout
2025/12/22 10:08:31 read stream error: read tcp [::1]:57309->[::1]:6379: i/o timeout
2025/12/22 10:08:41 read stream error: read tcp [::1]:57350->[::1]:6379: i/o timeout
2025/12/22 10:08:51 read stream error: read tcp [::1]:57370->[::1]:6379: i/o timeout
2025/12/22 10:09:01 read stream error: read tcp [::1]:57397->[::1]:6379: i/o timeout
2025/12/22 10:09:11 read stream error: read tcp [::1]:57425->[::1]:6379: i/o timeout
2025/12/22 10:09:21 read stream error: read tcp [::1]:57446->[::1]:6379: i/o timeout
2025/12/22 10:09:31 read stream error: read tcp [::1]:57464->[::1]:6379: i/o timeout
2025/12/22 10:09:41 read stream error: read tcp [::1]:57488->[::1]:6379: i/o timeout
2025/12/22 10:09:51 read stream error: read tcp [::1]:57500->[::1]:6379: i/o timeout
2025/12/22 10:10:01 read stream error: read tcp [::1]:57531->[::1]:6379: i/o timeout
2025/12/22 10:10:11 read stream error: read tcp [::1]:57553->[::1]:6379: i/o timeout
2025/12/22 10:10:21 read stream error: read tcp [::1]:57567->[::1]:6379: i/o timeout
2025/12/22 10:10:31 read stream error: read tcp [::1]:57585->[::1]:6379: i/o timeout
2025/12/22 10:10:41 read stream error: read tcp [::1]:57598->[::1]:6379: i/o timeout
2025/12/22 10:10:51 read stream error: read tcp [::1]:57615->[::1]:6379: i/o timeout
2025/12/22 10:11:01 read stream error: read tcp [::1]:57651->[::1]:6379: i/o timeout
2025/12/22 10:11:11 read stream error: read tcp [::1]:57672->[::1]:6379: i/o timeout
2025/12/22 10:11:21 read stream error: read tcp [::1]:57694->[::1]:6379: i/o timeout
2025/12/22 10:11:31 read stream error: read tcp [::1]:57716->[::1]:6379: i/o timeout
2025/12/22 10:11:41 read stream error: read tcp [::1]:57747->[::1]:6379: i/o timeout
2025/12/22 10:11:51 read stream error: read tcp [::1]:57759->[::1]:6379: i/o timeout
2025/12/22 10:12:01 read stream error: read tcp [::1]:57776->[::1]:6379: i/o timeout
2025/12/22 10:12:11 read stream error: read tcp [::1]:57788->[::1]:6379: i/o timeout
2025/12/22 10:12:21 read stream error: read tcp [::1]:57812->[::1]:6379: i/o timeout
2025/12/22 10:12:31 read stream error: read tcp [::1]:57850->[::1]:6379: i/o timeout
2025/12/22 10:12:41 read stream error: read tcp [::1]:57892->[::1]:6379: i/o timeout
2025/12/22 10:12:51 read stream error: read tcp [::1]:57913->[::1]:6379: i/o timeout
2025/12/22 10:13:01 read stream error: read tcp [::1]:57937->[::1]:6379: i/o timeout
2025/12/22 10:13:11 read stream error: read tcp [::1]:57959->[::1]:6379: i/o timeout
2025/12/22 10:13:21 read stream error: read tcp [::1]:57984->[::1]:6379: i/o timeout
2025/12/22 10:13:31 read stream error: read tcp [::1]:58027->[::1]:6379: i/o timeout
2025/12/22 10:13:41 read stream error: read tcp [::1]:58053->[::1]:6379: i/o timeout
2025/12/22 10:13:51 read stream error: read tcp [::1]:58081->[::1]:6379: i/o timeout
2025/12/22 10:14:01 read stream error: read tcp [::1]:58106->[::1]:6379: i/o timeout
2025/12/22 10:14:11 read stream error: read tcp [::1]:58136->[::1]:6379: i/o timeout
2025/12/22 10:14:21 read stream error: read tcp [::1]:58157->[::1]:6379: i/o timeout
2025/12/22 10:14:31 read stream error: read tcp [::1]:58171->[::1]:6379: i/o timeout
2025/12/22 10:14:41 read stream error: read tcp [::1]:58192->[::1]:6379: i/o timeout
2025/12/22 10:14:51 read stream error: read tcp [::1]:58207->[::1]:6379: i/o timeout
2025/12/22 10:15:01 read stream error: read tcp [::1]:58231->[::1]:6379: i/o timeout
2025/12/22 10:15:11 read stream error: read tcp [::1]:58252->[::1]:6379: i/o timeout
2025/12/22 10:15:21 read stream error: read tcp [::1]:58270->[::1]:6379: i/o timeout
2025/12/22 10:15:31 read stream error: read tcp [::1]:58284->[::1]:6379: i/o timeout
2025/12/22 10:15:41 read stream error: read tcp [::1]:58299->[::1]:6379: i/o timeout
2025/12/22 10:15:51 read stream error: read tcp [::1]:58315->[::1]:6379: i/o timeout
2025/12/22 10:16:01 read stream error: read tcp [::1]:58352->[::1]:6379: i/o timeout
2025/12/22 10:16:11 read stream error: read tcp [::1]:58380->[::1]:6379: i/o timeout
2025/12/22 10:16:21 read stream error: read tcp [::1]:58402->[::1]:6379: i/o timeout
2025/12/22 10:16:31 read stream error: read tcp [::1]:58423->[::1]:6379: i/o timeout
2025/12/22 10:16:41 read stream error: read tcp [::1]:58451->[::1]:6379: i/o timeout
2025/12/22 10:16:51 read stream error: read tcp [::1]:58480->[::1]:6379: i/o timeout
2025/12/22 10:17:01 read stream error: read tcp [::1]:58499->[::1]:6379: i/o timeout
2025/12/22 10:17:11 read stream error: read tcp [::1]:58513->[::1]:6379: i/o timeout
2025/12/22 10:17:21 read stream error: read tcp [::1]:58527->[::1]:6379: i/o timeout
2025/12/22 10:17:31 read stream error: read tcp [::1]:58544->[::1]:6379: i/o timeout
2025/12/22 10:17:41 read stream error: read tcp [::1]:58555->[::1]:6379: i/o timeout
2025/12/22 10:17:51 read stream error: read tcp [::1]:58574->[::1]:6379: i/o timeout
2025/12/22 10:18:01 read stream error: read tcp [::1]:58585->[::1]:6379: i/o timeout
2025/12/22 10:18:11 read stream error: read tcp [::1]:58596->[::1]:6379: i/o timeout
2025/12/22 10:18:21 read stream error: read tcp [::1]:58609->[::1]:6379: i/o timeout
2025/12/22 10:18:31 read stream error: read tcp [::1]:58627->[::1]:6379: i/o timeout
2025/12/22 10:18:41 read stream error: read tcp [::1]:58640->[::1]:6379: i/o timeout
2025/12/22 10:18:51 read stream error: read tcp [::1]:58673->[::1]:6379: i/o timeout
2025/12/22 10:19:01 read stream error: read tcp [::1]:58685->[::1]:6379: i/o timeout
2025/12/22 10:19:11 read stream error: read tcp [::1]:58703->[::1]:6379: i/o timeout
2025/12/22 10:19:21 read stream error: read tcp [::1]:58735->[::1]:6379: i/o timeout
2025/12/22 10:19:31 read stream error: read tcp [::1]:58748->[::1]:6379: i/o timeout
2025/12/22 10:19:41 read stream error: read tcp [::1]:58772->[::1]:6379: i/o timeout
2025/12/22 10:19:51 read stream error: read tcp [::1]:58786->[::1]:6379: i/o timeout
2025/12/22 10:20:01 read stream error: read tcp [::1]:58804->[::1]:6379: i/o timeout
2025/12/22 10:20:11 read stream error: read tcp [::1]:58836->[::1]:6379: i/o timeout
2025/12/22 10:20:21 read stream error: read tcp [::1]:58853->[::1]:6379: i/o timeout
2025/12/22 10:20:31 read stream error: read tcp [::1]:58872->[::1]:6379: i/o timeout
2025/12/22 10:20:41 read stream error: read tcp [::1]:58885->[::1]:6379: i/o timeout
2025/12/22 10:20:51 read stream error: read tcp [::1]:58907->[::1]:6379: i/o timeout
2025/12/22 10:21:01 read stream error: read tcp [::1]:58937->[::1]:6379: i/o timeout
2025/12/22 10:21:11 read stream error: read tcp [::1]:58953->[::1]:6379: i/o timeout
2025/12/22 10:21:21 read stream error: read tcp [::1]:58977->[::1]:6379: i/o timeout
2025/12/22 10:21:31 read stream error: read tcp [::1]:58993->[::1]:6379: i/o timeout
2025/12/22 10:21:41 read stream error: read tcp [::1]:59006->[::1]:6379: i/o timeout
2025/12/22 10:21:51 read stream error: read tcp [::1]:59019->[::1]:6379: i/o timeout
2025/12/22 10:22:01 read stream error: read tcp [::1]:59029->[::1]:6379: i/o timeout
2025/12/22 10:22:11 read stream error: read tcp [::1]:59040->[::1]:6379: i/o timeout
2025/12/22 10:22:21 read stream error: read tcp [::1]:59052->[::1]:6379: i/o timeout
2025/12/22 10:22:31 read stream error: read tcp [::1]:59070->[::1]:6379: i/o timeout
2025/12/22 10:22:41 read stream error: read tcp [::1]:59098->[::1]:6379: i/o timeout
2025/12/22 10:22:51 read stream error: read tcp [::1]:59113->[::1]:6379: i/o timeout
2025/12/22 10:23:01 read stream error: read tcp [::1]:59141->[::1]:6379: i/o timeout
2025/12/22 10:23:11 read stream error: read tcp [::1]:59166->[::1]:6379: i/o timeout
2025/12/22 10:23:21 read stream error: read tcp [::1]:59197->[::1]:6379: i/o timeout
2025/12/22 10:23:32 read stream error: read tcp [::1]:59216->[::1]:6379: i/o timeout
2025/12/22 10:23:42 read stream error: read tcp [::1]:59240->[::1]:6379: i/o timeout
2025/12/22 10:23:52 read stream error: read tcp [::1]:59264->[::1]:6379: i/o timeout
2025/12/22 10:24:02 read stream error: read tcp [::1]:59275->[::1]:6379: i/o timeout
2025/12/22 10:24:12 read stream error: read tcp [::1]:59294->[::1]:6379: i/o timeout
2025/12/22 10:24:22 read stream error: read tcp [::1]:59311->[::1]:6379: i/o timeout
2025/12/22 10:24:32 read stream error: read tcp [::1]:59321->[::1]:6379: i/o timeout
2025/12/22 10:24:42 read stream error: read tcp [::1]:59341->[::1]:6379: i/o timeout
2025/12/22 10:24:52 read stream error: read tcp [::1]:59358->[::1]:6379: i/o timeout
2025/12/22 10:25:02 read stream error: read tcp [::1]:59376->[::1]:6379: i/o timeout
2025/12/22 10:25:12 read stream error: read tcp [::1]:59403->[::1]:6379: i/o timeout
2025/12/22 10:25:22 read stream error: read tcp [::1]:59421->[::1]:6379: i/o timeout
2025/12/22 10:25:32 read stream error: read tcp [::1]:59433->[::1]:6379: i/o timeout
2025/12/22 10:25:42 read stream error: read tcp [::1]:59450->[::1]:6379: i/o timeout
2025/12/22 10:25:52 read stream error: read tcp [::1]:59480->[::1]:6379: i/o timeout
2025/12/22 10:26:02 read stream error: read tcp [::1]:59498->[::1]:6379: i/o timeout
2025/12/22 10:26:12 read stream error: read tcp [::1]:59524->[::1]:6379: i/o timeout
2025/12/22 10:26:22 read stream error: read tcp [::1]:59553->[::1]:6379: i/o timeout
2025/12/22 10:26:32 read stream error: read tcp [::1]:59570->[::1]:6379: i/o timeout
2025/12/22 10:26:42 read stream error: read tcp [::1]:59581->[::1]:6379: i/o timeout
2025/12/22 10:26:52 read stream error: read tcp [::1]:59594->[::1]:6379: i/o timeout
2025/12/22 10:27:02 read stream error: read tcp [::1]:59602->[::1]:6379: i/o timeout
2025/12/22 10:27:12 read stream error: read tcp [::1]:59616->[::1]:6379: i/o timeout
2025/12/22 10:27:22 read stream error: read tcp [::1]:59637->[::1]:6379: i/o timeout
2025/12/22 10:27:32 read stream error: read tcp [::1]:59646->[::1]:6379: i/o timeout
2025/12/22 10:27:42 read stream error: read tcp [::1]:59661->[::1]:6379: i/o timeout
2025/12/22 10:27:52 read stream error: read tcp [::1]:59674->[::1]:6379: i/o timeout
2025/12/22 10:28:02 read stream error: read tcp [::1]:59682->[::1]:6379: i/o timeout
2025/12/22 10:28:12 read stream error: read tcp [::1]:59704->[::1]:6379: i/o timeout
2025/12/22 10:28:22 read stream error: read tcp [::1]:59716->[::1]:6379: i/o timeout
2025/12/22 10:28:32 read stream error: read tcp [::1]:59737->[::1]:6379: i/o timeout
2025/12/22 10:28:42 read stream error: read tcp [::1]:59748->[::1]:6379: i/o timeout
2025/12/22 10:28:52 read stream error: read tcp [::1]:59772->[::1]:6379: i/o timeout
2025/12/22 10:29:02 read stream error: read tcp [::1]:59785->[::1]:6379: i/o timeout
2025/12/22 10:29:12 read stream error: read tcp [::1]:59801->[::1]:6379: i/o timeout
2025/12/22 10:29:22 read stream error: read tcp [::1]:59815->[::1]:6379: i/o timeout
2025/12/22 10:29:32 read stream error: read tcp [::1]:59844->[::1]:6379: i/o timeout
2025/12/22 10:29:42 read stream error: read tcp [::1]:59863->[::1]:6379: i/o timeout
2025/12/22 10:29:52 read stream error: read tcp [::1]:59884->[::1]:6379: i/o timeout
2025/12/22 10:30:02 read stream error: read tcp [::1]:59895->[::1]:6379: i/o timeout
2025/12/22 10:30:12 read stream error: read tcp [::1]:59917->[::1]:6379: i/o timeout
2025/12/22 10:30:22 read stream error: read tcp [::1]:59943->[::1]:6379: i/o timeout
2025/12/22 10:30:32 read stream error: read tcp [::1]:59955->[::1]:6379: i/o timeout
2025/12/22 10:30:42 read stream error: read tcp [::1]:59973->[::1]:6379: i/o timeout
2025/12/22 10:30:52 read stream error: read tcp [::1]:60045->[::1]:6379: i/o timeout
2025/12/22 10:31:02 read stream error: read tcp [::1]:60069->[::1]:6379: i/o timeout
2025/12/22 10:31:12 read stream error: read tcp [::1]:60083->[::1]:6379: i/o timeout
2025/12/22 10:31:22 read stream error: read tcp [::1]:60095->[::1]:6379: i/o timeout
2025/12/22 10:31:32 read stream error: read tcp [::1]:60112->[::1]:6379: i/o timeout
2025/12/22 10:31:42 read stream error: read tcp [::1]:60138->[::1]:6379: i/o timeout
2025/12/22 10:31:52 read stream error: read tcp [::1]:60170->[::1]:6379: i/o timeout
2025/12/22 10:32:02 read stream error: read tcp [::1]:60196->[::1]:6379: i/o timeout
2025/12/22 10:32:12 read stream error: read tcp [::1]:60232->[::1]:6379: i/o timeout
2025/12/22 10:32:22 read stream error: read tcp [::1]:60261->[::1]:6379: i/o timeout
2025/12/22 10:32:32 read stream error: read tcp [::1]:60309->[::1]:6379: i/o timeout
2025/12/22 10:32:42 read stream error: read tcp [::1]:60328->[::1]:6379: i/o timeout
2025/12/22 10:32:52 read stream error: read tcp [::1]:60357->[::1]:6379: i/o timeout
2025/12/22 10:33:02 read stream error: read tcp [::1]:60369->[::1]:6379: i/o timeout
2025/12/22 10:33:12 read stream error: read tcp [::1]:60390->[::1]:6379: i/o timeout
2025/12/22 10:33:22 read stream error: read tcp [::1]:60404->[::1]:6379: i/o timeout
2025/12/22 10:33:32 read stream error: read tcp [::1]:60432->[::1]:6379: i/o timeout
2025/12/22 10:33:42 read stream error: read tcp [::1]:60469->[::1]:6379: i/o timeout
2025/12/22 10:33:52 read stream error: read tcp [::1]:60521->[::1]:6379: i/o timeout
2025/12/22 10:34:02 read stream error: read tcp [::1]:60563->[::1]:6379: i/o timeout
2025/12/22 10:34:12 read stream error: read tcp [::1]:60594->[::1]:6379: i/o timeout
2025/12/22 10:34:22 read stream error: read tcp [::1]:60645->[::1]:6379: i/o timeout
2025/12/22 10:34:32 read stream error: read tcp [::1]:60679->[::1]:6379: i/o timeout
2025/12/22 10:34:42 read stream error: read tcp [::1]:60716->[::1]:6379: i/o timeout
2025/12/22 10:34:52 read stream error: read tcp [::1]:60757->[::1]:6379: i/o timeout
2025/12/22 10:35:02 read stream error: read tcp [::1]:60790->[::1]:6379: i/o timeout
2025/12/22 10:35:12 read stream error: read tcp [::1]:60856->[::1]:6379: i/o timeout
2025/12/22 10:35:22 read stream error: read tcp [::1]:60881->[::1]:6379: i/o timeout
2025/12/22 10:35:32 read stream error: read tcp [::1]:60917->[::1]:6379: i/o timeout
2025/12/22 10:35:42 read stream error: read tcp [::1]:60944->[::1]:6379: i/o timeout
2025/12/22 10:35:52 read stream error: read tcp [::1]:60984->[::1]:6379: i/o timeout
2025/12/22 10:36:02 read stream error: read tcp [::1]:61006->[::1]:6379: i/o timeout
2025/12/22 10:36:12 read stream error: read tcp [::1]:61034->[::1]:6379: i/o timeout
2025/12/22 10:36:22 read stream error: read tcp [::1]:61072->[::1]:6379: i/o timeout
2025/12/22 10:36:32 read stream error: read tcp [::1]:61093->[::1]:6379: i/o timeout
2025/12/22 10:36:42 read stream error: read tcp [::1]:61110->[::1]:6379: i/o timeout
2025/12/22 10:36:52 read stream error: read tcp [::1]:61149->[::1]:6379: i/o timeout
2025/12/22 10:37:02 read stream error: read tcp [::1]:61171->[::1]:6379: i/o timeout
2025/12/22 10:37:12 read stream error: read tcp [::1]:61190->[::1]:6379: i/o timeout
2025/12/22 10:37:22 read stream error: read tcp [::1]:61220->[::1]:6379: i/o timeout
2025/12/22 10:37:32 read stream error: read tcp [::1]:61238->[::1]:6379: i/o timeout
2025/12/22 10:37:42 read stream error: read tcp [::1]:61255->[::1]:6379: i/o timeout
2025/12/22 10:37:52 read stream error: read tcp [::1]:61295->[::1]:6379: i/o timeout
2025/12/22 10:38:02 read stream error: read tcp [::1]:61335->[::1]:6379: i/o timeout
2025/12/22 10:38:12 read stream error: read tcp [::1]:61363->[::1]:6379: i/o timeout
2025/12/22 10:38:22 read stream error: read tcp [::1]:61387->[::1]:6379: i/o timeout
2025/12/22 10:38:32 read stream error: read tcp [::1]:61414->[::1]:6379: i/o timeout
2025/12/22 10:38:42 read stream error: read tcp [::1]:61447->[::1]:6379: i/o timeout
2025/12/22 10:38:52 read stream error: read tcp [::1]:61494->[::1]:6379: i/o timeout
2025/12/22 10:39:02 read stream error: read tcp [::1]:61522->[::1]:6379: i/o timeout
2025/12/22 10:39:12 read stream error: read tcp [::1]:61552->[::1]:6379: i/o timeout
2025/12/22 10:39:22 read stream error: read tcp [::1]:61580->[::1]:6379: i/o timeout
2025/12/22 10:39:32 read stream error: read tcp [::1]:61609->[::1]:6379: i/o timeout
2025/12/22 10:39:42 read stream error: read tcp [::1]:61637->[::1]:6379: i/o timeout
2025/12/22 10:39:52 read stream error: read tcp [::1]:61661->[::1]:6379: i/o timeout
2025/12/22 10:40:02 read stream error: read tcp [::1]:61683->[::1]:6379: i/o timeout
2025/12/22 10:40:12 read stream error: read tcp [::1]:61707->[::1]:6379: i/o timeout
2025/12/22 10:40:22 read stream error: read tcp [::1]:61738->[::1]:6379: i/o timeout
2025/12/22 10:40:32 read stream error: read tcp [::1]:61762->[::1]:6379: i/o timeout
2025/12/22 10:40:42 read stream error: read tcp [::1]:61786->[::1]:6379: i/o timeout
2025/12/22 10:40:52 read stream error: read tcp [::1]:61815->[::1]:6379: i/o timeout
2025/12/22 10:41:02 read stream error: read tcp [::1]:61848->[::1]:6379: i/o timeout
2025/12/22 10:41:12 read stream error: read tcp [::1]:61867->[::1]:6379: i/o timeout
2025/12/22 10:41:22 read stream error: read tcp [::1]:61888->[::1]:6379: i/o timeout
2025/12/22 10:41:32 read stream error: read tcp [::1]:61905->[::1]:6379: i/o timeout
2025/12/22 10:41:42 read stream error: read tcp [::1]:61927->[::1]:6379: i/o timeout
2025/12/22 10:41:52 read stream error: read tcp [::1]:61956->[::1]:6379: i/o timeout
2025/12/22 10:42:02 read stream error: read tcp [::1]:61969->[::1]:6379: i/o timeout
2025/12/22 10:42:12 read stream error: read tcp [::1]:61989->[::1]:6379: i/o timeout
2025/12/22 10:42:22 read stream error: read tcp [::1]:62007->[::1]:6379: i/o timeout
2025/12/22 10:42:32 read stream error: read tcp [::1]:62017->[::1]:6379: i/o timeout
2025/12/22 10:42:42 read stream error: read tcp [::1]:62034->[::1]:6379: i/o timeout
2025/12/22 10:42:52 read stream error: read tcp [::1]:62061->[::1]:6379: i/o timeout
2025/12/22 10:43:02 read stream error: read tcp [::1]:62084->[::1]:6379: i/o timeout
2025/12/22 10:43:12 read stream error: read tcp [::1]:62117->[::1]:6379: i/o timeout
2025/12/22 10:43:22 read stream error: read tcp [::1]:62136->[::1]:6379: i/o timeout
2025/12/22 10:43:32 read stream error: read tcp [::1]:62167->[::1]:6379: i/o timeout
2025/12/22 10:43:42 read stream error: read tcp [::1]:62198->[::1]:6379: i/o timeout
2025/12/22 10:43:52 read stream error: read tcp [::1]:62233->[::1]:6379: i/o timeout
2025/12/22 10:44:02 read stream error: read tcp [::1]:62257->[::1]:6379: i/o timeout
2025/12/22 10:44:12 read stream error: read tcp [::1]:62277->[::1]:6379: i/o timeout
2025/12/22 10:44:22 read stream error: read tcp [::1]:62292->[::1]:6379: i/o timeout
2025/12/22 10:44:32 read stream error: read tcp [::1]:62301->[::1]:6379: i/o timeout
2025/12/22 10:44:42 read stream error: read tcp [::1]:62324->[::1]:6379: i/o timeout
2025/12/22 10:44:52 read stream error: read tcp [::1]:62347->[::1]:6379: i/o timeout
2025/12/22 10:45:02 read stream error: read tcp [::1]:62362->[::1]:6379: i/o timeout
2025/12/22 10:45:12 read stream error: read tcp [::1]:62376->[::1]:6379: i/o timeout
2025/12/22 10:45:22 read stream error: read tcp [::1]:62394->[::1]:6379: i/o timeout
2025/12/22 10:45:32 read stream error: read tcp [::1]:62417->[::1]:6379: i/o timeout
2025/12/22 10:45:42 read stream error: read tcp [::1]:62437->[::1]:6379: i/o timeout
2025/12/22 10:45:52 read stream error: read tcp [::1]:62459->[::1]:6379: i/o timeout
2025/12/22 10:46:02 read stream error: read tcp [::1]:62480->[::1]:6379: i/o timeout
2025/12/22 10:46:12 read stream error: read tcp [::1]:62493->[::1]:6379: i/o timeout
2025/12/22 10:46:22 read stream error: read tcp [::1]:62530->[::1]:6379: i/o timeout
2025/12/22 10:46:32 read stream error: read tcp [::1]:62549->[::1]:6379: i/o timeout
2025/12/22 10:46:42 read stream error: read tcp [::1]:62575->[::1]:6379: i/o timeout
2025/12/22 10:46:52 read stream error: read tcp [::1]:62599->[::1]:6379: i/o timeout
2025/12/22 10:47:02 read stream error: read tcp [::1]:62622->[::1]:6379: i/o timeout
2025/12/22 10:47:12 read stream error: read tcp [::1]:62642->[::1]:6379: i/o timeout
2025/12/22 10:47:22 read stream error: read tcp [::1]:62662->[::1]:6379: i/o timeout
2025/12/22 10:47:32 read stream error: read tcp [::1]:62684->[::1]:6379: i/o timeout
2025/12/22 10:47:42 read stream error: read tcp [::1]:62704->[::1]:6379: i/o timeout
2025/12/22 10:47:52 read stream error: read tcp [::1]:62718->[::1]:6379: i/o timeout
2025/12/22 10:48:02 read stream error: read tcp [::1]:62738->[::1]:6379: i/o timeout
2025/12/22 10:48:12 read stream error: read tcp [::1]:62749->[::1]:6379: i/o timeout
2025/12/22 10:48:22 read stream error: read tcp [::1]:62778->[::1]:6379: i/o timeout
2025/12/22 10:48:32 read stream error: read tcp [::1]:62803->[::1]:6379: i/o timeout
2025/12/22 10:48:42 read stream error: read tcp [::1]:62824->[::1]:6379: i/o timeout
2025/12/22 10:48:52 read stream error: read tcp [::1]:62858->[::1]:6379: i/o timeout
2025/12/22 10:49:02 read stream error: read tcp [::1]:62882->[::1]:6379: i/o timeout
2025/12/22 10:49:12 read stream error: read tcp [::1]:62906->[::1]:6379: i/o timeout
2025/12/22 10:49:22 read stream error: read tcp [::1]:62928->[::1]:6379: i/o timeout
2025/12/22 10:49:32 read stream error: read tcp [::1]:62940->[::1]:6379: i/o timeout
2025/12/22 10:49:42 read stream error: read tcp [::1]:62966->[::1]:6379: i/o timeout
2025/12/22 10:49:52 read stream error: read tcp [::1]:62982->[::1]:6379: i/o timeout
2025/12/22 10:50:02 read stream error: read tcp [::1]:62998->[::1]:6379: i/o timeout
2025/12/22 10:50:12 read stream error: read tcp [::1]:63013->[::1]:6379: i/o timeout
2025/12/22 10:50:22 read stream error: read tcp [::1]:63042->[::1]:6379: i/o timeout
2025/12/22 10:50:32 read stream error: read tcp [::1]:63055->[::1]:6379: i/o timeout
2025/12/22 10:50:42 read stream error: read tcp [::1]:63076->[::1]:6379: i/o timeout
2025/12/22 10:50:52 read stream error: read tcp [::1]:63112->[::1]:6379: i/o timeout
2025/12/22 10:51:02 read stream error: read tcp [::1]:63131->[::1]:6379: i/o timeout
2025/12/22 10:51:12 read stream error: read tcp [::1]:63168->[::1]:6379: i/o timeout
2025/12/22 10:51:22 read stream error: read tcp [::1]:63199->[::1]:6379: i/o timeout
2025/12/22 10:51:32 read stream error: read tcp [::1]:63226->[::1]:6379: i/o timeout
2025/12/22 10:51:42 read stream error: read tcp [::1]:63251->[::1]:6379: i/o timeout
2025/12/22 10:51:52 read stream error: read tcp [::1]:63291->[::1]:6379: i/o timeout
2025/12/22 10:52:02 read stream error: read tcp [::1]:63351->[::1]:6379: i/o timeout
2025/12/22 10:52:12 read stream error: read tcp [::1]:63373->[::1]:6379: i/o timeout
2025/12/22 10:52:22 read stream error: read tcp [::1]:63396->[::1]:6379: i/o timeout
2025/12/22 10:52:32 read stream error: read tcp [::1]:63435->[::1]:6379: i/o timeout
2025/12/22 10:52:42 read stream error: read tcp [::1]:63464->[::1]:6379: i/o timeout
2025/12/22 10:52:52 read stream error: read tcp [::1]:63483->[::1]:6379: i/o timeout
2025/12/22 10:53:02 read stream error: read tcp [::1]:63497->[::1]:6379: i/o timeout
2025/12/22 10:53:12 read stream error: read tcp [::1]:63515->[::1]:6379: i/o timeout
2025/12/22 10:53:22 read stream error: read tcp [::1]:63532->[::1]:6379: i/o timeout
2025/12/22 10:53:32 read stream error: read tcp [::1]:63566->[::1]:6379: i/o timeout
2025/12/22 10:53:42 read stream error: read tcp [::1]:63594->[::1]:6379: i/o timeout
2025/12/22 10:53:52 read stream error: read tcp [::1]:63618->[::1]:6379: i/o timeout
2025/12/22 10:54:02 read stream error: read tcp [::1]:63631->[::1]:6379: i/o timeout
2025/12/22 10:54:12 read stream error: read tcp [::1]:63644->[::1]:6379: i/o timeout
2025/12/22 10:54:22 read stream error: read tcp [::1]:63664->[::1]:6379: i/o timeout
2025/12/22 10:54:32 read stream error: read tcp [::1]:63676->[::1]:6379: i/o timeout
2025/12/22 10:54:42 read stream error: read tcp [::1]:63697->[::1]:6379: i/o timeout
2025/12/22 10:54:52 read stream error: read tcp [::1]:63710->[::1]:6379: i/o timeout
2025/12/22 10:55:02 read stream error: read tcp [::1]:63723->[::1]:6379: i/o timeout
2025/12/22 10:55:12 read stream error: read tcp [::1]:63739->[::1]:6379: i/o timeout
2025/12/22 10:55:22 read stream error: read tcp [::1]:63753->[::1]:6379: i/o timeout
2025/12/22 10:55:32 read stream error: read tcp [::1]:63765->[::1]:6379: i/o timeout
2025/12/22 10:55:42 read stream error: read tcp [::1]:63780->[::1]:6379: i/o timeout
2025/12/22 10:55:52 read stream error: read tcp [::1]:63794->[::1]:6379: i/o timeout
2025/12/22 10:56:02 read stream error: read tcp [::1]:63806->[::1]:6379: i/o timeout
2025/12/22 10:56:12 read stream error: read tcp [::1]:63819->[::1]:6379: i/o timeout
2025/12/22 10:56:22 read stream error: read tcp [::1]:63831->[::1]:6379: i/o timeout
2025/12/22 10:56:32 read stream error: read tcp [::1]:63842->[::1]:6379: i/o timeout
2025/12/22 10:56:42 read stream error: read tcp [::1]:63853->[::1]:6379: i/o timeout
2025/12/22 10:56:52 read stream error: read tcp [::1]:63871->[::1]:6379: i/o timeout
2025/12/22 10:57:02 read stream error: read tcp [::1]:63889->[::1]:6379: i/o timeout
2025/12/22 10:57:12 read stream error: read tcp [::1]:63902->[::1]:6379: i/o timeout
2025/12/22 10:57:22 read stream error: read tcp [::1]:63913->[::1]:6379: i/o timeout
2025/12/22 10:57:32 read stream error: read tcp [::1]:63921->[::1]:6379: i/o timeout
2025/12/22 10:57:42 read stream error: read tcp [::1]:63932->[::1]:6379: i/o timeout
2025/12/22 10:57:52 read stream error: read tcp [::1]:63944->[::1]:6379: i/o timeout
2025/12/22 10:58:02 read stream error: read tcp [::1]:63956->[::1]:6379: i/o timeout
2025/12/22 10:58:12 read stream error: read tcp [::1]:63976->[::1]:6379: i/o timeout
2025/12/22 10:58:22 read stream error: read tcp [::1]:63987->[::1]:6379: i/o timeout
2025/12/22 10:58:32 read stream error: read tcp [::1]:64001->[::1]:6379: i/o timeout
2025/12/22 10:58:42 read stream error: read tcp [::1]:64013->[::1]:6379: i/o timeout
2025/12/22 10:58:52 read stream error: read tcp [::1]:64024->[::1]:6379: i/o timeout
2025/12/22 10:59:02 read stream error: read tcp [::1]:64037->[::1]:6379: i/o timeout
2025/12/22 10:59:12 read stream error: read tcp [::1]:64050->[::1]:6379: i/o timeout
2025/12/22 10:59:22 read stream error: read tcp [::1]:64061->[::1]:6379: i/o timeout
2025/12/22 10:59:32 read stream error: read tcp [::1]:64069->[::1]:6379: i/o timeout
2025/12/22 10:59:42 read stream error: read tcp [::1]:64081->[::1]:6379: i/o timeout
2025/12/22 10:59:52 read stream error: read tcp [::1]:64092->[::1]:6379: i/o timeout
2025/12/22 11:00:02 read stream error: read tcp [::1]:64104->[::1]:6379: i/o timeout
2025/12/22 11:00:12 read stream error: read tcp [::1]:64120->[::1]:6379: i/o timeout
2025/12/22 11:00:22 read stream error: read tcp [::1]:64150->[::1]:6379: i/o timeout
2025/12/22 11:00:32 read stream error: read tcp [::1]:64162->[::1]:6379: i/o timeout
2025/12/22 11:00:42 read stream error: read tcp [::1]:64178->[::1]:6379: i/o timeout
2025/12/22 11:00:52 read stream error: read tcp [::1]:64194->[::1]:6379: i/o timeout
2025/12/22 11:01:02 read stream error: read tcp [::1]:64208->[::1]:6379: i/o timeout
2025/12/22 11:01:12 read stream error: read tcp [::1]:64222->[::1]:6379: i/o timeout
2025/12/22 11:01:22 read stream error: read tcp [::1]:64235->[::1]:6379: i/o timeout
2025/12/22 11:01:32 read stream error: read tcp [::1]:64246->[::1]:6379: i/o timeout
2025/12/22 11:01:42 read stream error: read tcp [::1]:64257->[::1]:6379: i/o timeout
2025/12/22 11:01:52 read stream error: read tcp [::1]:64269->[::1]:6379: i/o timeout
2025/12/22 11:02:02 read stream error: read tcp [::1]:64281->[::1]:6379: i/o timeout
2025/12/22 11:02:12 read stream error: read tcp [::1]:64294->[::1]:6379: i/o timeout
2025/12/22 11:02:22 read stream error: read tcp [::1]:64313->[::1]:6379: i/o timeout
2025/12/22 11:02:32 read stream error: read tcp [::1]:64323->[::1]:6379: i/o timeout
2025/12/22 11:02:42 read stream error: read tcp [::1]:64334->[::1]:6379: i/o timeout
2025/12/22 11:02:52 read stream error: read tcp [::1]:64346->[::1]:6379: i/o timeout
2025/12/22 11:03:02 read stream error: read tcp [::1]:64357->[::1]:6379: i/o timeout
2025/12/22 11:03:12 read stream error: read tcp [::1]:64371->[::1]:6379: i/o timeout
2025/12/22 11:03:22 read stream error: read tcp [::1]:64384->[::1]:6379: i/o timeout
2025/12/22 11:03:32 read stream error: read tcp [::1]:64392->[::1]:6379: i/o timeout
2025/12/22 11:03:42 read stream error: read tcp [::1]:64405->[::1]:6379: i/o timeout
2025/12/22 11:03:52 read stream error: read tcp [::1]:64417->[::1]:6379: i/o timeout
2025/12/22 11:04:02 read stream error: read tcp [::1]:64429->[::1]:6379: i/o timeout
2025/12/22 11:04:12 read stream error: read tcp [::1]:64445->[::1]:6379: i/o timeout
2025/12/22 11:04:22 read stream error: read tcp [::1]:64456->[::1]:6379: i/o timeout
2025/12/22 11:04:32 read stream error: read tcp [::1]:64466->[::1]:6379: i/o timeout
2025/12/22 11:04:42 read stream error: read tcp [::1]:64478->[::1]:6379: i/o timeout
2025/12/22 11:04:52 read stream error: read tcp [::1]:64488->[::1]:6379: i/o timeout
2025/12/22 11:05:02 read stream error: read tcp [::1]:64498->[::1]:6379: i/o timeout
2025/12/22 11:05:12 read stream error: read tcp [::1]:64512->[::1]:6379: i/o timeout
2025/12/22 11:05:22 read stream error: read tcp [::1]:64524->[::1]:6379: i/o timeout
2025/12/22 11:05:32 read stream error: read tcp [::1]:64535->[::1]:6379: i/o timeout
2025/12/22 11:05:42 read stream error: read tcp [::1]:64545->[::1]:6379: i/o timeout
2025/12/22 11:05:52 read stream error: read tcp [::1]:64560->[::1]:6379: i/o timeout
2025/12/22 11:06:02 read stream error: read tcp [::1]:64572->[::1]:6379: i/o timeout
2025/12/22 11:06:12 read stream error: read tcp [::1]:64583->[::1]:6379: i/o timeout
2025/12/22 11:06:22 read stream error: read tcp [::1]:64597->[::1]:6379: i/o timeout
2025/12/22 11:06:32 read stream error: read tcp [::1]:64607->[::1]:6379: i/o timeout
2025/12/22 11:06:42 read stream error: read tcp [::1]:64618->[::1]:6379: i/o timeout
2025/12/22 11:06:52 read stream error: read tcp [::1]:64629->[::1]:6379: i/o timeout
2025/12/22 11:07:02 read stream error: read tcp [::1]:64642->[::1]:6379: i/o timeout
2025/12/22 11:07:12 read stream error: read tcp [::1]:64655->[::1]:6379: i/o timeout
2025/12/22 11:07:22 read stream error: read tcp [::1]:64667->[::1]:6379: i/o timeout
2025/12/22 11:07:32 read stream error: read tcp [::1]:64678->[::1]:6379: i/o timeout
2025/12/22 11:07:42 read stream error: read tcp [::1]:64687->[::1]:6379: i/o timeout
2025/12/22 11:07:52 read stream error: read tcp [::1]:64706->[::1]:6379: i/o timeout
2025/12/22 11:08:02 read stream error: read tcp [::1]:64716->[::1]:6379: i/o timeout
2025/12/22 11:08:12 read stream error: read tcp [::1]:64729->[::1]:6379: i/o timeout
2025/12/22 11:08:23 read stream error: read tcp [::1]:64742->[::1]:6379: i/o timeout
2025/12/22 11:08:33 read stream error: read tcp [::1]:64753->[::1]:6379: i/o timeout
2025/12/22 11:08:43 read stream error: read tcp [::1]:64767->[::1]:6379: i/o timeout
2025/12/22 11:08:53 read stream error: read tcp [::1]:64779->[::1]:6379: i/o timeout
2025/12/22 11:09:03 read stream error: read tcp [::1]:64790->[::1]:6379: i/o timeout
2025/12/22 11:09:13 read stream error: read tcp [::1]:64805->[::1]:6379: i/o timeout
2025/12/22 11:09:23 read stream error: read tcp [::1]:64817->[::1]:6379: i/o timeout
2025/12/22 11:09:33 read stream error: read tcp [::1]:64823->[::1]:6379: i/o timeout
2025/12/22 11:09:43 read stream error: read tcp [::1]:64835->[::1]:6379: i/o timeout
2025/12/22 11:09:53 read stream error: read tcp [::1]:64846->[::1]:6379: i/o timeout
2025/12/22 11:10:03 read stream error: read tcp [::1]:64857->[::1]:6379: i/o timeout
2025/12/22 11:10:13 read stream error: read tcp [::1]:64874->[::1]:6379: i/o timeout
2025/12/22 11:10:23 read stream error: read tcp [::1]:64886->[::1]:6379: i/o timeout
2025/12/22 11:10:33 read stream error: read tcp [::1]:64895->[::1]:6379: i/o timeout
2025/12/22 11:10:43 read stream error: read tcp [::1]:64907->[::1]:6379: i/o timeout
2025/12/22 11:10:53 read stream error: read tcp [::1]:64918->[::1]:6379: i/o timeout
2025/12/22 11:11:03 read stream error: read tcp [::1]:64928->[::1]:6379: i/o timeout
2025/12/22 11:11:13 read stream error: read tcp [::1]:64945->[::1]:6379: i/o timeout
2025/12/22 11:11:23 read stream error: read tcp [::1]:64962->[::1]:6379: i/o timeout
2025/12/22 11:11:33 read stream error: read tcp [::1]:64969->[::1]:6379: i/o timeout
2025/12/22 11:11:43 read stream error: read tcp [::1]:64981->[::1]:6379: i/o timeout
2025/12/22 11:11:53 read stream error: read tcp [::1]:64994->[::1]:6379: i/o timeout
2025/12/22 11:12:03 read stream error: read tcp [::1]:65005->[::1]:6379: i/o timeout
2025/12/22 11:12:13 read stream error: read tcp [::1]:65020->[::1]:6379: i/o timeout
2025/12/22 11:12:23 read stream error: read tcp [::1]:65034->[::1]:6379: i/o timeout
2025/12/22 11:12:33 read stream error: read tcp [::1]:65044->[::1]:6379: i/o timeout
2025/12/22 11:12:43 read stream error: read tcp [::1]:65057->[::1]:6379: i/o timeout
2025/12/22 11:12:53 read stream error: read tcp [::1]:65067->[::1]:6379: i/o timeout
2025/12/22 11:13:03 read stream error: read tcp [::1]:65078->[::1]:6379: i/o timeout
2025/12/22 11:13:13 read stream error: read tcp [::1]:65091->[::1]:6379: i/o timeout
2025/12/22 11:13:23 read stream error: read tcp [::1]:65106->[::1]:6379: i/o timeout
2025/12/22 11:13:33 read stream error: read tcp [::1]:65113->[::1]:6379: i/o timeout
2025/12/22 11:13:43 read stream error: read tcp [::1]:65125->[::1]:6379: i/o timeout
2025/12/22 11:13:53 read stream error: read tcp [::1]:65141->[::1]:6379: i/o timeout
2025/12/22 11:14:03 read stream error: read tcp [::1]:65154->[::1]:6379: i/o timeout
2025/12/22 11:14:13 read stream error: read tcp [::1]:65168->[::1]:6379: i/o timeout
2025/12/22 11:14:23 read stream error: read tcp [::1]:65180->[::1]:6379: i/o timeout
2025/12/22 11:14:33 read stream error: read tcp [::1]:65187->[::1]:6379: i/o timeout
2025/12/22 11:14:43 read stream error: read tcp [::1]:65199->[::1]:6379: i/o timeout
2025/12/22 11:14:53 read stream error: read tcp [::1]:65211->[::1]:6379: i/o timeout
2025/12/22 11:15:03 read stream error: read tcp [::1]:65220->[::1]:6379: i/o timeout
2025/12/22 11:15:13 read stream error: read tcp [::1]:65236->[::1]:6379: i/o timeout
2025/12/22 11:15:23 read stream error: read tcp [::1]:65250->[::1]:6379: i/o timeout
2025/12/22 11:15:33 read stream error: read tcp [::1]:65260->[::1]:6379: i/o timeout
2025/12/22 11:15:43 read stream error: read tcp [::1]:65273->[::1]:6379: i/o timeout
2025/12/22 11:15:53 read stream error: read tcp [::1]:65285->[::1]:6379: i/o timeout
2025/12/22 11:16:03 read stream error: read tcp [::1]:65294->[::1]:6379: i/o timeout
2025/12/22 11:16:13 read stream error: read tcp [::1]:65308->[::1]:6379: i/o timeout
2025/12/22 11:16:23 read stream error: read tcp [::1]:65322->[::1]:6379: i/o timeout
2025/12/22 11:16:33 read stream error: read tcp [::1]:65332->[::1]:6379: i/o timeout
2025/12/22 11:16:43 read stream error: read tcp [::1]:65344->[::1]:6379: i/o timeout
2025/12/22 11:16:53 read stream error: read tcp [::1]:65355->[::1]:6379: i/o timeout
2025/12/22 11:17:03 read stream error: read tcp [::1]:65364->[::1]:6379: i/o timeout
2025/12/22 11:17:13 read stream error: read tcp [::1]:65380->[::1]:6379: i/o timeout
2025/12/22 11:17:23 read stream error: read tcp [::1]:65393->[::1]:6379: i/o timeout
2025/12/22 11:17:33 read stream error: read tcp [::1]:65408->[::1]:6379: i/o timeout
2025/12/22 11:17:43 read stream error: read tcp [::1]:65421->[::1]:6379: i/o timeout
2025/12/22 11:17:53 read stream error: read tcp [::1]:65435->[::1]:6379: i/o timeout
2025/12/22 11:18:03 read stream error: read tcp [::1]:65448->[::1]:6379: i/o timeout
2025/12/22 11:18:13 read stream error: read tcp [::1]:65462->[::1]:6379: i/o timeout
2025/12/22 11:18:23 read stream error: read tcp [::1]:65474->[::1]:6379: i/o timeout
2025/12/22 11:18:33 read stream error: read tcp [::1]:65483->[::1]:6379: i/o timeout
2025/12/22 11:18:43 read stream error: read tcp [::1]:65493->[::1]:6379: i/o timeout
2025/12/22 11:18:53 read stream error: read tcp [::1]:65505->[::1]:6379: i/o timeout
2025/12/22 11:19:03 read stream error: read tcp [::1]:65516->[::1]:6379: i/o timeout
2025/12/22 11:19:13 read stream error: read tcp [::1]:65531->[::1]:6379: i/o timeout
2025/12/22 11:19:23 read stream error: read tcp [::1]:49160->[::1]:6379: i/o timeout
2025/12/22 11:19:33 read stream error: read tcp [::1]:49168->[::1]:6379: i/o timeout
2025/12/22 11:19:43 read stream error: read tcp [::1]:49180->[::1]:6379: i/o timeout
2025/12/22 11:19:53 read stream error: read tcp [::1]:49197->[::1]:6379: i/o timeout
2025/12/22 11:20:03 read stream error: read tcp [::1]:49205->[::1]:6379: i/o timeout
2025/12/22 11:20:13 read stream error: read tcp [::1]:49223->[::1]:6379: i/o timeout
2025/12/22 11:20:23 read stream error: read tcp [::1]:49237->[::1]:6379: i/o timeout
2025/12/22 11:20:33 read stream error: read tcp [::1]:49246->[::1]:6379: i/o timeout
2025/12/22 11:20:43 read stream error: read tcp [::1]:49257->[::1]:6379: i/o timeout
2025/12/22 11:20:53 read stream error: read tcp [::1]:49270->[::1]:6379: i/o timeout
2025/12/22 11:21:03 read stream error: read tcp [::1]:49280->[::1]:6379: i/o timeout
2025/12/22 11:21:13 read stream error: read tcp [::1]:49295->[::1]:6379: i/o timeout
2025/12/22 11:21:23 read stream error: read tcp [::1]:49311->[::1]:6379: i/o timeout
2025/12/22 11:21:33 read stream error: read tcp [::1]:49321->[::1]:6379: i/o timeout
2025/12/22 11:21:43 read stream error: read tcp [::1]:49332->[::1]:6379: i/o timeout
2025/12/22 11:21:53 read stream error: read tcp [::1]:49343->[::1]:6379: i/o timeout
2025/12/22 11:22:03 read stream error: read tcp [::1]:49354->[::1]:6379: i/o timeout
2025/12/22 11:22:13 read stream error: read tcp [::1]:49367->[::1]:6379: i/o timeout
2025/12/22 11:22:23 read stream error: read tcp [::1]:49381->[::1]:6379: i/o timeout
2025/12/22 11:22:33 read stream error: read tcp [::1]:49390->[::1]:6379: i/o timeout
2025/12/22 11:22:43 read stream error: read tcp [::1]:49401->[::1]:6379: i/o timeout
2025/12/22 11:22:53 read stream error: read tcp [::1]:49413->[::1]:6379: i/o timeout
2025/12/22 11:23:03 read stream error: read tcp [::1]:49421->[::1]:6379: i/o timeout
2025/12/22 11:23:13 read stream error: read tcp [::1]:49438->[::1]:6379: i/o timeout
2025/12/22 11:23:23 read stream error: read tcp [::1]:49451->[::1]:6379: i/o timeout
2025/12/22 11:23:33 read stream error: read tcp [::1]:49458->[::1]:6379: i/o timeout
2025/12/22 11:23:43 read stream error: read tcp [::1]:49473->[::1]:6379: i/o timeout
2025/12/22 11:23:53 read stream error: read tcp [::1]:49485->[::1]:6379: i/o timeout
2025/12/22 11:24:03 read stream error: read tcp [::1]:49495->[::1]:6379: i/o timeout
2025/12/22 11:24:13 read stream error: read tcp [::1]:49509->[::1]:6379: i/o timeout
2025/12/22 11:24:23 read stream error: read tcp [::1]:49522->[::1]:6379: i/o timeout
2025/12/22 11:24:33 read stream error: read tcp [::1]:49531->[::1]:6379: i/o timeout
2025/12/22 11:24:43 read stream error: read tcp [::1]:49542->[::1]:6379: i/o timeout
2025/12/22 11:24:53 read stream error: read tcp [::1]:49554->[::1]:6379: i/o timeout
2025/12/22 11:25:03 read stream error: read tcp [::1]:49563->[::1]:6379: i/o timeout
2025/12/22 11:25:13 read stream error: read tcp [::1]:49584->[::1]:6379: i/o timeout
2025/12/22 11:25:23 read stream error: read tcp [::1]:49597->[::1]:6379: i/o timeout
2025/12/22 11:25:33 read stream error: read tcp [::1]:49605->[::1]:6379: i/o timeout
2025/12/22 11:25:43 read stream error: read tcp [::1]:49619->[::1]:6379: i/o timeout
2025/12/22 11:25:53 read stream error: read tcp [::1]:49639->[::1]:6379: i/o timeout
2025/12/22 11:26:03 read stream error: read tcp [::1]:49647->[::1]:6379: i/o timeout
2025/12/22 11:26:13 read stream error: read tcp [::1]:49663->[::1]:6379: i/o timeout
2025/12/22 11:26:23 read stream error: read tcp [::1]:49673->[::1]:6379: i/o timeout
2025/12/22 11:26:33 read stream error: read tcp [::1]:49684->[::1]:6379: i/o timeout
2025/12/22 11:26:43 read stream error: read tcp [::1]:49697->[::1]:6379: i/o timeout
2025/12/22 11:26:53 read stream error: read tcp [::1]:49709->[::1]:6379: i/o timeout
2025/12/22 11:27:03 read stream error: read tcp [::1]:49717->[::1]:6379: i/o timeout
2025/12/22 11:27:13 read stream error: read tcp [::1]:49731->[::1]:6379: i/o timeout
2025/12/22 11:27:23 read stream error: read tcp [::1]:49745->[::1]:6379: i/o timeout
2025/12/22 11:27:33 read stream error: read tcp [::1]:49752->[::1]:6379: i/o timeout
2025/12/22 11:27:43 read stream error: read tcp [::1]:49764->[::1]:6379: i/o timeout
2025/12/22 11:27:53 read stream error: read tcp [::1]:49775->[::1]:6379: i/o timeout
2025/12/22 11:28:03 read stream error: read tcp [::1]:49786->[::1]:6379: i/o timeout
2025/12/22 11:28:13 read stream error: read tcp [::1]:49801->[::1]:6379: i/o timeout
2025/12/22 11:28:23 read stream error: read tcp [::1]:49815->[::1]:6379: i/o timeout
2025/12/22 11:28:33 read stream error: read tcp [::1]:49822->[::1]:6379: i/o timeout
2025/12/22 11:28:43 read stream error: read tcp [::1]:49834->[::1]:6379: i/o timeout
2025/12/22 11:28:53 read stream error: read tcp [::1]:49845->[::1]:6379: i/o timeout
2025/12/22 11:29:03 read stream error: read tcp [::1]:49855->[::1]:6379: i/o timeout
2025/12/22 11:29:13 read stream error: read tcp [::1]:49872->[::1]:6379: i/o timeout
2025/12/22 11:29:23 read stream error: read tcp [::1]:49883->[::1]:6379: i/o timeout
2025/12/22 11:29:33 read stream error: read tcp [::1]:49894->[::1]:6379: i/o timeout
2025/12/22 11:29:43 read stream error: read tcp [::1]:49903->[::1]:6379: i/o timeout
2025/12/22 11:29:53 read stream error: read tcp [::1]:49915->[::1]:6379: i/o timeout
2025/12/22 11:30:03 read stream error: read tcp [::1]:49924->[::1]:6379: i/o timeout
2025/12/22 11:30:13 read stream error: read tcp [::1]:49942->[::1]:6379: i/o timeout
2025/12/22 11:30:23 read stream error: read tcp [::1]:49955->[::1]:6379: i/o timeout
2025/12/22 11:30:33 read stream error: read tcp [::1]:49964->[::1]:6379: i/o timeout
2025/12/22 11:30:43 read stream error: read tcp [::1]:49976->[::1]:6379: i/o timeout
2025/12/22 11:30:53 read stream error: read tcp [::1]:49988->[::1]:6379: i/o timeout
2025/12/22 11:31:03 read stream error: read tcp [::1]:49997->[::1]:6379: i/o timeout
2025/12/22 11:31:13 read stream error: read tcp [::1]:50015->[::1]:6379: i/o timeout
2025/12/22 11:31:23 read stream error: read tcp [::1]:50026->[::1]:6379: i/o timeout
2025/12/22 11:31:33 read stream error: read tcp [::1]:50037->[::1]:6379: i/o timeout
2025/12/22 11:31:43 read stream error: read tcp [::1]:50049->[::1]:6379: i/o timeout
2025/12/22 11:31:53 read stream error: read tcp [::1]:50066->[::1]:6379: i/o timeout
2025/12/22 11:32:03 read stream error: read tcp [::1]:50075->[::1]:6379: i/o timeout
2025/12/22 11:32:13 read stream error: read tcp [::1]:50090->[::1]:6379: i/o timeout
2025/12/22 11:32:23 read stream error: read tcp [::1]:50103->[::1]:6379: i/o timeout
2025/12/22 11:32:33 read stream error: read tcp [::1]:50111->[::1]:6379: i/o timeout
2025/12/22 11:32:43 read stream error: read tcp [::1]:50122->[::1]:6379: i/o timeout
2025/12/22 11:32:53 read stream error: read tcp [::1]:50134->[::1]:6379: i/o timeout
2025/12/22 11:33:03 read stream error: read tcp [::1]:50143->[::1]:6379: i/o timeout
2025/12/22 11:33:13 read stream error: read tcp [::1]:50157->[::1]:6379: i/o timeout
2025/12/22 11:33:23 read stream error: read tcp [::1]:50169->[::1]:6379: i/o timeout
2025/12/22 11:33:33 read stream error: read tcp [::1]:50178->[::1]:6379: i/o timeout
2025/12/22 11:33:43 read stream error: read tcp [::1]:50189->[::1]:6379: i/o timeout
2025/12/22 11:33:53 read stream error: read tcp [::1]:50209->[::1]:6379: i/o timeout
2025/12/22 11:34:03 read stream error: read tcp [::1]:50222->[::1]:6379: i/o timeout
2025/12/22 11:34:13 read stream error: read tcp [::1]:50237->[::1]:6379: i/o timeout
2025/12/22 11:34:23 read stream error: read tcp [::1]:50248->[::1]:6379: i/o timeout
2025/12/22 11:34:33 read stream error: read tcp [::1]:50257->[::1]:6379: i/o timeout
2025/12/22 11:34:43 read stream error: read tcp [::1]:50268->[::1]:6379: i/o timeout
2025/12/22 11:34:53 read stream error: read tcp [::1]:50280->[::1]:6379: i/o timeout
2025/12/22 11:35:03 read stream error: read tcp [::1]:50291->[::1]:6379: i/o timeout
2025/12/22 11:35:13 read stream error: read tcp [::1]:50307->[::1]:6379: i/o timeout
2025/12/22 11:35:23 read stream error: read tcp [::1]:50320->[::1]:6379: i/o timeout
2025/12/22 11:35:33 read stream error: read tcp [::1]:50330->[::1]:6379: i/o timeout
2025/12/22 11:35:43 read stream error: read tcp [::1]:50340->[::1]:6379: i/o timeout
2025/12/22 11:35:53 read stream error: read tcp [::1]:50353->[::1]:6379: i/o timeout
2025/12/22 11:36:03 read stream error: read tcp [::1]:50363->[::1]:6379: i/o timeout
2025/12/22 11:36:13 read stream error: read tcp [::1]:50379->[::1]:6379: i/o timeout
2025/12/22 11:36:23 read stream error: read tcp [::1]:50393->[::1]:6379: i/o timeout
2025/12/22 11:36:33 read stream error: read tcp [::1]:50404->[::1]:6379: i/o timeout
2025/12/22 11:36:43 read stream error: read tcp [::1]:50416->[::1]:6379: i/o timeout
2025/12/22 11:36:53 read stream error: read tcp [::1]:50428->[::1]:6379: i/o timeout
2025/12/22 11:37:03 read stream error: read tcp [::1]:50439->[::1]:6379: i/o timeout
2025/12/22 11:37:13 read stream error: read tcp [::1]:50453->[::1]:6379: i/o timeout
2025/12/22 11:37:23 read stream error: read tcp [::1]:50466->[::1]:6379: i/o timeout
2025/12/22 11:37:33 read stream error: read tcp [::1]:50475->[::1]:6379: i/o timeout
2025/12/22 11:37:43 read stream error: read tcp [::1]:50485->[::1]:6379: i/o timeout
2025/12/22 11:37:53 read stream error: read tcp [::1]:50497->[::1]:6379: i/o timeout
2025/12/22 11:38:03 read stream error: read tcp [::1]:50506->[::1]:6379: i/o timeout
2025/12/22 11:38:13 read stream error: read tcp [::1]:50521->[::1]:6379: i/o timeout
2025/12/22 11:38:23 read stream error: read tcp [::1]:50542->[::1]:6379: i/o timeout
2025/12/22 11:38:33 read stream error: read tcp [::1]:50558->[::1]:6379: i/o timeout
2025/12/22 11:38:43 read stream error: read tcp [::1]:50573->[::1]:6379: i/o timeout
2025/12/22 11:38:53 read stream error: read tcp [::1]:50586->[::1]:6379: i/o timeout
2025/12/22 11:39:03 read stream error: read tcp [::1]:50595->[::1]:6379: i/o timeout
2025/12/22 11:40:22 read stream error: read tcp [::1]:50610->[::1]:6379: i/o timeout
2025/12/22 11:40:32 read stream error: read tcp [::1]:50650->[::1]:6379: i/o timeout
2025/12/22 11:40:42 read stream error: read tcp [::1]:50675->[::1]:6379: i/o timeout
2025/12/22 11:40:52 read stream error: read tcp [::1]:50696->[::1]:6379: i/o timeout
2025/12/22 11:41:02 read stream error: read tcp [::1]:50712->[::1]:6379: i/o timeout
2025/12/22 11:41:12 read stream error: read tcp [::1]:50732->[::1]:6379: i/o timeout
2025/12/22 11:41:22 read stream error: read tcp [::1]:50750->[::1]:6379: i/o timeout
2025/12/22 11:41:32 read stream error: read tcp [::1]:50773->[::1]:6379: i/o timeout
2025/12/22 11:41:42 read stream error: read tcp [::1]:50790->[::1]:6379: i/o timeout
2025/12/22 11:41:52 read stream error: read tcp [::1]:50807->[::1]:6379: i/o timeout
2025/12/22 11:42:02 read stream error: read tcp [::1]:50826->[::1]:6379: i/o timeout
2025/12/22 11:42:12 read stream error: read tcp [::1]:50850->[::1]:6379: i/o timeout
2025/12/22 11:42:22 read stream error: read tcp [::1]:50866->[::1]:6379: i/o timeout
2025/12/22 11:42:32 read stream error: read tcp [::1]:50882->[::1]:6379: i/o timeout
2025/12/22 11:42:42 read stream error: read tcp [::1]:50900->[::1]:6379: i/o timeout
2025/12/22 11:42:52 read stream error: read tcp [::1]:50914->[::1]:6379: i/o timeout
2025/12/22 11:43:02 read stream error: read tcp [::1]:50937->[::1]:6379: i/o timeout
2025/12/22 11:43:12 read stream error: read tcp [::1]:50953->[::1]:6379: i/o timeout
2025/12/22 11:43:22 read stream error: read tcp [::1]:50979->[::1]:6379: i/o timeout
2025/12/22 11:43:32 read stream error: read tcp [::1]:51006->[::1]:6379: i/o timeout
2025/12/22 11:43:42 read stream error: read tcp [::1]:51029->[::1]:6379: i/o timeout
2025/12/22 11:43:52 read stream error: read tcp [::1]:51062->[::1]:6379: i/o timeout
2025/12/22 11:44:02 read stream error: read tcp [::1]:51088->[::1]:6379: i/o timeout
2025/12/22 11:44:12 read stream error: read tcp [::1]:51102->[::1]:6379: i/o timeout
2025/12/22 11:44:22 read stream error: read tcp [::1]:51126->[::1]:6379: i/o timeout
2025/12/22 11:44:32 read stream error: read tcp [::1]:51141->[::1]:6379: i/o timeout
2025/12/22 11:44:42 read stream error: read tcp [::1]:51164->[::1]:6379: i/o timeout
2025/12/22 11:44:52 read stream error: read tcp [::1]:51179->[::1]:6379: i/o timeout
2025/12/22 11:45:02 read stream error: read tcp [::1]:51192->[::1]:6379: i/o timeout
2025/12/22 11:45:12 read stream error: read tcp [::1]:51203->[::1]:6379: i/o timeout
2025/12/22 11:45:22 read stream error: read tcp [::1]:51229->[::1]:6379: i/o timeout
2025/12/22 11:45:32 read stream error: read tcp [::1]:51262->[::1]:6379: i/o timeout
2025/12/22 11:45:42 read stream error: read tcp [::1]:51282->[::1]:6379: i/o timeout
2025/12/22 11:45:52 read stream error: read tcp [::1]:51306->[::1]:6379: i/o timeout
2025/12/22 11:46:02 read stream error: read tcp [::1]:51353->[::1]:6379: i/o timeout
2025/12/22 11:46:12 read stream error: read tcp [::1]:51364->[::1]:6379: i/o timeout
2025/12/22 11:46:22 read stream error: read tcp [::1]:51391->[::1]:6379: i/o timeout
2025/12/22 11:46:32 read stream error: read tcp [::1]:51421->[::1]:6379: i/o timeout
2025/12/22 11:46:42 read stream error: read tcp [::1]:51433->[::1]:6379: i/o timeout
2025/12/22 11:46:52 read stream error: read tcp [::1]:51451->[::1]:6379: i/o timeout
2025/12/22 11:47:02 read stream error: read tcp [::1]:51472->[::1]:6379: i/o timeout
2025/12/22 11:47:12 read stream error: read tcp [::1]:51486->[::1]:6379: i/o timeout
2025/12/22 11:47:22 read stream error: read tcp [::1]:51506->[::1]:6379: i/o timeout
2025/12/22 11:47:32 read stream error: read tcp [::1]:51524->[::1]:6379: i/o timeout
2025/12/22 11:47:42 read stream error: read tcp [::1]:51539->[::1]:6379: i/o timeout
2025/12/22 11:47:52 read stream error: read tcp [::1]:51553->[::1]:6379: i/o timeout
2025/12/22 11:48:02 read stream error: read tcp [::1]:51580->[::1]:6379: i/o timeout
2025/12/22 11:48:12 read stream error: read tcp [::1]:51600->[::1]:6379: i/o timeout
2025/12/22 11:48:22 read stream error: read tcp [::1]:51621->[::1]:6379: i/o timeout
2025/12/22 11:48:32 read stream error: read tcp [::1]:51642->[::1]:6379: i/o timeout
2025/12/22 11:48:42 read stream error: read tcp [::1]:51669->[::1]:6379: i/o timeout
2025/12/22 11:48:52 read stream error: read tcp [::1]:51696->[::1]:6379: i/o timeout
2025/12/22 11:49:02 read stream error: read tcp [::1]:51718->[::1]:6379: i/o timeout
2025/12/22 11:49:12 read stream error: read tcp [::1]:51732->[::1]:6379: i/o timeout
2025/12/22 11:49:22 read stream error: read tcp [::1]:51755->[::1]:6379: i/o timeout
2025/12/22 11:49:32 read stream error: read tcp [::1]:51772->[::1]:6379: i/o timeout
2025/12/22 11:49:42 read stream error: read tcp [::1]:51804->[::1]:6379: i/o timeout
2025/12/22 11:49:52 read stream error: read tcp [::1]:51834->[::1]:6379: i/o timeout
2025/12/22 11:50:02 read stream error: read tcp [::1]:51855->[::1]:6379: i/o timeout
2025/12/22 11:50:13 read stream error: read tcp [::1]:51862->[::1]:6379: i/o timeout
2025/12/22 11:50:23 read stream error: read tcp [::1]:51880->[::1]:6379: i/o timeout
2025/12/22 11:50:33 read stream error: read tcp [::1]:51908->[::1]:6379: i/o timeout
2025/12/22 11:50:43 read stream error: read tcp [::1]:51925->[::1]:6379: i/o timeout
2025/12/22 11:50:53 read stream error: read tcp [::1]:51940->[::1]:6379: i/o timeout
2025/12/22 11:51:03 read stream error: read tcp [::1]:51951->[::1]:6379: i/o timeout
2025/12/22 11:51:13 read stream error: read tcp [::1]:51962->[::1]:6379: i/o timeout
2025/12/22 11:51:23 read stream error: read tcp [::1]:51975->[::1]:6379: i/o timeout
2025/12/22 11:51:33 read stream error: read tcp [::1]:52003->[::1]:6379: i/o timeout
2025/12/22 11:51:43 read stream error: read tcp [::1]:52018->[::1]:6379: i/o timeout
2025/12/22 11:51:53 read stream error: read tcp [::1]:52046->[::1]:6379: i/o timeout
2025/12/22 11:52:03 read stream error: read tcp [::1]:52064->[::1]:6379: i/o timeout
2025/12/22 11:52:13 read stream error: read tcp [::1]:52087->[::1]:6379: i/o timeout
2025/12/22 11:52:23 read stream error: read tcp [::1]:52103->[::1]:6379: i/o timeout
2025/12/22 11:52:33 read stream error: read tcp [::1]:52119->[::1]:6379: i/o timeout
2025/12/22 11:52:43 read stream error: read tcp [::1]:52133->[::1]:6379: i/o timeout
2025/12/22 11:52:53 read stream error: read tcp [::1]:52144->[::1]:6379: i/o timeout
2025/12/22 11:53:03 read stream error: read tcp [::1]:52167->[::1]:6379: i/o timeout
2025/12/22 11:53:13 read stream error: read tcp [::1]:52175->[::1]:6379: i/o timeout
2025/12/22 11:53:23 read stream error: read tcp [::1]:52189->[::1]:6379: i/o timeout
2025/12/22 11:53:33 read stream error: read tcp [::1]:52211->[::1]:6379: i/o timeout
2025/12/22 11:53:43 read stream error: read tcp [::1]:52235->[::1]:6379: i/o timeout
2025/12/22 11:53:53 read stream error: read tcp [::1]:52251->[::1]:6379: i/o timeout
2025/12/22 11:54:03 read stream error: read tcp [::1]:52278->[::1]:6379: i/o timeout
2025/12/22 11:54:13 read stream error: read tcp [::1]:52299->[::1]:6379: i/o timeout
2025/12/22 11:54:23 read stream error: read tcp [::1]:52317->[::1]:6379: i/o timeout
2025/12/22 11:54:33 read stream error: read tcp [::1]:52334->[::1]:6379: i/o timeout
2025/12/22 11:54:43 read stream error: read tcp [::1]:52362->[::1]:6379: i/o timeout
2025/12/22 11:54:53 read stream error: read tcp [::1]:52395->[::1]:6379: i/o timeout
2025/12/22 11:55:03 read stream error: read tcp [::1]:52415->[::1]:6379: i/o timeout
2025/12/22 11:55:13 read stream error: read tcp [::1]:52466->[::1]:6379: i/o timeout
2025/12/22 11:55:23 read stream error: read tcp [::1]:52511->[::1]:6379: i/o timeout
2025/12/22 11:55:33 read stream error: read tcp [::1]:52555->[::1]:6379: i/o timeout
2025/12/22 11:55:43 read stream error: read tcp [::1]:52599->[::1]:6379: i/o timeout
2025/12/22 11:55:53 read stream error: read tcp [::1]:52620->[::1]:6379: i/o timeout
2025/12/22 11:56:03 read stream error: read tcp [::1]:52639->[::1]:6379: i/o timeout
2025/12/22 11:56:13 read stream error: read tcp [::1]:52658->[::1]:6379: i/o timeout
2025/12/22 11:56:23 read stream error: read tcp [::1]:52683->[::1]:6379: i/o timeout
2025/12/22 11:56:33 read stream error: read tcp [::1]:52720->[::1]:6379: i/o timeout
2025/12/22 11:56:43 read stream error: read tcp [::1]:52733->[::1]:6379: i/o timeout
2025/12/22 11:56:53 read stream error: read tcp [::1]:52748->[::1]:6379: i/o timeout
2025/12/22 11:57:03 read stream error: read tcp [::1]:52772->[::1]:6379: i/o timeout
2025/12/22 11:57:13 read stream error: read tcp [::1]:52793->[::1]:6379: i/o timeout
2025/12/22 11:57:23 read stream error: read tcp [::1]:52812->[::1]:6379: i/o timeout
2025/12/22 11:57:33 read stream error: read tcp [::1]:52845->[::1]:6379: i/o timeout
2025/12/22 11:57:43 read stream error: read tcp [::1]:52861->[::1]:6379: i/o timeout
2025/12/22 11:57:53 read stream error: read tcp [::1]:52880->[::1]:6379: i/o timeout
2025/12/22 11:58:03 read stream error: read tcp [::1]:52900->[::1]:6379: i/o timeout
2025/12/22 11:58:13 read stream error: read tcp [::1]:52918->[::1]:6379: i/o timeout
2025/12/22 11:58:23 read stream error: read tcp [::1]:52935->[::1]:6379: i/o timeout
2025/12/22 11:58:33 read stream error: read tcp [::1]:52955->[::1]:6379: i/o timeout
2025/12/22 11:58:43 read stream error: read tcp [::1]:52978->[::1]:6379: i/o timeout
2025/12/22 11:58:53 read stream error: read tcp [::1]:52999->[::1]:6379: i/o timeout
2025/12/22 11:59:03 read stream error: read tcp [::1]:53025->[::1]:6379: i/o timeout
2025/12/22 11:59:13 read stream error: read tcp [::1]:53035->[::1]:6379: i/o timeout
2025/12/22 11:59:23 read stream error: read tcp [::1]:53051->[::1]:6379: i/o timeout
2025/12/22 11:59:33 read stream error: read tcp [::1]:53069->[::1]:6379: i/o timeout
2025/12/22 11:59:43 read stream error: read tcp [::1]:53083->[::1]:6379: i/o timeout
2025/12/22 11:59:53 read stream error: read tcp [::1]:53097->[::1]:6379: i/o timeout
2025/12/22 12:00:03 read stream error: read tcp [::1]:53116->[::1]:6379: i/o timeout
2025/12/22 12:00:13 read stream error: read tcp [::1]:53133->[::1]:6379: i/o timeout
2025/12/22 12:00:23 read stream error: read tcp [::1]:53151->[::1]:6379: i/o timeout
2025/12/22 12:00:33 read stream error: read tcp [::1]:53167->[::1]:6379: i/o timeout
2025/12/22 12:00:43 read stream error: read tcp [::1]:53177->[::1]:6379: i/o timeout
2025/12/22 12:00:53 read stream error: read tcp [::1]:53191->[::1]:6379: i/o timeout
2025/12/22 12:01:03 read stream error: read tcp [::1]:53205->[::1]:6379: i/o timeout
2025/12/22 12:01:13 read stream error: read tcp [::1]:53214->[::1]:6379: i/o timeout
2025/12/22 12:01:23 read stream error: read tcp [::1]:53229->[::1]:6379: i/o timeout
2025/12/22 12:01:33 read stream error: read tcp [::1]:53247->[::1]:6379: i/o timeout
2025/12/22 12:01:43 read stream error: read tcp [::1]:53259->[::1]:6379: i/o timeout
2025/12/22 12:01:53 read stream error: read tcp [::1]:53274->[::1]:6379: i/o timeout
2025/12/22 12:02:03 read stream error: read tcp [::1]:53289->[::1]:6379: i/o timeout
2025/12/22 12:02:13 read stream error: read tcp [::1]:53295->[::1]:6379: i/o timeout
2025/12/22 12:02:23 read stream error: read tcp [::1]:53309->[::1]:6379: i/o timeout
2025/12/22 12:02:33 read stream error: read tcp [::1]:53333->[::1]:6379: i/o timeout
2025/12/22 12:02:43 read stream error: read tcp [::1]:53341->[::1]:6379: i/o timeout
2025/12/22 12:02:53 read stream error: read tcp [::1]:53354->[::1]:6379: i/o timeout
2025/12/22 12:03:03 read stream error: read tcp [::1]:53369->[::1]:6379: i/o timeout
2025/12/22 12:03:13 read stream error: read tcp [::1]:53378->[::1]:6379: i/o timeout
2025/12/22 12:03:23 read stream error: read tcp [::1]:53391->[::1]:6379: i/o timeout
2025/12/22 12:03:33 read stream error: read tcp [::1]:53410->[::1]:6379: i/o timeout
2025/12/22 12:03:43 read stream error: read tcp [::1]:53419->[::1]:6379: i/o timeout
2025/12/22 12:03:53 read stream error: read tcp [::1]:53434->[::1]:6379: i/o timeout
2025/12/22 12:04:03 read stream error: read tcp [::1]:53449->[::1]:6379: i/o timeout
2025/12/22 12:04:13 read stream error: read tcp [::1]:53460->[::1]:6379: i/o timeout
2025/12/22 12:04:23 read stream error: read tcp [::1]:53473->[::1]:6379: i/o timeout
2025/12/22 12:04:33 read stream error: read tcp [::1]:53489->[::1]:6379: i/o timeout
2025/12/22 12:04:43 read stream error: read tcp [::1]:53498->[::1]:6379: i/o timeout
2025/12/22 12:04:53 read stream error: read tcp [::1]:53513->[::1]:6379: i/o timeout
2025/12/22 12:05:03 read stream error: read tcp [::1]:53526->[::1]:6379: i/o timeout
2025/12/22 12:05:13 read stream error: read tcp [::1]:53534->[::1]:6379: i/o timeout
2025/12/22 12:05:23 read stream error: read tcp [::1]:53547->[::1]:6379: i/o timeout
2025/12/22 12:05:33 read stream error: read tcp [::1]:53564->[::1]:6379: i/o timeout
2025/12/22 12:05:43 read stream error: read tcp [::1]:53575->[::1]:6379: i/o timeout
2025/12/22 12:05:53 read stream error: read tcp [::1]:53591->[::1]:6379: i/o timeout
2025/12/22 12:06:03 read stream error: read tcp [::1]:53603->[::1]:6379: i/o timeout
2025/12/22 12:06:13 read stream error: read tcp [::1]:53613->[::1]:6379: i/o timeout
2025/12/22 12:06:23 read stream error: read tcp [::1]:53624->[::1]:6379: i/o timeout
2025/12/22 12:06:33 read stream error: read tcp [::1]:53643->[::1]:6379: i/o timeout
2025/12/22 12:06:43 read stream error: read tcp [::1]:53652->[::1]:6379: i/o timeout
2025/12/22 12:06:53 read stream error: read tcp [::1]:53666->[::1]:6379: i/o timeout
2025/12/22 12:07:03 read stream error: read tcp [::1]:53680->[::1]:6379: i/o timeout
2025/12/22 12:07:13 read stream error: read tcp [::1]:53689->[::1]:6379: i/o timeout
2025/12/22 12:07:23 read stream error: read tcp [::1]:53703->[::1]:6379: i/o timeout
2025/12/22 12:07:33 read stream error: read tcp [::1]:53719->[::1]:6379: i/o timeout
2025/12/22 12:07:43 read stream error: read tcp [::1]:53729->[::1]:6379: i/o timeout
2025/12/22 12:07:53 read stream error: read tcp [::1]:53743->[::1]:6379: i/o timeout
2025/12/22 12:08:03 read stream error: read tcp [::1]:53756->[::1]:6379: i/o timeout
2025/12/22 12:08:13 read stream error: read tcp [::1]:53764->[::1]:6379: i/o timeout
2025/12/22 12:08:23 read stream error: read tcp [::1]:53776->[::1]:6379: i/o timeout
2025/12/22 12:08:33 read stream error: read tcp [::1]:53800->[::1]:6379: i/o timeout
2025/12/22 12:08:43 read stream error: read tcp [::1]:53815->[::1]:6379: i/o timeout
2025/12/22 12:08:53 read stream error: read tcp [::1]:53832->[::1]:6379: i/o timeout
2025/12/22 12:09:03 read stream error: read tcp [::1]:53849->[::1]:6379: i/o timeout
2025/12/22 12:09:13 read stream error: read tcp [::1]:53858->[::1]:6379: i/o timeout
2025/12/22 12:09:23 read stream error: read tcp [::1]:53872->[::1]:6379: i/o timeout
2025/12/22 12:09:33 read stream error: read tcp [::1]:53889->[::1]:6379: i/o timeout
2025/12/22 12:09:43 read stream error: read tcp [::1]:53903->[::1]:6379: i/o timeout
2025/12/22 12:09:53 read stream error: read tcp [::1]:53916->[::1]:6379: i/o timeout
2025/12/22 12:10:03 read stream error: read tcp [::1]:53926->[::1]:6379: i/o timeout
2025/12/22 12:10:13 read stream error: read tcp [::1]:53946->[::1]:6379: i/o timeout
2025/12/22 12:10:23 read stream error: read tcp [::1]:53967->[::1]:6379: i/o timeout
2025/12/22 12:10:33 read stream error: read tcp [::1]:53993->[::1]:6379: i/o timeout
2025/12/22 12:10:43 read stream error: read tcp [::1]:54013->[::1]:6379: i/o timeout
2025/12/22 12:10:53 read stream error: read tcp [::1]:54032->[::1]:6379: i/o timeout
2025/12/22 12:11:03 read stream error: read tcp [::1]:54049->[::1]:6379: i/o timeout
2025/12/22 12:11:13 read stream error: read tcp [::1]:54057->[::1]:6379: i/o timeout
2025/12/22 12:11:23 read stream error: read tcp [::1]:54073->[::1]:6379: i/o timeout
2025/12/22 12:11:33 read stream error: read tcp [::1]:54089->[::1]:6379: i/o timeout
2025/12/22 12:11:43 read stream error: read tcp [::1]:54111->[::1]:6379: i/o timeout
2025/12/22 12:11:53 read stream error: read tcp [::1]:54141->[::1]:6379: i/o timeout
2025/12/22 12:12:03 read stream error: read tcp [::1]:54166->[::1]:6379: i/o timeout
2025/12/22 12:12:13 read stream error: read tcp [::1]:54180->[::1]:6379: i/o timeout
2025/12/22 12:12:23 read stream error: read tcp [::1]:54195->[::1]:6379: i/o timeout
2025/12/22 12:12:33 read stream error: read tcp [::1]:54212->[::1]:6379: i/o timeout
2025/12/22 12:12:43 read stream error: read tcp [::1]:54229->[::1]:6379: i/o timeout
2025/12/22 12:12:53 read stream error: read tcp [::1]:54243->[::1]:6379: i/o timeout
2025/12/22 12:13:03 read stream error: read tcp [::1]:54271->[::1]:6379: i/o timeout
2025/12/22 12:13:13 read stream error: read tcp [::1]:54298->[::1]:6379: i/o timeout
2025/12/22 12:13:23 read stream error: read tcp [::1]:54353->[::1]:6379: i/o timeout
2025/12/22 12:13:33 read stream error: read tcp [::1]:54390->[::1]:6379: i/o timeout
2025/12/22 12:13:43 read stream error: read tcp [::1]:54428->[::1]:6379: i/o timeout
2025/12/22 12:13:53 read stream error: read tcp [::1]:54462->[::1]:6379: i/o timeout
2025/12/22 12:14:03 read stream error: read tcp [::1]:54503->[::1]:6379: i/o timeout
2025/12/22 12:14:13 read stream error: read tcp [::1]:54529->[::1]:6379: i/o timeout
2025/12/22 12:14:23 read stream error: read tcp [::1]:54553->[::1]:6379: i/o timeout
2025/12/22 12:14:33 read stream error: read tcp [::1]:54577->[::1]:6379: i/o timeout
2025/12/22 12:14:43 read stream error: read tcp [::1]:54593->[::1]:6379: i/o timeout
2025/12/22 12:14:53 read stream error: read tcp [::1]:54625->[::1]:6379: i/o timeout
2025/12/22 12:15:03 read stream error: read tcp [::1]:54644->[::1]:6379: i/o timeout
2025/12/22 12:15:13 read stream error: read tcp [::1]:54659->[::1]:6379: i/o timeout
2025/12/22 12:15:23 read stream error: read tcp [::1]:54682->[::1]:6379: i/o timeout
2025/12/22 12:15:33 read stream error: read tcp [::1]:54699->[::1]:6379: i/o timeout
2025/12/22 12:15:43 read stream error: read tcp [::1]:54711->[::1]:6379: i/o timeout
2025/12/22 12:15:53 read stream error: read tcp [::1]:54728->[::1]:6379: i/o timeout
2025/12/22 12:16:03 read stream error: read tcp [::1]:54744->[::1]:6379: i/o timeout
2025/12/22 12:16:13 read stream error: read tcp [::1]:54758->[::1]:6379: i/o timeout
2025/12/22 12:16:23 read stream error: read tcp [::1]:54774->[::1]:6379: i/o timeout
2025/12/22 12:16:33 read stream error: read tcp [::1]:54789->[::1]:6379: i/o timeout
2025/12/22 12:16:43 read stream error: read tcp [::1]:54805->[::1]:6379: i/o timeout
2025/12/22 12:16:53 read stream error: read tcp [::1]:54837->[::1]:6379: i/o timeout
2025/12/22 12:17:03 read stream error: read tcp [::1]:54851->[::1]:6379: i/o timeout
2025/12/22 12:17:13 read stream error: read tcp [::1]:54874->[::1]:6379: i/o timeout
2025/12/22 12:17:23 read stream error: read tcp [::1]:54892->[::1]:6379: i/o timeout
2025/12/22 12:17:33 read stream error: read tcp [::1]:54905->[::1]:6379: i/o timeout
2025/12/22 12:17:43 read stream error: read tcp [::1]:54926->[::1]:6379: i/o timeout
2025/12/22 12:17:53 read stream error: read tcp [::1]:54939->[::1]:6379: i/o timeout
2025/12/22 12:18:03 read stream error: read tcp [::1]:54956->[::1]:6379: i/o timeout
2025/12/22 12:18:13 read stream error: read tcp [::1]:54976->[::1]:6379: i/o timeout
2025/12/22 12:18:23 read stream error: read tcp [::1]:55009->[::1]:6379: i/o timeout
2025/12/22 12:18:33 read stream error: read tcp [::1]:55020->[::1]:6379: i/o timeout
2025/12/22 12:18:43 read stream error: read tcp [::1]:55052->[::1]:6379: i/o timeout
2025/12/22 12:18:53 read stream error: read tcp [::1]:55072->[::1]:6379: i/o timeout
2025/12/22 12:19:03 read stream error: read tcp [::1]:55111->[::1]:6379: i/o timeout
2025/12/22 12:19:13 read stream error: read tcp [::1]:55128->[::1]:6379: i/o timeout
2025/12/22 12:19:23 read stream error: read tcp [::1]:55149->[::1]:6379: i/o timeout
2025/12/22 12:19:33 read stream error: read tcp [::1]:55161->[::1]:6379: i/o timeout
2025/12/22 12:19:43 read stream error: read tcp [::1]:55174->[::1]:6379: i/o timeout
2025/12/22 12:19:53 read stream error: read tcp [::1]:55196->[::1]:6379: i/o timeout
2025/12/22 12:20:03 read stream error: read tcp [::1]:55209->[::1]:6379: i/o timeout
2025/12/22 12:20:13 read stream error: read tcp [::1]:55218->[::1]:6379: i/o timeout
2025/12/22 12:20:23 read stream error: read tcp [::1]:55233->[::1]:6379: i/o timeout
2025/12/22 12:20:33 read stream error: read tcp [::1]:55252->[::1]:6379: i/o timeout
2025/12/22 12:20:43 read stream error: read tcp [::1]:55263->[::1]:6379: i/o timeout
2025/12/22 12:20:53 read stream error: read tcp [::1]:55280->[::1]:6379: i/o timeout
2025/12/22 12:21:03 read stream error: read tcp [::1]:55291->[::1]:6379: i/o timeout
2025/12/22 12:21:13 read stream error: read tcp [::1]:55299->[::1]:6379: i/o timeout
2025/12/22 12:21:23 read stream error: read tcp [::1]:55315->[::1]:6379: i/o timeout
2025/12/22 12:21:33 read stream error: read tcp [::1]:55329->[::1]:6379: i/o timeout
2025/12/22 12:21:43 read stream error: read tcp [::1]:55341->[::1]:6379: i/o timeout
2025/12/22 12:21:53 read stream error: read tcp [::1]:55357->[::1]:6379: i/o timeout
2025/12/22 12:22:03 read stream error: read tcp [::1]:55371->[::1]:6379: i/o timeout
2025/12/22 12:22:13 read stream error: read tcp [::1]:55378->[::1]:6379: i/o timeout
2025/12/22 12:22:23 read stream error: read tcp [::1]:55403->[::1]:6379: i/o timeout
2025/12/22 12:22:33 read stream error: read tcp [::1]:55426->[::1]:6379: i/o timeout
2025/12/22 12:22:43 read stream error: read tcp [::1]:55459->[::1]:6379: i/o timeout
2025/12/22 12:22:53 read stream error: read tcp [::1]:55491->[::1]:6379: i/o timeout
2025/12/22 12:23:03 read stream error: read tcp [::1]:55514->[::1]:6379: i/o timeout
2025/12/22 12:23:13 read stream error: read tcp [::1]:55544->[::1]:6379: i/o timeout
2025/12/22 12:23:23 read stream error: read tcp [::1]:55579->[::1]:6379: i/o timeout
2025/12/22 12:23:33 read stream error: read tcp [::1]:55608->[::1]:6379: i/o timeout
2025/12/22 12:23:43 read stream error: read tcp [::1]:55637->[::1]:6379: i/o timeout
2025/12/22 12:23:53 read stream error: read tcp [::1]:55658->[::1]:6379: i/o timeout
2025/12/22 12:24:03 read stream error: read tcp [::1]:55674->[::1]:6379: i/o timeout
2025/12/22 12:24:13 read stream error: read tcp [::1]:55699->[::1]:6379: i/o timeout
2025/12/22 12:24:23 read stream error: read tcp [::1]:55723->[::1]:6379: i/o timeout
2025/12/22 12:24:33 read stream error: read tcp [::1]:55736->[::1]:6379: i/o timeout
2025/12/22 12:24:43 read stream error: read tcp [::1]:55752->[::1]:6379: i/o timeout
2025/12/22 12:24:53 read stream error: read tcp [::1]:55769->[::1]:6379: i/o timeout
2025/12/22 12:25:03 read stream error: read tcp [::1]:55781->[::1]:6379: i/o timeout
2025/12/22 12:25:13 read stream error: read tcp [::1]:55790->[::1]:6379: i/o timeout
2025/12/22 12:25:23 read stream error: read tcp [::1]:55807->[::1]:6379: i/o timeout
2025/12/22 12:25:33 read stream error: read tcp [::1]:55818->[::1]:6379: i/o timeout
2025/12/22 12:25:43 read stream error: read tcp [::1]:55830->[::1]:6379: i/o timeout
2025/12/22 12:25:53 read stream error: read tcp [::1]:55847->[::1]:6379: i/o timeout
2025/12/22 12:26:03 read stream error: read tcp [::1]:55858->[::1]:6379: i/o timeout
2025/12/22 12:26:13 read stream error: read tcp [::1]:55865->[::1]:6379: i/o timeout
2025/12/22 12:26:23 read stream error: read tcp [::1]:55880->[::1]:6379: i/o timeout
2025/12/22 12:26:33 read stream error: read tcp [::1]:55902->[::1]:6379: i/o timeout
2025/12/22 12:26:43 read stream error: read tcp [::1]:55929->[::1]:6379: i/o timeout
2025/12/22 12:26:53 read stream error: read tcp [::1]:55961->[::1]:6379: i/o timeout
2025/12/22 12:27:03 read stream error: read tcp [::1]:55995->[::1]:6379: i/o timeout
2025/12/22 12:27:13 read stream error: read tcp [::1]:56005->[::1]:6379: i/o timeout
2025/12/22 12:27:23 read stream error: read tcp [::1]:56028->[::1]:6379: i/o timeout
2025/12/22 12:27:33 read stream error: read tcp [::1]:56042->[::1]:6379: i/o timeout
2025/12/22 12:27:43 read stream error: read tcp [::1]:56064->[::1]:6379: i/o timeout
2025/12/22 12:27:53 read stream error: read tcp [::1]:56116->[::1]:6379: i/o timeout
2025/12/22 12:28:03 read stream error: read tcp [::1]:56143->[::1]:6379: i/o timeout
2025/12/22 12:28:13 read stream error: read tcp [::1]:56164->[::1]:6379: i/o timeout
2025/12/22 12:28:23 read stream error: read tcp [::1]:56178->[::1]:6379: i/o timeout
2025/12/22 12:28:33 read stream error: read tcp [::1]:56199->[::1]:6379: i/o timeout
2025/12/22 12:28:43 read stream error: read tcp [::1]:56213->[::1]:6379: i/o timeout
2025/12/22 12:28:53 read stream error: read tcp [::1]:56231->[::1]:6379: i/o timeout
2025/12/22 12:29:03 read stream error: read tcp [::1]:56245->[::1]:6379: i/o timeout
2025/12/22 12:29:13 read stream error: read tcp [::1]:56253->[::1]:6379: i/o timeout
2025/12/22 12:29:23 read stream error: read tcp [::1]:56273->[::1]:6379: i/o timeout
2025/12/22 12:29:33 read stream error: read tcp [::1]:56289->[::1]:6379: i/o timeout
2025/12/22 12:29:43 read stream error: read tcp [::1]:56301->[::1]:6379: i/o timeout
2025/12/22 12:29:53 read stream error: read tcp [::1]:56314->[::1]:6379: i/o timeout
2025/12/22 12:30:03 read stream error: read tcp [::1]:56329->[::1]:6379: i/o timeout
2025/12/22 12:30:13 read stream error: read tcp [::1]:56338->[::1]:6379: i/o timeout
2025/12/22 12:30:23 read stream error: read tcp [::1]:56353->[::1]:6379: i/o timeout
2025/12/22 12:30:33 read stream error: read tcp [::1]:56363->[::1]:6379: i/o timeout
2025/12/22 12:30:43 read stream error: read tcp [::1]:56375->[::1]:6379: i/o timeout
2025/12/22 12:30:53 read stream error: read tcp [::1]:56388->[::1]:6379: i/o timeout
2025/12/22 12:31:03 read stream error: read tcp [::1]:56403->[::1]:6379: i/o timeout
2025/12/22 12:31:13 read stream error: read tcp [::1]:56411->[::1]:6379: i/o timeout
2025/12/22 12:31:23 read stream error: read tcp [::1]:56425->[::1]:6379: i/o timeout
2025/12/22 12:31:33 read stream error: read tcp [::1]:56437->[::1]:6379: i/o timeout
2025/12/22 12:31:43 read stream error: read tcp [::1]:56448->[::1]:6379: i/o timeout
2025/12/22 12:31:53 read stream error: read tcp [::1]:56461->[::1]:6379: i/o timeout
2025/12/22 12:32:03 read stream error: read tcp [::1]:56475->[::1]:6379: i/o timeout
2025/12/22 12:32:13 read stream error: read tcp [::1]:56483->[::1]:6379: i/o timeout
2025/12/22 12:32:23 read stream error: read tcp [::1]:56496->[::1]:6379: i/o timeout
2025/12/22 12:32:33 read stream error: read tcp [::1]:56517->[::1]:6379: i/o timeout
2025/12/22 12:32:43 read stream error: read tcp [::1]:56535->[::1]:6379: i/o timeout
2025/12/22 12:32:53 read stream error: read tcp [::1]:56557->[::1]:6379: i/o timeout
2025/12/22 12:33:03 read stream error: read tcp [::1]:56571->[::1]:6379: i/o timeout
2025/12/22 12:33:13 read stream error: read tcp [::1]:56581->[::1]:6379: i/o timeout
2025/12/22 12:33:23 read stream error: read tcp [::1]:56596->[::1]:6379: i/o timeout
2025/12/22 12:33:33 read stream error: read tcp [::1]:56607->[::1]:6379: i/o timeout
2025/12/22 12:33:43 read stream error: read tcp [::1]:56620->[::1]:6379: i/o timeout
2025/12/22 12:33:53 read stream error: read tcp [::1]:56638->[::1]:6379: i/o timeout
2025/12/22 12:34:03 read stream error: read tcp [::1]:56652->[::1]:6379: i/o timeout
2025/12/22 12:34:13 read stream error: read tcp [::1]:56659->[::1]:6379: i/o timeout
2025/12/22 12:34:23 read stream error: read tcp [::1]:56671->[::1]:6379: i/o timeout
2025/12/22 12:34:33 read stream error: read tcp [::1]:56682->[::1]:6379: i/o timeout
2025/12/22 12:34:43 read stream error: read tcp [::1]:56694->[::1]:6379: i/o timeout
2025/12/22 12:34:53 read stream error: read tcp [::1]:56727->[::1]:6379: i/o timeout
2025/12/22 12:35:03 read stream error: read tcp [::1]:56746->[::1]:6379: i/o timeout
2025/12/22 12:35:13 read stream error: read tcp [::1]:56756->[::1]:6379: i/o timeout
2025/12/22 12:35:23 read stream error: read tcp [::1]:56781->[::1]:6379: i/o timeout
2025/12/22 12:35:34 read stream error: read tcp [::1]:56794->[::1]:6379: i/o timeout
2025/12/22 12:35:44 read stream error: read tcp [::1]:56809->[::1]:6379: i/o timeout
2025/12/22 12:35:54 read stream error: read tcp [::1]:56828->[::1]:6379: i/o timeout
2025/12/22 12:36:04 read stream error: read tcp [::1]:56846->[::1]:6379: i/o timeout
2025/12/22 12:36:14 read stream error: read tcp [::1]:56857->[::1]:6379: i/o timeout
2025/12/22 12:36:24 read stream error: read tcp [::1]:56873->[::1]:6379: i/o timeout
2025/12/22 12:36:34 read stream error: read tcp [::1]:56886->[::1]:6379: i/o timeout
2025/12/22 12:36:44 read stream error: read tcp [::1]:56900->[::1]:6379: i/o timeout
2025/12/22 12:36:54 read stream error: read tcp [::1]:56917->[::1]:6379: i/o timeout
2025/12/22 12:37:04 read stream error: read tcp [::1]:56932->[::1]:6379: i/o timeout
2025/12/22 12:37:14 read stream error: read tcp [::1]:56943->[::1]:6379: i/o timeout
2025/12/22 12:37:24 read stream error: read tcp [::1]:56960->[::1]:6379: i/o timeout
2025/12/22 12:37:34 read stream error: read tcp [::1]:56973->[::1]:6379: i/o timeout
2025/12/22 12:37:44 read stream error: read tcp [::1]:56987->[::1]:6379: i/o timeout
2025/12/22 12:37:54 read stream error: read tcp [::1]:57005->[::1]:6379: i/o timeout
2025/12/22 12:38:04 read stream error: read tcp [::1]:57017->[::1]:6379: i/o timeout
2025/12/22 12:38:14 read stream error: read tcp [::1]:57028->[::1]:6379: i/o timeout
2025/12/22 12:38:24 read stream error: read tcp [::1]:57047->[::1]:6379: i/o timeout
2025/12/22 12:38:34 read stream error: read tcp [::1]:57063->[::1]:6379: i/o timeout
2025/12/22 12:38:44 read stream error: read tcp [::1]:57077->[::1]:6379: i/o timeout
2025/12/22 12:38:54 read stream error: read tcp [::1]:57093->[::1]:6379: i/o timeout
2025/12/22 12:39:04 read stream error: read tcp [::1]:57104->[::1]:6379: i/o timeout
2025/12/22 12:39:14 read stream error: read tcp [::1]:57116->[::1]:6379: i/o timeout
2025/12/22 12:39:24 read stream error: read tcp [::1]:57129->[::1]:6379: i/o timeout
2025/12/22 12:39:34 read stream error: read tcp [::1]:57140->[::1]:6379: i/o timeout
2025/12/22 12:39:44 read stream error: read tcp [::1]:57153->[::1]:6379: i/o timeout
2025/12/22 12:39:54 read stream error: read tcp [::1]:57172->[::1]:6379: i/o timeout
2025/12/22 12:40:04 read stream error: read tcp [::1]:57182->[::1]:6379: i/o timeout
2025/12/22 12:40:14 read stream error: read tcp [::1]:57197->[::1]:6379: i/o timeout
2025/12/22 12:40:24 read stream error: read tcp [::1]:57215->[::1]:6379: i/o timeout
2025/12/22 12:40:34 read stream error: read tcp [::1]:57226->[::1]:6379: i/o timeout
2025/12/22 12:40:44 read stream error: read tcp [::1]:57238->[::1]:6379: i/o timeout
2025/12/22 12:40:54 read stream error: read tcp [::1]:57258->[::1]:6379: i/o timeout
2025/12/22 12:41:04 read stream error: read tcp [::1]:57270->[::1]:6379: i/o timeout
2025/12/22 12:41:14 read stream error: read tcp [::1]:57280->[::1]:6379: i/o timeout
2025/12/22 12:41:24 read stream error: read tcp [::1]:57302->[::1]:6379: i/o timeout
2025/12/22 12:41:34 read stream error: read tcp [::1]:57316->[::1]:6379: i/o timeout
2025/12/22 12:41:44 read stream error: read tcp [::1]:57328->[::1]:6379: i/o timeout
2025/12/22 12:41:54 read stream error: read tcp [::1]:57347->[::1]:6379: i/o timeout
2025/12/22 12:42:04 read stream error: read tcp [::1]:57358->[::1]:6379: i/o timeout
2025/12/22 12:42:14 read stream error: read tcp [::1]:57367->[::1]:6379: i/o timeout
2025/12/22 12:42:24 read stream error: read tcp [::1]:57387->[::1]:6379: i/o timeout
2025/12/22 12:42:34 read stream error: read tcp [::1]:57400->[::1]:6379: i/o timeout
2025/12/22 12:42:44 read stream error: read tcp [::1]:57414->[::1]:6379: i/o timeout
2025/12/22 12:42:54 read stream error: read tcp [::1]:57432->[::1]:6379: i/o timeout
2025/12/22 12:43:04 read stream error: read tcp [::1]:57442->[::1]:6379: i/o timeout
2025/12/22 12:43:14 read stream error: read tcp [::1]:57452->[::1]:6379: i/o timeout
2025/12/22 12:43:24 read stream error: read tcp [::1]:57468->[::1]:6379: i/o timeout
2025/12/22 12:43:34 read stream error: read tcp [::1]:57480->[::1]:6379: i/o timeout
2025/12/22 12:43:44 read stream error: read tcp [::1]:57493->[::1]:6379: i/o timeout
2025/12/22 12:43:54 read stream error: read tcp [::1]:57509->[::1]:6379: i/o timeout
2025/12/22 12:44:04 read stream error: read tcp [::1]:57525->[::1]:6379: i/o timeout
2025/12/22 12:44:14 read stream error: read tcp [::1]:57533->[::1]:6379: i/o timeout
2025/12/22 12:44:24 read stream error: read tcp [::1]:57552->[::1]:6379: i/o timeout
2025/12/22 12:44:34 read stream error: read tcp [::1]:57564->[::1]:6379: i/o timeout
2025/12/22 12:44:44 read stream error: read tcp [::1]:57574->[::1]:6379: i/o timeout
2025/12/22 12:44:54 read stream error: read tcp [::1]:57591->[::1]:6379: i/o timeout
2025/12/22 12:45:04 read stream error: read tcp [::1]:57603->[::1]:6379: i/o timeout
2025/12/22 12:45:14 read stream error: read tcp [::1]:57611->[::1]:6379: i/o timeout
2025/12/22 12:45:24 read stream error: read tcp [::1]:57624->[::1]:6379: i/o timeout
2025/12/22 12:45:34 read stream error: read tcp [::1]:57637->[::1]:6379: i/o timeout
2025/12/22 12:45:44 read stream error: read tcp [::1]:57647->[::1]:6379: i/o timeout
2025/12/22 12:45:54 read stream error: read tcp [::1]:57668->[::1]:6379: i/o timeout
2025/12/22 12:46:04 read stream error: read tcp [::1]:57681->[::1]:6379: i/o timeout
2025/12/22 12:46:14 read stream error: read tcp [::1]:57688->[::1]:6379: i/o timeout
2025/12/22 12:46:24 read stream error: read tcp [::1]:57710->[::1]:6379: i/o timeout
2025/12/22 12:46:34 read stream error: read tcp [::1]:57723->[::1]:6379: i/o timeout
2025/12/22 12:46:44 read stream error: read tcp [::1]:57736->[::1]:6379: i/o timeout
2025/12/22 12:46:54 read stream error: read tcp [::1]:57753->[::1]:6379: i/o timeout
2025/12/22 12:47:04 read stream error: read tcp [::1]:57764->[::1]:6379: i/o timeout
2025/12/22 12:47:14 read stream error: read tcp [::1]:57775->[::1]:6379: i/o timeout
2025/12/22 12:47:24 read stream error: read tcp [::1]:57796->[::1]:6379: i/o timeout
2025/12/22 12:47:34 read stream error: read tcp [::1]:57810->[::1]:6379: i/o timeout
2025/12/22 12:47:44 read stream error: read tcp [::1]:57824->[::1]:6379: i/o timeout
2025/12/22 12:47:54 read stream error: read tcp [::1]:57842->[::1]:6379: i/o timeout
2025/12/22 12:48:04 read stream error: read tcp [::1]:57856->[::1]:6379: i/o timeout
2025/12/22 12:48:14 read stream error: read tcp [::1]:57866->[::1]:6379: i/o timeout
2025/12/22 12:48:24 read stream error: read tcp [::1]:57882->[::1]:6379: i/o timeout
2025/12/22 12:48:34 read stream error: read tcp [::1]:57893->[::1]:6379: i/o timeout
2025/12/22 12:48:44 read stream error: read tcp [::1]:57915->[::1]:6379: i/o timeout
2025/12/22 12:48:54 read stream error: read tcp [::1]:57950->[::1]:6379: i/o timeout
2025/12/22 12:49:04 read stream error: read tcp [::1]:57967->[::1]:6379: i/o timeout
2025/12/22 12:49:14 read stream error: read tcp [::1]:57976->[::1]:6379: i/o timeout
2025/12/22 12:49:24 read stream error: read tcp [::1]:57991->[::1]:6379: i/o timeout
2025/12/22 12:49:34 read stream error: read tcp [::1]:58007->[::1]:6379: i/o timeout
2025/12/22 12:49:44 read stream error: read tcp [::1]:58020->[::1]:6379: i/o timeout
2025/12/22 12:49:54 read stream error: read tcp [::1]:58040->[::1]:6379: i/o timeout
2025/12/22 12:50:04 read stream error: read tcp [::1]:58054->[::1]:6379: i/o timeout
